# JRE version: Java(TM) SE Runtime Environment (8.0_271-b09) (build 1.8.0_271-b09)
# Java VM: Java HotSpot(TM) 64-Bit Server VM (25.271-b09 mixed mode bsd-amd64 compressed oops)
Heap:
 PSYoungGen      total 676352K, used 75912K [0x0000000792300000, 0x00000007c0000000, 0x00000007c0000000)
  eden space 602112K, 5% used [0x0000000792300000,0x00000007944fc8f8,0x00000007b6f00000)
  from space 74240K, 55% used [0x00000007b6f00000,0x00000007b9725ae0,0x00000007bb780000)
  to   space 73728K, 0% used [0x00000007bb800000,0x00000007bb800000,0x00000007c0000000)
 ParOldGen       total 740352K, used 105908K [0x0000000736800000, 0x0000000763b00000, 0x0000000792300000)
  object space 740352K, 14% used [0x0000000736800000,0x000000073cf6d2d8,0x0000000763b00000)
 Metaspace       used 91991K, capacity 95574K, committed 95784K, reserved 1134592K
  class space    used 10523K, capacity 11265K, committed 11312K, reserved 1048576K
GC Heap History (10 events):
Event: 16.503 GC heap before
{Heap before GC invocations=8 (full 2):
 PSYoungGen      total 473088K, used 333239K [0x0000000792300000, 0x00000007c0000000, 0x00000007c0000000)
  eden space 430592K, 74% used [0x0000000792300000,0x00000007a5c186d8,0x00000007ac780000)
  from space 42496K, 29% used [0x00000007ac780000,0x00000007ad3d57d8,0x00000007af100000)
  to   space 67584K, 0% used [0x00000007bbe00000,0x00000007bbe00000,0x00000007c0000000)
 ParOldGen       total 683008K, used 69435K [0x0000000736800000, 0x0000000760300000, 0x0000000792300000)
  object space 683008K, 10% used [0x0000000736800000,0x000000073abced70,0x0000000760300000)
 Metaspace       used 58343K, capacity 58928K, committed 59160K, reserved 1101824K
  class space    used 6596K, capacity 6736K, committed 6832K, reserved 1048576K
Event: 16.511 GC heap after
Heap after GC invocations=8 (full 2):
 PSYoungGen      total 687104K, used 16241K [0x0000000792300000, 0x00000007c0000000, 0x00000007c0000000)
  eden space 619520K, 0% used [0x0000000792300000,0x0000000792300000,0x00000007b8000000)
  from space 67584K, 24% used [0x00000007bbe00000,0x00000007bcddc450,0x00000007c0000000)
  to   space 63488K, 0% used [0x00000007b8000000,0x00000007b8000000,0x00000007bbe00000)
 ParOldGen       total 683008K, used 69443K [0x0000000736800000, 0x0000000760300000, 0x0000000792300000)
  object space 683008K, 10% used [0x0000000736800000,0x000000073abd0d70,0x0000000760300000)
 Metaspace       used 58343K, capacity 58928K, committed 59160K, reserved 1101824K
  class space    used 6596K, capacity 6736K, committed 6832K, reserved 1048576K
}
Event: 16.511 GC heap before
{Heap before GC invocations=9 (full 3):
 PSYoungGen      total 687104K, used 16241K [0x0000000792300000, 0x00000007c0000000, 0x00000007c0000000)
  eden space 619520K, 0% used [0x0000000792300000,0x0000000792300000,0x00000007b8000000)
  from space 67584K, 24% used [0x00000007bbe00000,0x00000007bcddc450,0x00000007c0000000)
  to   space 63488K, 0% used [0x00000007b8000000,0x00000007b8000000,0x00000007bbe00000)
 ParOldGen       total 683008K, used 69443K [0x0000000736800000, 0x0000000760300000, 0x0000000792300000)
  object space 683008K, 10% used [0x0000000736800000,0x000000073abd0d70,0x0000000760300000)
 Metaspace       used 58343K, capacity 58928K, committed 59160K, reserved 1101824K
  class space    used 6596K, capacity 6736K, committed 6832K, reserved 1048576K
Event: 16.584 GC heap after
Heap after GC invocations=9 (full 3):
 PSYoungGen      total 687104K, used 0K [0x0000000792300000, 0x00000007c0000000, 0x00000007c0000000)
  eden space 619520K, 0% used [0x0000000792300000,0x0000000792300000,0x00000007b8000000)
  from space 67584K, 0% used [0x00000007bbe00000,0x00000007bbe00000,0x00000007c0000000)
  to   space 63488K, 0% used [0x00000007b8000000,0x00000007b8000000,0x00000007bbe00000)
 ParOldGen       total 740352K, used 81308K [0x0000000736800000, 0x0000000763b00000, 0x0000000792300000)
  object space 740352K, 10% used [0x0000000736800000,0x000000073b7672b8,0x0000000763b00000)
 Metaspace       used 58343K, capacity 58928K, committed 59160K, reserved 1101824K
  class space    used 6596K, capacity 6736K, committed 6832K, reserved 1048576K
}
Event: 24.668 GC heap before
{Heap before GC invocations=10 (full 3):
 PSYoungGen      total 687104K, used 619520K [0x0000000792300000, 0x00000007c0000000, 0x00000007c0000000)
  eden space 619520K, 100% used [0x0000000792300000,0x00000007b8000000,0x00000007b8000000)
  from space 67584K, 0% used [0x00000007bbe00000,0x00000007bbe00000,0x00000007c0000000)
  to   space 63488K, 0% used [0x00000007b8000000,0x00000007b8000000,0x00000007bbe00000)
 ParOldGen       total 740352K, used 81308K [0x0000000736800000, 0x0000000763b00000, 0x0000000792300000)
  object space 740352K, 10% used [0x0000000736800000,0x000000073b7672b8,0x0000000763b00000)
 Metaspace       used 87744K, capacity 89554K, committed 89768K, reserved 1128448K
  class space    used 9989K, capacity 10355K, committed 10416K, reserved 1048576K
Event: 24.692 GC heap after
Heap after GC invocations=10 (full 3):
 PSYoungGen      total 683008K, used 35579K [0x0000000792300000, 0x00000007bfc00000, 0x00000007c0000000)
  eden space 619520K, 0% used [0x0000000792300000,0x0000000792300000,0x00000007b8000000)
  from space 63488K, 56% used [0x00000007b8000000,0x00000007ba2bedf8,0x00000007bbe00000)
  to   space 63488K, 0% used [0x00000007bbe00000,0x00000007bbe00000,0x00000007bfc00000)
 ParOldGen       total 740352K, used 81316K [0x0000000736800000, 0x0000000763b00000, 0x0000000792300000)
  object space 740352K, 10% used [0x0000000736800000,0x000000073b7692b8,0x0000000763b00000)
 Metaspace       used 87744K, capacity 89554K, committed 89768K, reserved 1128448K
  class space    used 9989K, capacity 10355K, committed 10416K, reserved 1048576K
}
Event: 26.812 GC heap before
{Heap before GC invocations=11 (full 3):
 PSYoungGen      total 683008K, used 655099K [0x0000000792300000, 0x00000007bfc00000, 0x00000007c0000000)
  eden space 619520K, 100% used [0x0000000792300000,0x00000007b8000000,0x00000007b8000000)
  from space 63488K, 56% used [0x00000007b8000000,0x00000007ba2bedf8,0x00000007bbe00000)
  to   space 63488K, 0% used [0x00000007bbe00000,0x00000007bbe00000,0x00000007bfc00000)
 ParOldGen       total 740352K, used 81316K [0x0000000736800000, 0x0000000763b00000, 0x0000000792300000)
  object space 740352K, 10% used [0x0000000736800000,0x000000073b7692b8,0x0000000763b00000)
 Metaspace       used 90687K, capacity 93800K, committed 93992K, reserved 1132544K
  class space    used 10354K, capacity 11008K, committed 11056K, reserved 1048576K
Event: 26.843 GC heap after
Heap after GC invocations=11 (full 3):
 PSYoungGen      total 665600K, used 61630K [0x0000000792300000, 0x00000007c0000000, 0x00000007c0000000)
  eden space 602112K, 0% used [0x0000000792300000,0x0000000792300000,0x00000007b6f00000)
  from space 63488K, 97% used [0x00000007bbe00000,0x00000007bfa2fb10,0x00000007bfc00000)
  to   space 74240K, 0% used [0x00000007b6f00000,0x00000007b6f00000,0x00000007bb780000)
 ParOldGen       total 740352K, used 105900K [0x0000000736800000, 0x0000000763b00000, 0x0000000792300000)
  object space 740352K, 14% used [0x0000000736800000,0x000000073cf6b2d8,0x0000000763b00000)
 Metaspace       used 90687K, capacity 93800K, committed 93992K, reserved 1132544K
  class space    used 10354K, capacity 11008K, committed 11056K, reserved 1048576K
}
Event: 27.960 GC heap before
{Heap before GC invocations=12 (full 3):
 PSYoungGen      total 665600K, used 663742K [0x0000000792300000, 0x00000007c0000000, 0x00000007c0000000)
  eden space 602112K, 100% used [0x0000000792300000,0x00000007b6f00000,0x00000007b6f00000)
  from space 63488K, 97% used [0x00000007bbe00000,0x00000007bfa2fb10,0x00000007bfc00000)
  to   space 74240K, 0% used [0x00000007b6f00000,0x00000007b6f00000,0x00000007bb780000)
 ParOldGen       total 740352K, used 105900K [0x0000000736800000, 0x0000000763b00000, 0x0000000792300000)
  object space 740352K, 14% used [0x0000000736800000,0x000000073cf6b2d8,0x0000000763b00000)
 Metaspace       used 91957K, capacity 95574K, committed 95784K, reserved 1134592K
  class space    used 10523K, capacity 11265K, committed 11312K, reserved 1048576K
Event: 27.983 GC heap after
Heap after GC invocations=12 (full 3):
 PSYoungGen      total 676352K, used 41110K [0x0000000792300000, 0x00000007c0000000, 0x00000007c0000000)
  eden space 602112K, 0% used [0x0000000792300000,0x0000000792300000,0x00000007b6f00000)
  from space 74240K, 55% used [0x00000007b6f00000,0x00000007b9725ae0,0x00000007bb780000)
  to   space 73728K, 0% used [0x00000007bb800000,0x00000007bb800000,0x00000007c0000000)
 ParOldGen       total 740352K, used 105908K [0x0000000736800000, 0x0000000763b00000, 0x0000000792300000)
  object space 740352K, 14% used [0x0000000736800000,0x000000073cf6d2d8,0x0000000763b00000)
 Metaspace       used 91957K, capacity 95574K, committed 95784K, reserved 1134592K
  class space    used 10523K, capacity 11265K, committed 11312K, reserved 1048576K
}

