# JRE version: Java(TM) SE Runtime Environment (8.0_401) (build 1.8.0_401-b10)
# Java VM: Java HotSpot(TM) 64-Bit Server VM (25.401-b10 mixed mode bsd-aarch64 compressed oops)
Heap:
 PSYoungGen      total 675328K, used 63674K [0x0000000792300000, 0x00000007bf600000, 0x00000007c0000000)
  eden space 624640K, 6% used [0x0000000792300000,0x0000000794cad088,0x00000007b8500000)
  from space 50688K, 41% used [0x00000007bc480000,0x00000007bd901a58,0x00000007bf600000)
  to   space 57856K, 0% used [0x00000007b8500000,0x00000007b8500000,0x00000007bbd80000)
 ParOldGen       total 874496K, used 80950K [0x0000000736800000, 0x000000076be00000, 0x0000000792300000)
  object space 874496K, 9% used [0x0000000736800000,0x000000073b70d9b8,0x000000076be00000)
 Metaspace       used 88962K, capacity 90724K, committed 90928K, reserved 1130496K
  class space    used 10142K, capacity 10532K, committed 10544K, reserved 1048576K
GC Heap History (10 events):
Event: 5.405 GC heap before
{Heap before GC invocations=7 (full 2):
 PSYoungGen      total 437760K, used 395264K [0x0000000792300000, 0x00000007b0b00000, 0x00000007c0000000)
  eden space 395264K, 100% used [0x0000000792300000,0x00000007aa500000,0x00000007aa500000)
  from space 42496K, 0% used [0x00000007ace80000,0x00000007ace80000,0x00000007af800000)
  to   space 42496K, 0% used [0x00000007aa500000,0x00000007aa500000,0x00000007ace80000)
 ParOldGen       total 683008K, used 71080K [0x0000000736800000, 0x0000000760300000, 0x0000000792300000)
  object space 683008K, 10% used [0x0000000736800000,0x000000073ad6a2f8,0x0000000760300000)
 Metaspace       used 46679K, capacity 47220K, committed 47408K, reserved 1091584K
  class space    used 5440K, capacity 5574K, committed 5680K, reserved 1048576K
Event: 5.408 GC heap after
Heap after GC invocations=7 (full 2):
 PSYoungGen      total 437760K, used 14741K [0x0000000792300000, 0x00000007be680000, 0x00000007c0000000)
  eden space 395264K, 0% used [0x0000000792300000,0x0000000792300000,0x00000007aa500000)
  from space 42496K, 34% used [0x00000007aa500000,0x00000007ab3656d0,0x00000007ace80000)
  to   space 68096K, 0% used [0x00000007ba400000,0x00000007ba400000,0x00000007be680000)
 ParOldGen       total 683008K, used 71088K [0x0000000736800000, 0x0000000760300000, 0x0000000792300000)
  object space 683008K, 10% used [0x0000000736800000,0x000000073ad6c2f8,0x0000000760300000)
 Metaspace       used 46679K, capacity 47220K, committed 47408K, reserved 1091584K
  class space    used 5440K, capacity 5574K, committed 5680K, reserved 1048576K
}
Event: 7.270 GC heap before
{Heap before GC invocations=8 (full 2):
 PSYoungGen      total 437760K, used 271054K [0x0000000792300000, 0x00000007be680000, 0x00000007c0000000)
  eden space 395264K, 64% used [0x0000000792300000,0x00000007a1d4e3f0,0x00000007aa500000)
  from space 42496K, 34% used [0x00000007aa500000,0x00000007ab3656d0,0x00000007ace80000)
  to   space 68096K, 0% used [0x00000007ba400000,0x00000007ba400000,0x00000007be680000)
 ParOldGen       total 683008K, used 71088K [0x0000000736800000, 0x0000000760300000, 0x0000000792300000)
  object space 683008K, 10% used [0x0000000736800000,0x000000073ad6c2f8,0x0000000760300000)
 Metaspace       used 58475K, capacity 59040K, committed 59184K, reserved 1101824K
  class space    used 6626K, capacity 6760K, committed 6832K, reserved 1048576K
Event: 7.275 GC heap after
Heap after GC invocations=8 (full 2):
 PSYoungGen      total 606208K, used 14164K [0x0000000792300000, 0x00000007bcb00000, 0x00000007c0000000)
  eden space 566272K, 0% used [0x0000000792300000,0x0000000792300000,0x00000007b4c00000)
  from space 39936K, 35% used [0x00000007ba400000,0x00000007bb1d5340,0x00000007bcb00000)
  to   space 65024K, 0% used [0x00000007b4c00000,0x00000007b4c00000,0x00000007b8b80000)
 ParOldGen       total 683008K, used 71096K [0x0000000736800000, 0x0000000760300000, 0x0000000792300000)
  object space 683008K, 10% used [0x0000000736800000,0x000000073ad6e2f8,0x0000000760300000)
 Metaspace       used 58475K, capacity 59040K, committed 59184K, reserved 1101824K
  class space    used 6626K, capacity 6760K, committed 6832K, reserved 1048576K
}
Event: 7.275 GC heap before
{Heap before GC invocations=9 (full 3):
 PSYoungGen      total 606208K, used 14164K [0x0000000792300000, 0x00000007bcb00000, 0x00000007c0000000)
  eden space 566272K, 0% used [0x0000000792300000,0x0000000792300000,0x00000007b4c00000)
  from space 39936K, 35% used [0x00000007ba400000,0x00000007bb1d5340,0x00000007bcb00000)
  to   space 65024K, 0% used [0x00000007b4c00000,0x00000007b4c00000,0x00000007b8b80000)
 ParOldGen       total 683008K, used 71096K [0x0000000736800000, 0x0000000760300000, 0x0000000792300000)
  object space 683008K, 10% used [0x0000000736800000,0x000000073ad6e2f8,0x0000000760300000)
 Metaspace       used 58475K, capacity 59040K, committed 59184K, reserved 1101824K
  class space    used 6626K, capacity 6760K, committed 6832K, reserved 1048576K
Event: 7.331 GC heap after
Heap after GC invocations=9 (full 3):
 PSYoungGen      total 606208K, used 0K [0x0000000792300000, 0x00000007bcb00000, 0x00000007c0000000)
  eden space 566272K, 0% used [0x0000000792300000,0x0000000792300000,0x00000007b4c00000)
  from space 39936K, 0% used [0x00000007ba400000,0x00000007ba400000,0x00000007bcb00000)
  to   space 65024K, 0% used [0x00000007b4c00000,0x00000007b4c00000,0x00000007b8b80000)
 ParOldGen       total 874496K, used 80934K [0x0000000736800000, 0x000000076be00000, 0x0000000792300000)
  object space 874496K, 9% used [0x0000000736800000,0x000000073b7099b8,0x000000076be00000)
 Metaspace       used 58475K, capacity 59040K, committed 59184K, reserved 1101824K
  class space    used 6626K, capacity 6760K, committed 6832K, reserved 1048576K
}
Event: 10.037 GC heap before
{Heap before GC invocations=10 (full 3):
 PSYoungGen      total 606208K, used 566272K [0x0000000792300000, 0x00000007bcb00000, 0x00000007c0000000)
  eden space 566272K, 100% used [0x0000000792300000,0x00000007b4c00000,0x00000007b4c00000)
  from space 39936K, 0% used [0x00000007ba400000,0x00000007ba400000,0x00000007bcb00000)
  to   space 65024K, 0% used [0x00000007b4c00000,0x00000007b4c00000,0x00000007b8b80000)
 ParOldGen       total 874496K, used 80934K [0x0000000736800000, 0x000000076be00000, 0x0000000792300000)
  object space 874496K, 9% used [0x0000000736800000,0x000000073b7099b8,0x000000076be00000)
 Metaspace       used 87716K, capacity 89422K, committed 89520K, reserved 1128448K
  class space    used 10008K, capacity 10371K, committed 10416K, reserved 1048576K
Event: 10.044 GC heap after
Heap after GC invocations=10 (full 3):
 PSYoungGen      total 631296K, used 28736K [0x0000000792300000, 0x00000007c0000000, 0x00000007c0000000)
  eden space 566272K, 0% used [0x0000000792300000,0x0000000792300000,0x00000007b4c00000)
  from space 65024K, 44% used [0x00000007b4c00000,0x00000007b68100f0,0x00000007b8b80000)
  to   space 60928K, 0% used [0x00000007bc480000,0x00000007bc480000,0x00000007c0000000)
 ParOldGen       total 874496K, used 80942K [0x0000000736800000, 0x000000076be00000, 0x0000000792300000)
  object space 874496K, 9% used [0x0000000736800000,0x000000073b70b9b8,0x000000076be00000)
 Metaspace       used 87716K, capacity 89422K, committed 89520K, reserved 1128448K
  class space    used 10008K, capacity 10371K, committed 10416K, reserved 1048576K
}
Event: 10.312 GC heap before
{Heap before GC invocations=11 (full 3):
 PSYoungGen      total 631296K, used 595008K [0x0000000792300000, 0x00000007c0000000, 0x00000007c0000000)
  eden space 566272K, 100% used [0x0000000792300000,0x00000007b4c00000,0x00000007b4c00000)
  from space 65024K, 44% used [0x00000007b4c00000,0x00000007b68100f0,0x00000007b8b80000)
  to   space 60928K, 0% used [0x00000007bc480000,0x00000007bc480000,0x00000007c0000000)
 ParOldGen       total 874496K, used 80942K [0x0000000736800000, 0x000000076be00000, 0x0000000792300000)
  object space 874496K, 9% used [0x0000000736800000,0x000000073b70b9b8,0x000000076be00000)
 Metaspace       used 88957K, capacity 90724K, committed 90928K, reserved 1130496K
  class space    used 10141K, capacity 10532K, committed 10544K, reserved 1048576K
Event: 10.318 GC heap after
Heap after GC invocations=11 (full 3):
 PSYoungGen      total 675328K, used 20998K [0x0000000792300000, 0x00000007bf600000, 0x00000007c0000000)
  eden space 624640K, 0% used [0x0000000792300000,0x0000000792300000,0x00000007b8500000)
  from space 50688K, 41% used [0x00000007bc480000,0x00000007bd901a58,0x00000007bf600000)
  to   space 57856K, 0% used [0x00000007b8500000,0x00000007b8500000,0x00000007bbd80000)
 ParOldGen       total 874496K, used 80950K [0x0000000736800000, 0x000000076be00000, 0x0000000792300000)
  object space 874496K, 9% used [0x0000000736800000,0x000000073b70d9b8,0x000000076be00000)
 Metaspace       used 88957K, capacity 90724K, committed 90928K, reserved 1130496K
  class space    used 10141K, capacity 10532K, committed 10544K, reserved 1048576K
}

