# JRE version: Java(TM) SE Runtime Environment (8.0_271-b09) (build 1.8.0_271-b09)
# Java VM: Java HotSpot(TM) 64-Bit Server VM (25.271-b09 mixed mode bsd-amd64 compressed oops)
Heap:
 PSYoungGen      total 686080K, used 64108K [0x0000000792300000, 0x00000007c0000000, 0x00000007c0000000)
  eden space 623616K, 6% used [0x0000000792300000,0x00000007948cb2e8,0x00000007b8400000)
  from space 62464K, 40% used [0x00000007bbd00000,0x00000007bd5cfe18,0x00000007bfa00000)
  to   space 58368K, 0% used [0x00000007b8400000,0x00000007b8400000,0x00000007bbd00000)
 ParOldGen       total 734720K, used 81141K [0x0000000736800000, 0x0000000763580000, 0x0000000792300000)
  object space 734720K, 11% used [0x0000000736800000,0x000000073b73d448,0x0000000763580000)
 Metaspace       used 89309K, capacity 91238K, committed 91560K, reserved 1130496K
  class space    used 10159K, capacity 10567K, committed 10672K, reserved 1048576K
GC Heap History (10 events):
Event: 13.296 GC heap before
{Heap before GC invocations=7 (full 2):
 PSYoungGen      total 484352K, used 441856K [0x0000000792300000, 0x00000007b2a00000, 0x00000007c0000000)
  eden space 441856K, 100% used [0x0000000792300000,0x00000007ad280000,0x00000007ad280000)
  from space 42496K, 0% used [0x00000007afc00000,0x00000007afc00000,0x00000007b2580000)
  to   space 42496K, 0% used [0x00000007ad280000,0x00000007ad280000,0x00000007afc00000)
 ParOldGen       total 683008K, used 69445K [0x0000000736800000, 0x0000000760300000, 0x0000000792300000)
  object space 683008K, 10% used [0x0000000736800000,0x000000073abd1620,0x0000000760300000)
 Metaspace       used 44624K, capacity 45068K, committed 45352K, reserved 1089536K
  class space    used 5202K, capacity 5330K, committed 5424K, reserved 1048576K
Event: 13.302 GC heap after
Heap after GC invocations=7 (full 2):
 PSYoungGen      total 484352K, used 12943K [0x0000000792300000, 0x00000007c0000000, 0x00000007c0000000)
  eden space 441856K, 0% used [0x0000000792300000,0x0000000792300000,0x00000007ad280000)
  from space 42496K, 30% used [0x00000007ad280000,0x00000007adf23dc0,0x00000007afc00000)
  to   space 67584K, 0% used [0x00000007bbe00000,0x00000007bbe00000,0x00000007c0000000)
 ParOldGen       total 683008K, used 69453K [0x0000000736800000, 0x0000000760300000, 0x0000000792300000)
  object space 683008K, 10% used [0x0000000736800000,0x000000073abd3620,0x0000000760300000)
 Metaspace       used 44624K, capacity 45068K, committed 45352K, reserved 1089536K
  class space    used 5202K, capacity 5330K, committed 5424K, reserved 1048576K
}
Event: 16.753 GC heap before
{Heap before GC invocations=8 (full 2):
 PSYoungGen      total 484352K, used 328416K [0x0000000792300000, 0x00000007c0000000, 0x00000007c0000000)
  eden space 441856K, 71% used [0x0000000792300000,0x00000007a57144e8,0x00000007ad280000)
  from space 42496K, 30% used [0x00000007ad280000,0x00000007adf23dc0,0x00000007afc00000)
  to   space 67584K, 0% used [0x00000007bbe00000,0x00000007bbe00000,0x00000007c0000000)
 ParOldGen       total 683008K, used 69453K [0x0000000736800000, 0x0000000760300000, 0x0000000792300000)
  object space 683008K, 10% used [0x0000000736800000,0x000000073abd3620,0x0000000760300000)
 Metaspace       used 58415K, capacity 58992K, committed 59160K, reserved 1101824K
  class space    used 6605K, capacity 6736K, committed 6832K, reserved 1048576K
Event: 16.761 GC heap after
Heap after GC invocations=8 (full 2):
 PSYoungGen      total 687104K, used 16143K [0x0000000792300000, 0x00000007c0000000, 0x00000007c0000000)
  eden space 619520K, 0% used [0x0000000792300000,0x0000000792300000,0x00000007b8000000)
  from space 67584K, 23% used [0x00000007bbe00000,0x00000007bcdc3ef8,0x00000007c0000000)
  to   space 63488K, 0% used [0x00000007b8000000,0x00000007b8000000,0x00000007bbe00000)
 ParOldGen       total 683008K, used 69461K [0x0000000736800000, 0x0000000760300000, 0x0000000792300000)
  object space 683008K, 10% used [0x0000000736800000,0x000000073abd5620,0x0000000760300000)
 Metaspace       used 58415K, capacity 58992K, committed 59160K, reserved 1101824K
  class space    used 6605K, capacity 6736K, committed 6832K, reserved 1048576K
}
Event: 16.761 GC heap before
{Heap before GC invocations=9 (full 3):
 PSYoungGen      total 687104K, used 16143K [0x0000000792300000, 0x00000007c0000000, 0x00000007c0000000)
  eden space 619520K, 0% used [0x0000000792300000,0x0000000792300000,0x00000007b8000000)
  from space 67584K, 23% used [0x00000007bbe00000,0x00000007bcdc3ef8,0x00000007c0000000)
  to   space 63488K, 0% used [0x00000007b8000000,0x00000007b8000000,0x00000007bbe00000)
 ParOldGen       total 683008K, used 69461K [0x0000000736800000, 0x0000000760300000, 0x0000000792300000)
  object space 683008K, 10% used [0x0000000736800000,0x000000073abd5620,0x0000000760300000)
 Metaspace       used 58415K, capacity 58992K, committed 59160K, reserved 1101824K
  class space    used 6605K, capacity 6736K, committed 6832K, reserved 1048576K
Event: 16.836 GC heap after
Heap after GC invocations=9 (full 3):
 PSYoungGen      total 687104K, used 0K [0x0000000792300000, 0x00000007c0000000, 0x00000007c0000000)
  eden space 619520K, 0% used [0x0000000792300000,0x0000000792300000,0x00000007b8000000)
  from space 67584K, 0% used [0x00000007bbe00000,0x00000007bbe00000,0x00000007c0000000)
  to   space 63488K, 0% used [0x00000007b8000000,0x00000007b8000000,0x00000007bbe00000)
 ParOldGen       total 734720K, used 81125K [0x0000000736800000, 0x0000000763580000, 0x0000000792300000)
  object space 734720K, 11% used [0x0000000736800000,0x000000073b739448,0x0000000763580000)
 Metaspace       used 58415K, capacity 58992K, committed 59160K, reserved 1101824K
  class space    used 6605K, capacity 6736K, committed 6832K, reserved 1048576K
}
Event: 26.071 GC heap before
{Heap before GC invocations=10 (full 3):
 PSYoungGen      total 687104K, used 619520K [0x0000000792300000, 0x00000007c0000000, 0x00000007c0000000)
  eden space 619520K, 100% used [0x0000000792300000,0x00000007b8000000,0x00000007b8000000)
  from space 67584K, 0% used [0x00000007bbe00000,0x00000007bbe00000,0x00000007c0000000)
  to   space 63488K, 0% used [0x00000007b8000000,0x00000007b8000000,0x00000007bbe00000)
 ParOldGen       total 734720K, used 81125K [0x0000000736800000, 0x0000000763580000, 0x0000000792300000)
  object space 734720K, 11% used [0x0000000736800000,0x000000073b739448,0x0000000763580000)
 Metaspace       used 87780K, capacity 89634K, committed 89768K, reserved 1128448K
  class space    used 9995K, capacity 10359K, committed 10416K, reserved 1048576K
Event: 26.096 GC heap after
Heap after GC invocations=10 (full 3):
 PSYoungGen      total 652800K, used 33157K [0x0000000792300000, 0x00000007bfa00000, 0x00000007c0000000)
  eden space 619520K, 0% used [0x0000000792300000,0x0000000792300000,0x00000007b8000000)
  from space 33280K, 99% used [0x00000007b8000000,0x00000007ba0617f0,0x00000007ba080000)
  to   space 62464K, 0% used [0x00000007bbd00000,0x00000007bbd00000,0x00000007bfa00000)
 ParOldGen       total 734720K, used 81133K [0x0000000736800000, 0x0000000763580000, 0x0000000792300000)
  object space 734720K, 11% used [0x0000000736800000,0x000000073b73b448,0x0000000763580000)
 Metaspace       used 87780K, capacity 89634K, committed 89768K, reserved 1128448K
  class space    used 9995K, capacity 10359K, committed 10416K, reserved 1048576K
}
Event: 27.588 GC heap before
{Heap before GC invocations=11 (full 3):
 PSYoungGen      total 652800K, used 652672K [0x0000000792300000, 0x00000007bfa00000, 0x00000007c0000000)
  eden space 619520K, 99% used [0x0000000792300000,0x00000007b7ffe870,0x00000007b8000000)
  from space 33280K, 99% used [0x00000007b8000000,0x00000007ba0617f0,0x00000007ba080000)
  to   space 62464K, 0% used [0x00000007bbd00000,0x00000007bbd00000,0x00000007bfa00000)
 ParOldGen       total 734720K, used 81133K [0x0000000736800000, 0x0000000763580000, 0x0000000792300000)
  object space 734720K, 11% used [0x0000000736800000,0x000000073b73b448,0x0000000763580000)
 Metaspace       used 89306K, capacity 91238K, committed 91560K, reserved 1130496K
  class space    used 10159K, capacity 10567K, committed 10672K, reserved 1048576K
Event: 27.608 GC heap after
Heap after GC invocations=11 (full 3):
 PSYoungGen      total 686080K, used 25407K [0x0000000792300000, 0x00000007c0000000, 0x00000007c0000000)
  eden space 623616K, 0% used [0x0000000792300000,0x0000000792300000,0x00000007b8400000)
  from space 62464K, 40% used [0x00000007bbd00000,0x00000007bd5cfe18,0x00000007bfa00000)
  to   space 58368K, 0% used [0x00000007b8400000,0x00000007b8400000,0x00000007bbd00000)
 ParOldGen       total 734720K, used 81141K [0x0000000736800000, 0x0000000763580000, 0x0000000792300000)
  object space 734720K, 11% used [0x0000000736800000,0x000000073b73d448,0x0000000763580000)
 Metaspace       used 89306K, capacity 91238K, committed 91560K, reserved 1130496K
  class space    used 10159K, capacity 10567K, committed 10672K, reserved 1048576K
}

