# JRE version: Java(TM) SE Runtime Environment (8.0_271-b09) (build 1.8.0_271-b09)
# Java VM: Java HotSpot(TM) 64-Bit Server VM (25.271-b09 mixed mode bsd-amd64 compressed oops)
Heap:
 PSYoungGen      total 675328K, used 206104K [0x0000000792300000, 0x00000007c0000000, 0x00000007c0000000)
  eden space 600064K, 21% used [0x0000000792300000,0x000000079a2c6aa8,0x00000007b6d00000)
  from space 75264K, 99% used [0x00000007b6d00000,0x00000007bb67f6d8,0x00000007bb680000)
  to   space 75264K, 0% used [0x00000007bb680000,0x00000007bb680000,0x00000007c0000000)
 ParOldGen       total 735744K, used 110262K [0x0000000736800000, 0x0000000763680000, 0x0000000792300000)
  object space 735744K, 14% used [0x0000000736800000,0x000000073d3ada08,0x0000000763680000)
 Metaspace       used 92256K, capacity 95886K, committed 96040K, reserved 1134592K
  class space    used 10540K, capacity 11273K, committed 11304K, reserved 1048576K
GC Heap History (10 events):
Event: 16.788 GC heap before
{Heap before GC invocations=8 (full 2):
 PSYoungGen      total 475648K, used 331518K [0x0000000792300000, 0x00000007c0000000, 0x00000007c0000000)
  eden space 433152K, 73% used [0x0000000792300000,0x00000007a5a4a500,0x00000007aca00000)
  from space 42496K, 30% used [0x00000007aca00000,0x00000007ad6754c0,0x00000007af380000)
  to   space 67584K, 0% used [0x00000007bbe00000,0x00000007bbe00000,0x00000007c0000000)
 ParOldGen       total 683008K, used 69553K [0x0000000736800000, 0x0000000760300000, 0x0000000792300000)
  object space 683008K, 10% used [0x0000000736800000,0x000000073abec678,0x0000000760300000)
 Metaspace       used 58453K, capacity 58992K, committed 59160K, reserved 1101824K
  class space    used 6607K, capacity 6736K, committed 6824K, reserved 1048576K
Event: 16.797 GC heap after
Heap after GC invocations=8 (full 2):
 PSYoungGen      total 686592K, used 16230K [0x0000000792300000, 0x00000007c0000000, 0x00000007c0000000)
  eden space 619008K, 0% used [0x0000000792300000,0x0000000792300000,0x00000007b7f80000)
  from space 67584K, 24% used [0x00000007bbe00000,0x00000007bcdd99e0,0x00000007c0000000)
  to   space 64000K, 0% used [0x00000007b7f80000,0x00000007b7f80000,0x00000007bbe00000)
 ParOldGen       total 683008K, used 69561K [0x0000000736800000, 0x0000000760300000, 0x0000000792300000)
  object space 683008K, 10% used [0x0000000736800000,0x000000073abee678,0x0000000760300000)
 Metaspace       used 58453K, capacity 58992K, committed 59160K, reserved 1101824K
  class space    used 6607K, capacity 6736K, committed 6824K, reserved 1048576K
}
Event: 16.797 GC heap before
{Heap before GC invocations=9 (full 3):
 PSYoungGen      total 686592K, used 16230K [0x0000000792300000, 0x00000007c0000000, 0x00000007c0000000)
  eden space 619008K, 0% used [0x0000000792300000,0x0000000792300000,0x00000007b7f80000)
  from space 67584K, 24% used [0x00000007bbe00000,0x00000007bcdd99e0,0x00000007c0000000)
  to   space 64000K, 0% used [0x00000007b7f80000,0x00000007b7f80000,0x00000007bbe00000)
 ParOldGen       total 683008K, used 69561K [0x0000000736800000, 0x0000000760300000, 0x0000000792300000)
  object space 683008K, 10% used [0x0000000736800000,0x000000073abee678,0x0000000760300000)
 Metaspace       used 58453K, capacity 58992K, committed 59160K, reserved 1101824K
  class space    used 6607K, capacity 6736K, committed 6824K, reserved 1048576K
Event: 16.870 GC heap after
Heap after GC invocations=9 (full 3):
 PSYoungGen      total 686592K, used 0K [0x0000000792300000, 0x00000007c0000000, 0x00000007c0000000)
  eden space 619008K, 0% used [0x0000000792300000,0x0000000792300000,0x00000007b7f80000)
  from space 67584K, 0% used [0x00000007bbe00000,0x00000007bbe00000,0x00000007c0000000)
  to   space 64000K, 0% used [0x00000007b7f80000,0x00000007b7f80000,0x00000007bbe00000)
 ParOldGen       total 735744K, used 81258K [0x0000000736800000, 0x0000000763680000, 0x0000000792300000)
  object space 735744K, 11% used [0x0000000736800000,0x000000073b75a9b0,0x0000000763680000)
 Metaspace       used 58453K, capacity 58992K, committed 59160K, reserved 1101824K
  class space    used 6607K, capacity 6736K, committed 6824K, reserved 1048576K
}
Event: 26.290 GC heap before
{Heap before GC invocations=10 (full 3):
 PSYoungGen      total 686592K, used 619008K [0x0000000792300000, 0x00000007c0000000, 0x00000007c0000000)
  eden space 619008K, 100% used [0x0000000792300000,0x00000007b7f80000,0x00000007b7f80000)
  from space 67584K, 0% used [0x00000007bbe00000,0x00000007bbe00000,0x00000007c0000000)
  to   space 64000K, 0% used [0x00000007b7f80000,0x00000007b7f80000,0x00000007bbe00000)
 ParOldGen       total 735744K, used 81258K [0x0000000736800000, 0x0000000763680000, 0x0000000792300000)
  object space 735744K, 11% used [0x0000000736800000,0x000000073b75a9b0,0x0000000763680000)
 Metaspace       used 87716K, capacity 89528K, committed 89768K, reserved 1128448K
  class space    used 9983K, capacity 10388K, committed 10408K, reserved 1048576K
Event: 26.315 GC heap after
Heap after GC invocations=10 (full 3):
 PSYoungGen      total 655360K, used 35865K [0x0000000792300000, 0x00000007bfb80000, 0x00000007c0000000)
  eden space 619008K, 0% used [0x0000000792300000,0x0000000792300000,0x00000007b7f80000)
  from space 36352K, 98% used [0x00000007b7f80000,0x00000007ba286760,0x00000007ba300000)
  to   space 63488K, 0% used [0x00000007bbd80000,0x00000007bbd80000,0x00000007bfb80000)
 ParOldGen       total 735744K, used 81266K [0x0000000736800000, 0x0000000763680000, 0x0000000792300000)
  object space 735744K, 11% used [0x0000000736800000,0x000000073b75c9b0,0x0000000763680000)
 Metaspace       used 87716K, capacity 89528K, committed 89768K, reserved 1128448K
  class space    used 9983K, capacity 10388K, committed 10408K, reserved 1048576K
}
Event: 28.422 GC heap before
{Heap before GC invocations=11 (full 3):
 PSYoungGen      total 655360K, used 654873K [0x0000000792300000, 0x00000007bfb80000, 0x00000007c0000000)
  eden space 619008K, 100% used [0x0000000792300000,0x00000007b7f80000,0x00000007b7f80000)
  from space 36352K, 98% used [0x00000007b7f80000,0x00000007ba286760,0x00000007ba300000)
  to   space 63488K, 0% used [0x00000007bbd80000,0x00000007bbd80000,0x00000007bfb80000)
 ParOldGen       total 735744K, used 81266K [0x0000000736800000, 0x0000000763680000, 0x0000000792300000)
  object space 735744K, 11% used [0x0000000736800000,0x000000073b75c9b0,0x0000000763680000)
 Metaspace       used 91631K, capacity 95062K, committed 95272K, reserved 1132544K
  class space    used 10483K, capacity 11203K, committed 11304K, reserved 1048576K
Event: 28.455 GC heap after
Heap after GC invocations=11 (full 3):
 PSYoungGen      total 663552K, used 63313K [0x0000000792300000, 0x00000007c0000000, 0x00000007c0000000)
  eden space 600064K, 0% used [0x0000000792300000,0x0000000792300000,0x00000007b6d00000)
  from space 63488K, 99% used [0x00000007bbd80000,0x00000007bfb54640,0x00000007bfb80000)
  to   space 75264K, 0% used [0x00000007b6d00000,0x00000007b6d00000,0x00000007bb680000)
 ParOldGen       total 735744K, used 105850K [0x0000000736800000, 0x0000000763680000, 0x0000000792300000)
  object space 735744K, 14% used [0x0000000736800000,0x000000073cf5e9d0,0x0000000763680000)
 Metaspace       used 91631K, capacity 95062K, committed 95272K, reserved 1132544K
  class space    used 10483K, capacity 11203K, committed 11304K, reserved 1048576K
}
Event: 29.909 GC heap before
{Heap before GC invocations=12 (full 3):
 PSYoungGen      total 663552K, used 663377K [0x0000000792300000, 0x00000007c0000000, 0x00000007c0000000)
  eden space 600064K, 100% used [0x0000000792300000,0x00000007b6d00000,0x00000007b6d00000)
  from space 63488K, 99% used [0x00000007bbd80000,0x00000007bfb54640,0x00000007bfb80000)
  to   space 75264K, 0% used [0x00000007b6d00000,0x00000007b6d00000,0x00000007bb680000)
 ParOldGen       total 735744K, used 105850K [0x0000000736800000, 0x0000000763680000, 0x0000000792300000)
  object space 735744K, 14% used [0x0000000736800000,0x000000073cf5e9d0,0x0000000763680000)
 Metaspace       used 92202K, capacity 95792K, committed 96040K, reserved 1134592K
  class space    used 10537K, capacity 11268K, committed 11304K, reserved 1048576K
Event: 29.940 GC heap after
Heap after GC invocations=12 (full 3):
 PSYoungGen      total 675328K, used 75261K [0x0000000792300000, 0x00000007c0000000, 0x00000007c0000000)
  eden space 600064K, 0% used [0x0000000792300000,0x0000000792300000,0x00000007b6d00000)
  from space 75264K, 99% used [0x00000007b6d00000,0x00000007bb67f6d8,0x00000007bb680000)
  to   space 75264K, 0% used [0x00000007bb680000,0x00000007bb680000,0x00000007c0000000)
 ParOldGen       total 735744K, used 110262K [0x0000000736800000, 0x0000000763680000, 0x0000000792300000)
  object space 735744K, 14% used [0x0000000736800000,0x000000073d3ada08,0x0000000763680000)
 Metaspace       used 92202K, capacity 95792K, committed 96040K, reserved 1134592K
  class space    used 10537K, capacity 11268K, committed 11304K, reserved 1048576K
}

