# JRE version: Java(TM) SE Runtime Environment (8.0_271-b09) (build 1.8.0_271-b09)
# Java VM: Java HotSpot(TM) 64-Bit Server VM (25.271-b09 mixed mode bsd-amd64 compressed oops)
Heap:
 PSYoungGen      total 706560K, used 30108K [0x0000000792300000, 0x00000007c0000000, 0x00000007c0000000)
  eden space 659968K, 4% used [0x0000000792300000,0x0000000794067318,0x00000007ba780000)
  from space 46592K, 0% used [0x00000007bd280000,0x00000007bd280000,0x00000007c0000000)
  to   space 44032K, 0% used [0x00000007ba780000,0x00000007ba780000,0x00000007bd280000)
 ParOldGen       total 1105408K, used 432258K [0x0000000736800000, 0x0000000779f80000, 0x0000000792300000)
  object space 1105408K, 39% used [0x0000000736800000,0x0000000750e20968,0x0000000779f80000)
 Metaspace       used 98346K, capacity 103357K, committed 103720K, reserved 1140736K
  class space    used 11190K, capacity 12216K, committed 12328K, reserved 1048576K
GC Heap History (10 events):
Event: 70.726 GC heap before
{Heap before GC invocations=53 (full 4):
 PSYoungGen      total 696832K, used 651296K [0x0000000792300000, 0x00000007c0000000, 0x00000007c0000000)
  eden space 648704K, 100% used [0x0000000792300000,0x00000007b9c80000,0x00000007b9c80000)
  from space 48128K, 5% used [0x00000007bc980000,0x00000007bcc08230,0x00000007bf880000)
  to   space 46080K, 0% used [0x00000007b9c80000,0x00000007b9c80000,0x00000007bc980000)
 ParOldGen       total 719360K, used 630671K [0x0000000736800000, 0x0000000762680000, 0x0000000792300000)
  object space 719360K, 87% used [0x0000000736800000,0x000000075cfe3f78,0x0000000762680000)
 Metaspace       used 97919K, capacity 102791K, committed 103080K, reserved 1140736K
  class space    used 11135K, capacity 12151K, committed 12200K, reserved 1048576K
Event: 70.735 GC heap after
Heap after GC invocations=53 (full 4):
 PSYoungGen      total 694784K, used 6643K [0x0000000792300000, 0x00000007bf800000, 0x00000007c0000000)
  eden space 648704K, 0% used [0x0000000792300000,0x0000000792300000,0x00000007b9c80000)
  from space 46080K, 14% used [0x00000007b9c80000,0x00000007ba2fcf50,0x00000007bc980000)
  to   space 43008K, 0% used [0x00000007bce00000,0x00000007bce00000,0x00000007bf800000)
 ParOldGen       total 719360K, used 633104K [0x0000000736800000, 0x0000000762680000, 0x0000000792300000)
  object space 719360K, 88% used [0x0000000736800000,0x000000075d2441d8,0x0000000762680000)
 Metaspace       used 97919K, capacity 102791K, committed 103080K, reserved 1140736K
  class space    used 11135K, capacity 12151K, committed 12200K, reserved 1048576K
}
Event: 71.239 GC heap before
{Heap before GC invocations=54 (full 4):
 PSYoungGen      total 694784K, used 655347K [0x0000000792300000, 0x00000007bf800000, 0x00000007c0000000)
  eden space 648704K, 100% used [0x0000000792300000,0x00000007b9c80000,0x00000007b9c80000)
  from space 46080K, 14% used [0x00000007b9c80000,0x00000007ba2fcf50,0x00000007bc980000)
  to   space 43008K, 0% used [0x00000007bce00000,0x00000007bce00000,0x00000007bf800000)
 ParOldGen       total 719360K, used 633104K [0x0000000736800000, 0x0000000762680000, 0x0000000792300000)
  object space 719360K, 88% used [0x0000000736800000,0x000000075d2441d8,0x0000000762680000)
 Metaspace       used 97929K, capacity 102791K, committed 103080K, reserved 1140736K
  class space    used 11135K, capacity 12151K, committed 12200K, reserved 1048576K
Event: 71.249 GC heap after
Heap after GC invocations=54 (full 4):
 PSYoungGen      total 700928K, used 1032K [0x0000000792300000, 0x00000007bfa00000, 0x00000007c0000000)
  eden space 657920K, 0% used [0x0000000792300000,0x0000000792300000,0x00000007ba580000)
  from space 43008K, 2% used [0x00000007bce00000,0x00000007bcf02010,0x00000007bf800000)
  to   space 41472K, 0% used [0x00000007ba580000,0x00000007ba580000,0x00000007bce00000)
 ParOldGen       total 719360K, used 639520K [0x0000000736800000, 0x0000000762680000, 0x0000000792300000)
  object space 719360K, 88% used [0x0000000736800000,0x000000075d8880e8,0x0000000762680000)
 Metaspace       used 97929K, capacity 102791K, committed 103080K, reserved 1140736K
  class space    used 11135K, capacity 12151K, committed 12200K, reserved 1048576K
}
Event: 73.055 GC heap before
{Heap before GC invocations=55 (full 4):
 PSYoungGen      total 700928K, used 658952K [0x0000000792300000, 0x00000007bfa00000, 0x00000007c0000000)
  eden space 657920K, 100% used [0x0000000792300000,0x00000007ba580000,0x00000007ba580000)
  from space 43008K, 2% used [0x00000007bce00000,0x00000007bcf02010,0x00000007bf800000)
  to   space 41472K, 0% used [0x00000007ba580000,0x00000007ba580000,0x00000007bce00000)
 ParOldGen       total 719360K, used 639520K [0x0000000736800000, 0x0000000762680000, 0x0000000792300000)
  object space 719360K, 88% used [0x0000000736800000,0x000000075d8880e8,0x0000000762680000)
 Metaspace       used 98337K, capacity 103357K, committed 103720K, reserved 1140736K
  class space    used 11190K, capacity 12216K, committed 12328K, reserved 1048576K
Event: 73.072 GC heap after
Heap after GC invocations=55 (full 4):
 PSYoungGen      total 699392K, used 31778K [0x0000000792300000, 0x00000007c0000000, 0x00000007c0000000)
  eden space 657920K, 0% used [0x0000000792300000,0x0000000792300000,0x00000007ba580000)
  from space 41472K, 76% used [0x00000007ba580000,0x00000007bc4888d8,0x00000007bce00000)
  to   space 46592K, 0% used [0x00000007bd280000,0x00000007bd280000,0x00000007c0000000)
 ParOldGen       total 719360K, used 656680K [0x0000000736800000, 0x0000000762680000, 0x0000000792300000)
  object space 719360K, 91% used [0x0000000736800000,0x000000075e94a138,0x0000000762680000)
 Metaspace       used 98337K, capacity 103357K, committed 103720K, reserved 1140736K
  class space    used 11190K, capacity 12216K, committed 12328K, reserved 1048576K
}
Event: 74.247 GC heap before
{Heap before GC invocations=56 (full 4):
 PSYoungGen      total 699392K, used 689698K [0x0000000792300000, 0x00000007c0000000, 0x00000007c0000000)
  eden space 657920K, 100% used [0x0000000792300000,0x00000007ba580000,0x00000007ba580000)
  from space 41472K, 76% used [0x00000007ba580000,0x00000007bc4888d8,0x00000007bce00000)
  to   space 46592K, 0% used [0x00000007bd280000,0x00000007bd280000,0x00000007c0000000)
 ParOldGen       total 719360K, used 656680K [0x0000000736800000, 0x0000000762680000, 0x0000000792300000)
  object space 719360K, 91% used [0x0000000736800000,0x000000075e94a138,0x0000000762680000)
 Metaspace       used 98346K, capacity 103357K, committed 103720K, reserved 1140736K
  class space    used 11190K, capacity 12216K, committed 12328K, reserved 1048576K
Event: 74.272 GC heap after
Heap after GC invocations=56 (full 4):
 PSYoungGen      total 706560K, used 3784K [0x0000000792300000, 0x00000007c0000000, 0x00000007c0000000)
  eden space 659968K, 0% used [0x0000000792300000,0x0000000792300000,0x00000007ba780000)
  from space 46592K, 8% used [0x00000007bd280000,0x00000007bd6322c0,0x00000007c0000000)
  to   space 44032K, 0% used [0x00000007ba780000,0x00000007ba780000,0x00000007bd280000)
 ParOldGen       total 719360K, used 714174K [0x0000000736800000, 0x0000000762680000, 0x0000000792300000)
  object space 719360K, 99% used [0x0000000736800000,0x000000076216f830,0x0000000762680000)
 Metaspace       used 98346K, capacity 103357K, committed 103720K, reserved 1140736K
  class space    used 11190K, capacity 12216K, committed 12328K, reserved 1048576K
}
Event: 74.272 GC heap before
{Heap before GC invocations=57 (full 5):
 PSYoungGen      total 706560K, used 3784K [0x0000000792300000, 0x00000007c0000000, 0x00000007c0000000)
  eden space 659968K, 0% used [0x0000000792300000,0x0000000792300000,0x00000007ba780000)
  from space 46592K, 8% used [0x00000007bd280000,0x00000007bd6322c0,0x00000007c0000000)
  to   space 44032K, 0% used [0x00000007ba780000,0x00000007ba780000,0x00000007bd280000)
 ParOldGen       total 719360K, used 714174K [0x0000000736800000, 0x0000000762680000, 0x0000000792300000)
  object space 719360K, 99% used [0x0000000736800000,0x000000076216f830,0x0000000762680000)
 Metaspace       used 98346K, capacity 103357K, committed 103720K, reserved 1140736K
  class space    used 11190K, capacity 12216K, committed 12328K, reserved 1048576K
Event: 74.627 GC heap after
Heap after GC invocations=57 (full 5):
 PSYoungGen      total 706560K, used 0K [0x0000000792300000, 0x00000007c0000000, 0x00000007c0000000)
  eden space 659968K, 0% used [0x0000000792300000,0x0000000792300000,0x00000007ba780000)
  from space 46592K, 0% used [0x00000007bd280000,0x00000007bd280000,0x00000007c0000000)
  to   space 44032K, 0% used [0x00000007ba780000,0x00000007ba780000,0x00000007bd280000)
 ParOldGen       total 1105408K, used 432258K [0x0000000736800000, 0x0000000779f80000, 0x0000000792300000)
  object space 1105408K, 39% used [0x0000000736800000,0x0000000750e20968,0x0000000779f80000)
 Metaspace       used 98346K, capacity 103357K, committed 103720K, reserved 1140736K
  class space    used 11190K, capacity 12216K, committed 12328K, reserved 1048576K
}

