# JRE version: Java(TM) SE Runtime Environment (8.0_271-b09) (build 1.8.0_271-b09)
# Java VM: Java HotSpot(TM) 64-Bit Server VM (25.271-b09 mixed mode bsd-amd64 compressed oops)
Heap:
 PSYoungGen      total 684032K, used 78627K [0x0000000792300000, 0x00000007c0000000, 0x00000007c0000000)
  eden space 620032K, 8% used [0x0000000792300000,0x0000000795736320,0x00000007b8080000)
  from space 64000K, 39% used [0x00000007bbb80000,0x00000007bd4129e0,0x00000007bfa00000)
  to   space 60416K, 0% used [0x00000007b8080000,0x00000007b8080000,0x00000007bbb80000)
 ParOldGen       total 683008K, used 78118K [0x0000000736800000, 0x0000000760300000, 0x0000000792300000)
  object space 683008K, 11% used [0x0000000736800000,0x000000073b449950,0x0000000760300000)
 Metaspace       used 89377K, capacity 91358K, committed 91432K, reserved 1130496K
  class space    used 10157K, capacity 10539K, committed 10544K, reserved 1048576K
GC Heap History (10 events):
Event: 14.777 GC heap before
{Heap before GC invocations=7 (full 2):
 PSYoungGen      total 708096K, used 665600K [0x0000000792300000, 0x00000007c0000000, 0x00000007c0000000)
  eden space 665600K, 100% used [0x0000000792300000,0x00000007bad00000,0x00000007bad00000)
  from space 42496K, 0% used [0x00000007bd680000,0x00000007bd680000,0x00000007c0000000)
  to   space 42496K, 0% used [0x00000007bad00000,0x00000007bad00000,0x00000007bd680000)
 ParOldGen       total 683008K, used 67347K [0x0000000736800000, 0x0000000760300000, 0x0000000792300000)
  object space 683008K, 9% used [0x0000000736800000,0x000000073a9c4f28,0x0000000760300000)
 Metaspace       used 48972K, capacity 49362K, committed 49576K, reserved 1093632K
  class space    used 5662K, capacity 5779K, committed 5808K, reserved 1048576K
Event: 14.786 GC heap after
Heap after GC invocations=7 (full 2):
 PSYoungGen      total 683008K, used 17400K [0x0000000792300000, 0x00000007c0000000, 0x00000007c0000000)
  eden space 665600K, 0% used [0x0000000792300000,0x0000000792300000,0x00000007bad00000)
  from space 17408K, 99% used [0x00000007bad00000,0x00000007bbdfe350,0x00000007bbe00000)
  to   space 67584K, 0% used [0x00000007bbe00000,0x00000007bbe00000,0x00000007c0000000)
 ParOldGen       total 683008K, used 67355K [0x0000000736800000, 0x0000000760300000, 0x0000000792300000)
  object space 683008K, 9% used [0x0000000736800000,0x000000073a9c6f28,0x0000000760300000)
 Metaspace       used 48972K, capacity 49362K, committed 49576K, reserved 1093632K
  class space    used 5662K, capacity 5779K, committed 5808K, reserved 1048576K
}
Event: 17.055 GC heap before
{Heap before GC invocations=8 (full 2):
 PSYoungGen      total 683008K, used 205134K [0x0000000792300000, 0x00000007c0000000, 0x00000007c0000000)
  eden space 665600K, 28% used [0x0000000792300000,0x000000079da557e0,0x00000007bad00000)
  from space 17408K, 99% used [0x00000007bad00000,0x00000007bbdfe350,0x00000007bbe00000)
  to   space 67584K, 0% used [0x00000007bbe00000,0x00000007bbe00000,0x00000007c0000000)
 ParOldGen       total 683008K, used 67355K [0x0000000736800000, 0x0000000760300000, 0x0000000792300000)
  object space 683008K, 9% used [0x0000000736800000,0x000000073a9c6f28,0x0000000760300000)
 Metaspace       used 58418K, capacity 58998K, committed 59160K, reserved 1101824K
  class space    used 6605K, capacity 6737K, committed 6832K, reserved 1048576K
Event: 17.063 GC heap after
Heap after GC invocations=8 (full 2):
 PSYoungGen      total 684032K, used 12864K [0x0000000792300000, 0x00000007c0000000, 0x00000007c0000000)
  eden space 616448K, 0% used [0x0000000792300000,0x0000000792300000,0x00000007b7d00000)
  from space 67584K, 19% used [0x00000007bbe00000,0x00000007bca90160,0x00000007c0000000)
  to   space 66560K, 0% used [0x00000007b7d00000,0x00000007b7d00000,0x00000007bbe00000)
 ParOldGen       total 683008K, used 67363K [0x0000000736800000, 0x0000000760300000, 0x0000000792300000)
  object space 683008K, 9% used [0x0000000736800000,0x000000073a9c8f28,0x0000000760300000)
 Metaspace       used 58418K, capacity 58998K, committed 59160K, reserved 1101824K
  class space    used 6605K, capacity 6737K, committed 6832K, reserved 1048576K
}
Event: 17.063 GC heap before
{Heap before GC invocations=9 (full 3):
 PSYoungGen      total 684032K, used 12864K [0x0000000792300000, 0x00000007c0000000, 0x00000007c0000000)
  eden space 616448K, 0% used [0x0000000792300000,0x0000000792300000,0x00000007b7d00000)
  from space 67584K, 19% used [0x00000007bbe00000,0x00000007bca90160,0x00000007c0000000)
  to   space 66560K, 0% used [0x00000007b7d00000,0x00000007b7d00000,0x00000007bbe00000)
 ParOldGen       total 683008K, used 67363K [0x0000000736800000, 0x0000000760300000, 0x0000000792300000)
  object space 683008K, 9% used [0x0000000736800000,0x000000073a9c8f28,0x0000000760300000)
 Metaspace       used 58418K, capacity 58998K, committed 59160K, reserved 1101824K
  class space    used 6605K, capacity 6737K, committed 6832K, reserved 1048576K
Event: 17.140 GC heap after
Heap after GC invocations=9 (full 3):
 PSYoungGen      total 684032K, used 0K [0x0000000792300000, 0x00000007c0000000, 0x00000007c0000000)
  eden space 616448K, 0% used [0x0000000792300000,0x0000000792300000,0x00000007b7d00000)
  from space 67584K, 0% used [0x00000007bbe00000,0x00000007bbe00000,0x00000007c0000000)
  to   space 66560K, 0% used [0x00000007b7d00000,0x00000007b7d00000,0x00000007bbe00000)
 ParOldGen       total 683008K, used 78102K [0x0000000736800000, 0x0000000760300000, 0x0000000792300000)
  object space 683008K, 11% used [0x0000000736800000,0x000000073b445950,0x0000000760300000)
 Metaspace       used 58418K, capacity 58998K, committed 59160K, reserved 1101824K
  class space    used 6605K, capacity 6737K, committed 6832K, reserved 1048576K
}
Event: 25.361 GC heap before
{Heap before GC invocations=10 (full 3):
 PSYoungGen      total 684032K, used 616448K [0x0000000792300000, 0x00000007c0000000, 0x00000007c0000000)
  eden space 616448K, 100% used [0x0000000792300000,0x00000007b7d00000,0x00000007b7d00000)
  from space 67584K, 0% used [0x00000007bbe00000,0x00000007bbe00000,0x00000007c0000000)
  to   space 66560K, 0% used [0x00000007b7d00000,0x00000007b7d00000,0x00000007bbe00000)
 ParOldGen       total 683008K, used 78102K [0x0000000736800000, 0x0000000760300000, 0x0000000792300000)
  object space 683008K, 11% used [0x0000000736800000,0x000000073b445950,0x0000000760300000)
 Metaspace       used 87852K, capacity 89718K, committed 89768K, reserved 1128448K
  class space    used 10005K, capacity 10373K, committed 10416K, reserved 1048576K
Event: 25.381 GC heap after
Heap after GC invocations=10 (full 3):
 PSYoungGen      total 649728K, used 32986K [0x0000000792300000, 0x00000007bfa00000, 0x00000007c0000000)
  eden space 616448K, 0% used [0x0000000792300000,0x0000000792300000,0x00000007b7d00000)
  from space 33280K, 99% used [0x00000007b7d00000,0x00000007b9d369c0,0x00000007b9d80000)
  to   space 64000K, 0% used [0x00000007bbb80000,0x00000007bbb80000,0x00000007bfa00000)
 ParOldGen       total 683008K, used 78110K [0x0000000736800000, 0x0000000760300000, 0x0000000792300000)
  object space 683008K, 11% used [0x0000000736800000,0x000000073b447950,0x0000000760300000)
 Metaspace       used 87852K, capacity 89718K, committed 89768K, reserved 1128448K
  class space    used 10005K, capacity 10373K, committed 10416K, reserved 1048576K
}
Event: 27.061 GC heap before
{Heap before GC invocations=11 (full 3):
 PSYoungGen      total 649728K, used 649434K [0x0000000792300000, 0x00000007bfa00000, 0x00000007c0000000)
  eden space 616448K, 100% used [0x0000000792300000,0x00000007b7d00000,0x00000007b7d00000)
  from space 33280K, 99% used [0x00000007b7d00000,0x00000007b9d369c0,0x00000007b9d80000)
  to   space 64000K, 0% used [0x00000007bbb80000,0x00000007bbb80000,0x00000007bfa00000)
 ParOldGen       total 683008K, used 78110K [0x0000000736800000, 0x0000000760300000, 0x0000000792300000)
  object space 683008K, 11% used [0x0000000736800000,0x000000073b447950,0x0000000760300000)
 Metaspace       used 89372K, capacity 91358K, committed 91432K, reserved 1130496K
  class space    used 10157K, capacity 10539K, committed 10544K, reserved 1048576K
Event: 27.078 GC heap after
Heap after GC invocations=11 (full 3):
 PSYoungGen      total 684032K, used 25162K [0x0000000792300000, 0x00000007c0000000, 0x00000007c0000000)
  eden space 620032K, 0% used [0x0000000792300000,0x0000000792300000,0x00000007b8080000)
  from space 64000K, 39% used [0x00000007bbb80000,0x00000007bd4129e0,0x00000007bfa00000)
  to   space 60416K, 0% used [0x00000007b8080000,0x00000007b8080000,0x00000007bbb80000)
 ParOldGen       total 683008K, used 78118K [0x0000000736800000, 0x0000000760300000, 0x0000000792300000)
  object space 683008K, 11% used [0x0000000736800000,0x000000073b449950,0x0000000760300000)
 Metaspace       used 89372K, capacity 91358K, committed 91432K, reserved 1130496K
  class space    used 10157K, capacity 10539K, committed 10544K, reserved 1048576K
}

