# JRE version: Java(TM) SE Runtime Environment (8.0_271-b09) (build 1.8.0_271-b09)
# Java VM: Java HotSpot(TM) 64-Bit Server VM (25.271-b09 mixed mode bsd-amd64 compressed oops)
Heap:
 PSYoungGen      total 686080K, used 65325K [0x0000000792300000, 0x00000007c0000000, 0x00000007c0000000)
  eden space 623616K, 6% used [0x0000000792300000,0x00000007949aba10,0x00000007b8400000)
  from space 62464K, 41% used [0x00000007bbd00000,0x00000007bd61fc48,0x00000007bfa00000)
  to   space 58368K, 0% used [0x00000007b8400000,0x00000007b8400000,0x00000007bbd00000)
 ParOldGen       total 710656K, used 81251K [0x0000000736800000, 0x0000000761e00000, 0x0000000792300000)
  object space 710656K, 11% used [0x0000000736800000,0x000000073b758dc0,0x0000000761e00000)
 Metaspace       used 89333K, capacity 91336K, committed 91560K, reserved 1130496K
  class space    used 10156K, capacity 10596K, committed 10672K, reserved 1048576K
GC Heap History (10 events):
Event: 12.803 GC heap before
{Heap before GC invocations=7 (full 2):
 PSYoungGen      total 483840K, used 441344K [0x0000000792300000, 0x00000007b2c00000, 0x00000007c0000000)
  eden space 441344K, 100% used [0x0000000792300000,0x00000007ad200000,0x00000007ad200000)
  from space 42496K, 0% used [0x00000007afb80000,0x00000007afb80000,0x00000007b2500000)
  to   space 42496K, 0% used [0x00000007ad200000,0x00000007ad200000,0x00000007afb80000)
 ParOldGen       total 683008K, used 69443K [0x0000000736800000, 0x0000000760300000, 0x0000000792300000)
  object space 683008K, 10% used [0x0000000736800000,0x000000073abd0fd8,0x0000000760300000)
 Metaspace       used 44605K, capacity 45004K, committed 45352K, reserved 1089536K
  class space    used 5197K, capacity 5330K, committed 5424K, reserved 1048576K
Event: 12.809 GC heap after
Heap after GC invocations=7 (full 2):
 PSYoungGen      total 483840K, used 12805K [0x0000000792300000, 0x00000007c0000000, 0x00000007c0000000)
  eden space 441344K, 0% used [0x0000000792300000,0x0000000792300000,0x00000007ad200000)
  from space 42496K, 30% used [0x00000007ad200000,0x00000007ade816a0,0x00000007afb80000)
  to   space 67584K, 0% used [0x00000007bbe00000,0x00000007bbe00000,0x00000007c0000000)
 ParOldGen       total 683008K, used 69451K [0x0000000736800000, 0x0000000760300000, 0x0000000792300000)
  object space 683008K, 10% used [0x0000000736800000,0x000000073abd2fd8,0x0000000760300000)
 Metaspace       used 44605K, capacity 45004K, committed 45352K, reserved 1089536K
  class space    used 5197K, capacity 5330K, committed 5424K, reserved 1048576K
}
Event: 16.298 GC heap before
{Heap before GC invocations=8 (full 2):
 PSYoungGen      total 483840K, used 336662K [0x0000000792300000, 0x00000007c0000000, 0x00000007c0000000)
  eden space 441344K, 73% used [0x0000000792300000,0x00000007a5f44508,0x00000007ad200000)
  from space 42496K, 30% used [0x00000007ad200000,0x00000007ade816a0,0x00000007afb80000)
  to   space 67584K, 0% used [0x00000007bbe00000,0x00000007bbe00000,0x00000007c0000000)
 ParOldGen       total 683008K, used 69451K [0x0000000736800000, 0x0000000760300000, 0x0000000792300000)
  object space 683008K, 10% used [0x0000000736800000,0x000000073abd2fd8,0x0000000760300000)
 Metaspace       used 58348K, capacity 58928K, committed 59160K, reserved 1101824K
  class space    used 6595K, capacity 6736K, committed 6832K, reserved 1048576K
Event: 16.305 GC heap after
Heap after GC invocations=8 (full 2):
 PSYoungGen      total 687104K, used 16339K [0x0000000792300000, 0x00000007c0000000, 0x00000007c0000000)
  eden space 619520K, 0% used [0x0000000792300000,0x0000000792300000,0x00000007b8000000)
  from space 67584K, 24% used [0x00000007bbe00000,0x00000007bcdf4de0,0x00000007c0000000)
  to   space 63488K, 0% used [0x00000007b8000000,0x00000007b8000000,0x00000007bbe00000)
 ParOldGen       total 683008K, used 69459K [0x0000000736800000, 0x0000000760300000, 0x0000000792300000)
  object space 683008K, 10% used [0x0000000736800000,0x000000073abd4fd8,0x0000000760300000)
 Metaspace       used 58348K, capacity 58928K, committed 59160K, reserved 1101824K
  class space    used 6595K, capacity 6736K, committed 6832K, reserved 1048576K
}
Event: 16.305 GC heap before
{Heap before GC invocations=9 (full 3):
 PSYoungGen      total 687104K, used 16339K [0x0000000792300000, 0x00000007c0000000, 0x00000007c0000000)
  eden space 619520K, 0% used [0x0000000792300000,0x0000000792300000,0x00000007b8000000)
  from space 67584K, 24% used [0x00000007bbe00000,0x00000007bcdf4de0,0x00000007c0000000)
  to   space 63488K, 0% used [0x00000007b8000000,0x00000007b8000000,0x00000007bbe00000)
 ParOldGen       total 683008K, used 69459K [0x0000000736800000, 0x0000000760300000, 0x0000000792300000)
  object space 683008K, 10% used [0x0000000736800000,0x000000073abd4fd8,0x0000000760300000)
 Metaspace       used 58348K, capacity 58928K, committed 59160K, reserved 1101824K
  class space    used 6595K, capacity 6736K, committed 6832K, reserved 1048576K
Event: 16.378 GC heap after
Heap after GC invocations=9 (full 3):
 PSYoungGen      total 687104K, used 0K [0x0000000792300000, 0x00000007c0000000, 0x00000007c0000000)
  eden space 619520K, 0% used [0x0000000792300000,0x0000000792300000,0x00000007b8000000)
  from space 67584K, 0% used [0x00000007bbe00000,0x00000007bbe00000,0x00000007c0000000)
  to   space 63488K, 0% used [0x00000007b8000000,0x00000007b8000000,0x00000007bbe00000)
 ParOldGen       total 710656K, used 81235K [0x0000000736800000, 0x0000000761e00000, 0x0000000792300000)
  object space 710656K, 11% used [0x0000000736800000,0x000000073b754dc0,0x0000000761e00000)
 Metaspace       used 58348K, capacity 58928K, committed 59160K, reserved 1101824K
  class space    used 6595K, capacity 6736K, committed 6832K, reserved 1048576K
}
Event: 24.513 GC heap before
{Heap before GC invocations=10 (full 3):
 PSYoungGen      total 687104K, used 619520K [0x0000000792300000, 0x00000007c0000000, 0x00000007c0000000)
  eden space 619520K, 100% used [0x0000000792300000,0x00000007b8000000,0x00000007b8000000)
  from space 67584K, 0% used [0x00000007bbe00000,0x00000007bbe00000,0x00000007c0000000)
  to   space 63488K, 0% used [0x00000007b8000000,0x00000007b8000000,0x00000007bbe00000)
 ParOldGen       total 710656K, used 81235K [0x0000000736800000, 0x0000000761e00000, 0x0000000792300000)
  object space 710656K, 11% used [0x0000000736800000,0x000000073b754dc0,0x0000000761e00000)
 Metaspace       used 87802K, capacity 89636K, committed 89768K, reserved 1128448K
  class space    used 9995K, capacity 10356K, committed 10416K, reserved 1048576K
Event: 24.535 GC heap after
Heap after GC invocations=10 (full 3):
 PSYoungGen      total 653312K, used 33600K [0x0000000792300000, 0x00000007bfa00000, 0x00000007c0000000)
  eden space 619520K, 0% used [0x0000000792300000,0x0000000792300000,0x00000007b8000000)
  from space 33792K, 99% used [0x00000007b8000000,0x00000007ba0d0020,0x00000007ba100000)
  to   space 62464K, 0% used [0x00000007bbd00000,0x00000007bbd00000,0x00000007bfa00000)
 ParOldGen       total 710656K, used 81243K [0x0000000736800000, 0x0000000761e00000, 0x0000000792300000)
  object space 710656K, 11% used [0x0000000736800000,0x000000073b756dc0,0x0000000761e00000)
 Metaspace       used 87802K, capacity 89636K, committed 89768K, reserved 1128448K
  class space    used 9995K, capacity 10356K, committed 10416K, reserved 1048576K
}
Event: 25.927 GC heap before
{Heap before GC invocations=11 (full 3):
 PSYoungGen      total 653312K, used 652949K [0x0000000792300000, 0x00000007bfa00000, 0x00000007c0000000)
  eden space 619520K, 99% used [0x0000000792300000,0x00000007b7fd5518,0x00000007b8000000)
  from space 33792K, 99% used [0x00000007b8000000,0x00000007ba0d0020,0x00000007ba100000)
  to   space 62464K, 0% used [0x00000007bbd00000,0x00000007bbd00000,0x00000007bfa00000)
 ParOldGen       total 710656K, used 81243K [0x0000000736800000, 0x0000000761e00000, 0x0000000792300000)
  object space 710656K, 11% used [0x0000000736800000,0x000000073b756dc0,0x0000000761e00000)
 Metaspace       used 89329K, capacity 91336K, committed 91560K, reserved 1130496K
  class space    used 10156K, capacity 10596K, committed 10672K, reserved 1048576K
Event: 25.947 GC heap after
Heap after GC invocations=11 (full 3):
 PSYoungGen      total 686080K, used 25727K [0x0000000792300000, 0x00000007c0000000, 0x00000007c0000000)
  eden space 623616K, 0% used [0x0000000792300000,0x0000000792300000,0x00000007b8400000)
  from space 62464K, 41% used [0x00000007bbd00000,0x00000007bd61fc48,0x00000007bfa00000)
  to   space 58368K, 0% used [0x00000007b8400000,0x00000007b8400000,0x00000007bbd00000)
 ParOldGen       total 710656K, used 81251K [0x0000000736800000, 0x0000000761e00000, 0x0000000792300000)
  object space 710656K, 11% used [0x0000000736800000,0x000000073b758dc0,0x0000000761e00000)
 Metaspace       used 89329K, capacity 91336K, committed 91560K, reserved 1130496K
  class space    used 10156K, capacity 10596K, committed 10672K, reserved 1048576K
}

