# JRE version: Java(TM) SE Runtime Environment (8.0_271-b09) (build 1.8.0_271-b09)
# Java VM: Java HotSpot(TM) 64-Bit Server VM (25.271-b09 mixed mode bsd-amd64 compressed oops)
Heap:
 PSYoungGen      total 685056K, used 67473K [0x0000000792300000, 0x00000007c0000000, 0x00000007c0000000)
  eden space 622592K, 6% used [0x0000000792300000,0x00000007948a7da0,0x00000007b8300000)
  from space 62464K, 46% used [0x00000007bbc80000,0x00000007bd8bc9f0,0x00000007bf980000)
  to   space 58880K, 0% used [0x00000007b8300000,0x00000007b8300000,0x00000007bbc80000)
 ParOldGen       total 704512K, used 81198K [0x0000000736800000, 0x0000000761800000, 0x0000000792300000)
  object space 704512K, 11% used [0x0000000736800000,0x000000073b74b9d0,0x0000000761800000)
 Metaspace       used 89321K, capacity 91326K, committed 91560K, reserved 1130496K
  class space    used 10157K, capacity 10569K, committed 10664K, reserved 1048576K
GC Heap History (10 events):
Event: 13.318 GC heap before
{Heap before GC invocations=7 (full 2):
 PSYoungGen      total 487424K, used 444928K [0x0000000792300000, 0x00000007b2c80000, 0x00000007c0000000)
  eden space 444928K, 100% used [0x0000000792300000,0x00000007ad580000,0x00000007ad580000)
  from space 42496K, 0% used [0x00000007aff00000,0x00000007aff00000,0x00000007b2880000)
  to   space 42496K, 0% used [0x00000007ad580000,0x00000007ad580000,0x00000007aff00000)
 ParOldGen       total 683008K, used 69543K [0x0000000736800000, 0x0000000760300000, 0x0000000792300000)
  object space 683008K, 10% used [0x0000000736800000,0x000000073abe9cd0,0x0000000760300000)
 Metaspace       used 44612K, capacity 45004K, committed 45352K, reserved 1089536K
  class space    used 5200K, capacity 5330K, committed 5416K, reserved 1048576K
Event: 13.325 GC heap after
Heap after GC invocations=7 (full 2):
 PSYoungGen      total 487424K, used 12764K [0x0000000792300000, 0x00000007c0000000, 0x00000007c0000000)
  eden space 444928K, 0% used [0x0000000792300000,0x0000000792300000,0x00000007ad580000)
  from space 42496K, 30% used [0x00000007ad580000,0x00000007ae1f7050,0x00000007aff00000)
  to   space 67584K, 0% used [0x00000007bbe00000,0x00000007bbe00000,0x00000007c0000000)
 ParOldGen       total 683008K, used 69551K [0x0000000736800000, 0x0000000760300000, 0x0000000792300000)
  object space 683008K, 10% used [0x0000000736800000,0x000000073abebcd0,0x0000000760300000)
 Metaspace       used 44612K, capacity 45004K, committed 45352K, reserved 1089536K
  class space    used 5200K, capacity 5330K, committed 5416K, reserved 1048576K
}
Event: 16.949 GC heap before
{Heap before GC invocations=8 (full 2):
 PSYoungGen      total 487424K, used 328636K [0x0000000792300000, 0x00000007c0000000, 0x00000007c0000000)
  eden space 444928K, 70% used [0x0000000792300000,0x00000007a5778228,0x00000007ad580000)
  from space 42496K, 30% used [0x00000007ad580000,0x00000007ae1f7050,0x00000007aff00000)
  to   space 67584K, 0% used [0x00000007bbe00000,0x00000007bbe00000,0x00000007c0000000)
 ParOldGen       total 683008K, used 69551K [0x0000000736800000, 0x0000000760300000, 0x0000000792300000)
  object space 683008K, 10% used [0x0000000736800000,0x000000073abebcd0,0x0000000760300000)
 Metaspace       used 58351K, capacity 58928K, committed 59160K, reserved 1101824K
  class space    used 6595K, capacity 6736K, committed 6824K, reserved 1048576K
Event: 16.957 GC heap after
Heap after GC invocations=8 (full 2):
 PSYoungGen      total 686592K, used 16118K [0x0000000792300000, 0x00000007c0000000, 0x00000007c0000000)
  eden space 619008K, 0% used [0x0000000792300000,0x0000000792300000,0x00000007b7f80000)
  from space 67584K, 23% used [0x00000007bbe00000,0x00000007bcdbdb70,0x00000007c0000000)
  to   space 64000K, 0% used [0x00000007b7f80000,0x00000007b7f80000,0x00000007bbe00000)
 ParOldGen       total 683008K, used 69559K [0x0000000736800000, 0x0000000760300000, 0x0000000792300000)
  object space 683008K, 10% used [0x0000000736800000,0x000000073abedcd0,0x0000000760300000)
 Metaspace       used 58351K, capacity 58928K, committed 59160K, reserved 1101824K
  class space    used 6595K, capacity 6736K, committed 6824K, reserved 1048576K
}
Event: 16.957 GC heap before
{Heap before GC invocations=9 (full 3):
 PSYoungGen      total 686592K, used 16118K [0x0000000792300000, 0x00000007c0000000, 0x00000007c0000000)
  eden space 619008K, 0% used [0x0000000792300000,0x0000000792300000,0x00000007b7f80000)
  from space 67584K, 23% used [0x00000007bbe00000,0x00000007bcdbdb70,0x00000007c0000000)
  to   space 64000K, 0% used [0x00000007b7f80000,0x00000007b7f80000,0x00000007bbe00000)
 ParOldGen       total 683008K, used 69559K [0x0000000736800000, 0x0000000760300000, 0x0000000792300000)
  object space 683008K, 10% used [0x0000000736800000,0x000000073abedcd0,0x0000000760300000)
 Metaspace       used 58351K, capacity 58928K, committed 59160K, reserved 1101824K
  class space    used 6595K, capacity 6736K, committed 6824K, reserved 1048576K
Event: 17.030 GC heap after
Heap after GC invocations=9 (full 3):
 PSYoungGen      total 686592K, used 0K [0x0000000792300000, 0x00000007c0000000, 0x00000007c0000000)
  eden space 619008K, 0% used [0x0000000792300000,0x0000000792300000,0x00000007b7f80000)
  from space 67584K, 0% used [0x00000007bbe00000,0x00000007bbe00000,0x00000007c0000000)
  to   space 64000K, 0% used [0x00000007b7f80000,0x00000007b7f80000,0x00000007bbe00000)
 ParOldGen       total 704512K, used 81180K [0x0000000736800000, 0x0000000761800000, 0x0000000792300000)
  object space 704512K, 11% used [0x0000000736800000,0x000000073b7470f8,0x0000000761800000)
 Metaspace       used 58351K, capacity 58928K, committed 59160K, reserved 1101824K
  class space    used 6595K, capacity 6736K, committed 6824K, reserved 1048576K
}
Event: 25.511 GC heap before
{Heap before GC invocations=10 (full 3):
 PSYoungGen      total 686592K, used 619008K [0x0000000792300000, 0x00000007c0000000, 0x00000007c0000000)
  eden space 619008K, 100% used [0x0000000792300000,0x00000007b7f80000,0x00000007b7f80000)
  from space 67584K, 0% used [0x00000007bbe00000,0x00000007bbe00000,0x00000007c0000000)
  to   space 64000K, 0% used [0x00000007b7f80000,0x00000007b7f80000,0x00000007bbe00000)
 ParOldGen       total 704512K, used 81182K [0x0000000736800000, 0x0000000761800000, 0x0000000792300000)
  object space 704512K, 11% used [0x0000000736800000,0x000000073b7479d0,0x0000000761800000)
 Metaspace       used 87707K, capacity 89590K, committed 89768K, reserved 1128448K
  class space    used 9991K, capacity 10361K, committed 10408K, reserved 1048576K
Event: 25.534 GC heap after
Heap after GC invocations=10 (full 3):
 PSYoungGen      total 652288K, used 33171K [0x0000000792300000, 0x00000007bf980000, 0x00000007c0000000)
  eden space 619008K, 0% used [0x0000000792300000,0x0000000792300000,0x00000007b7f80000)
  from space 33280K, 99% used [0x00000007b7f80000,0x00000007b9fe4df8,0x00000007ba000000)
  to   space 62464K, 0% used [0x00000007bbc80000,0x00000007bbc80000,0x00000007bf980000)
 ParOldGen       total 704512K, used 81190K [0x0000000736800000, 0x0000000761800000, 0x0000000792300000)
  object space 704512K, 11% used [0x0000000736800000,0x000000073b7499d0,0x0000000761800000)
 Metaspace       used 87707K, capacity 89590K, committed 89768K, reserved 1128448K
  class space    used 9991K, capacity 10361K, committed 10408K, reserved 1048576K
}
Event: 27.139 GC heap before
{Heap before GC invocations=11 (full 3):
 PSYoungGen      total 652288K, used 652139K [0x0000000792300000, 0x00000007bf980000, 0x00000007c0000000)
  eden space 619008K, 99% used [0x0000000792300000,0x00000007b7f761f0,0x00000007b7f80000)
  from space 33280K, 99% used [0x00000007b7f80000,0x00000007b9fe4df8,0x00000007ba000000)
  to   space 62464K, 0% used [0x00000007bbc80000,0x00000007bbc80000,0x00000007bf980000)
 ParOldGen       total 704512K, used 81190K [0x0000000736800000, 0x0000000761800000, 0x0000000792300000)
  object space 704512K, 11% used [0x0000000736800000,0x000000073b7499d0,0x0000000761800000)
 Metaspace       used 89309K, capacity 91326K, committed 91560K, reserved 1130496K
  class space    used 10156K, capacity 10569K, committed 10664K, reserved 1048576K
Event: 27.157 GC heap after
Heap after GC invocations=11 (full 3):
 PSYoungGen      total 685056K, used 28914K [0x0000000792300000, 0x00000007c0000000, 0x00000007c0000000)
  eden space 622592K, 0% used [0x0000000792300000,0x0000000792300000,0x00000007b8300000)
  from space 62464K, 46% used [0x00000007bbc80000,0x00000007bd8bc9f0,0x00000007bf980000)
  to   space 58880K, 0% used [0x00000007b8300000,0x00000007b8300000,0x00000007bbc80000)
 ParOldGen       total 704512K, used 81198K [0x0000000736800000, 0x0000000761800000, 0x0000000792300000)
  object space 704512K, 11% used [0x0000000736800000,0x000000073b74b9d0,0x0000000761800000)
 Metaspace       used 89309K, capacity 91326K, committed 91560K, reserved 1130496K
  class space    used 10156K, capacity 10569K, committed 10664K, reserved 1048576K
}

