# JRE version: Java(TM) SE Runtime Environment (8.0_271-b09) (build 1.8.0_271-b09)
# Java VM: Java HotSpot(TM) 64-Bit Server VM (25.271-b09 mixed mode bsd-amd64 compressed oops)
Heap:
 PSYoungGen      total 685568K, used 51160K [0x0000000792300000, 0x00000007c0000000, 0x00000007c0000000)
  eden space 623104K, 4% used [0x0000000792300000,0x0000000793bd19c0,0x00000007b8380000)
  from space 62464K, 41% used [0x00000007bbc80000,0x00000007bd5a49f0,0x00000007bf980000)
  to   space 58368K, 0% used [0x00000007b8380000,0x00000007b8380000,0x00000007bbc80000)
 ParOldGen       total 701440K, used 80980K [0x0000000736800000, 0x0000000761500000, 0x0000000792300000)
  object space 701440K, 11% used [0x0000000736800000,0x000000073b7151b8,0x0000000761500000)
 Metaspace       used 89299K, capacity 91200K, committed 91304K, reserved 1130496K
  class space    used 10157K, capacity 10562K, committed 10664K, reserved 1048576K
GC Heap History (10 events):
Event: 13.031 GC heap before
{Heap before GC invocations=7 (full 2):
 PSYoungGen      total 487936K, used 445440K [0x0000000792300000, 0x00000007b2e80000, 0x00000007c0000000)
  eden space 445440K, 100% used [0x0000000792300000,0x00000007ad600000,0x00000007ad600000)
  from space 42496K, 0% used [0x00000007aff80000,0x00000007aff80000,0x00000007b2900000)
  to   space 42496K, 0% used [0x00000007ad600000,0x00000007ad600000,0x00000007aff80000)
 ParOldGen       total 683008K, used 69570K [0x0000000736800000, 0x0000000760300000, 0x0000000792300000)
  object space 683008K, 10% used [0x0000000736800000,0x000000073abf09d8,0x0000000760300000)
 Metaspace       used 44887K, capacity 45286K, committed 45608K, reserved 1089536K
  class space    used 5221K, capacity 5361K, committed 5416K, reserved 1048576K
Event: 13.038 GC heap after
Heap after GC invocations=7 (full 2):
 PSYoungGen      total 487936K, used 12859K [0x0000000792300000, 0x00000007c0000000, 0x00000007c0000000)
  eden space 445440K, 0% used [0x0000000792300000,0x0000000792300000,0x00000007ad600000)
  from space 42496K, 30% used [0x00000007ad600000,0x00000007ae28efd8,0x00000007aff80000)
  to   space 67584K, 0% used [0x00000007bbe00000,0x00000007bbe00000,0x00000007c0000000)
 ParOldGen       total 683008K, used 69578K [0x0000000736800000, 0x0000000760300000, 0x0000000792300000)
  object space 683008K, 10% used [0x0000000736800000,0x000000073abf29d8,0x0000000760300000)
 Metaspace       used 44887K, capacity 45286K, committed 45608K, reserved 1089536K
  class space    used 5221K, capacity 5361K, committed 5416K, reserved 1048576K
}
Event: 16.852 GC heap before
{Heap before GC invocations=8 (full 2):
 PSYoungGen      total 487936K, used 322857K [0x0000000792300000, 0x00000007c0000000, 0x00000007c0000000)
  eden space 445440K, 69% used [0x0000000792300000,0x00000007a51bb788,0x00000007ad600000)
  from space 42496K, 30% used [0x00000007ad600000,0x00000007ae28efd8,0x00000007aff80000)
  to   space 67584K, 0% used [0x00000007bbe00000,0x00000007bbe00000,0x00000007c0000000)
 ParOldGen       total 683008K, used 69578K [0x0000000736800000, 0x0000000760300000, 0x0000000792300000)
  object space 683008K, 10% used [0x0000000736800000,0x000000073abf29d8,0x0000000760300000)
 Metaspace       used 58343K, capacity 58928K, committed 59160K, reserved 1101824K
  class space    used 6596K, capacity 6736K, committed 6824K, reserved 1048576K
Event: 16.859 GC heap after
Heap after GC invocations=8 (full 2):
 PSYoungGen      total 686592K, used 15894K [0x0000000792300000, 0x00000007c0000000, 0x00000007c0000000)
  eden space 619008K, 0% used [0x0000000792300000,0x0000000792300000,0x00000007b7f80000)
  from space 67584K, 23% used [0x00000007bbe00000,0x00000007bcd859a0,0x00000007c0000000)
  to   space 64000K, 0% used [0x00000007b7f80000,0x00000007b7f80000,0x00000007bbe00000)
 ParOldGen       total 683008K, used 69586K [0x0000000736800000, 0x0000000760300000, 0x0000000792300000)
  object space 683008K, 10% used [0x0000000736800000,0x000000073abf49d8,0x0000000760300000)
 Metaspace       used 58343K, capacity 58928K, committed 59160K, reserved 1101824K
  class space    used 6596K, capacity 6736K, committed 6824K, reserved 1048576K
}
Event: 16.859 GC heap before
{Heap before GC invocations=9 (full 3):
 PSYoungGen      total 686592K, used 15894K [0x0000000792300000, 0x00000007c0000000, 0x00000007c0000000)
  eden space 619008K, 0% used [0x0000000792300000,0x0000000792300000,0x00000007b7f80000)
  from space 67584K, 23% used [0x00000007bbe00000,0x00000007bcd859a0,0x00000007c0000000)
  to   space 64000K, 0% used [0x00000007b7f80000,0x00000007b7f80000,0x00000007bbe00000)
 ParOldGen       total 683008K, used 69586K [0x0000000736800000, 0x0000000760300000, 0x0000000792300000)
  object space 683008K, 10% used [0x0000000736800000,0x000000073abf49d8,0x0000000760300000)
 Metaspace       used 58343K, capacity 58928K, committed 59160K, reserved 1101824K
  class space    used 6596K, capacity 6736K, committed 6824K, reserved 1048576K
Event: 16.928 GC heap after
Heap after GC invocations=9 (full 3):
 PSYoungGen      total 686592K, used 0K [0x0000000792300000, 0x00000007c0000000, 0x00000007c0000000)
  eden space 619008K, 0% used [0x0000000792300000,0x0000000792300000,0x00000007b7f80000)
  from space 67584K, 0% used [0x00000007bbe00000,0x00000007bbe00000,0x00000007c0000000)
  to   space 64000K, 0% used [0x00000007b7f80000,0x00000007b7f80000,0x00000007bbe00000)
 ParOldGen       total 701440K, used 80964K [0x0000000736800000, 0x0000000761500000, 0x0000000792300000)
  object space 701440K, 11% used [0x0000000736800000,0x000000073b7111b8,0x0000000761500000)
 Metaspace       used 58343K, capacity 58928K, committed 59160K, reserved 1101824K
  class space    used 6596K, capacity 6736K, committed 6824K, reserved 1048576K
}
Event: 25.351 GC heap before
{Heap before GC invocations=10 (full 3):
 PSYoungGen      total 686592K, used 619008K [0x0000000792300000, 0x00000007c0000000, 0x00000007c0000000)
  eden space 619008K, 100% used [0x0000000792300000,0x00000007b7f80000,0x00000007b7f80000)
  from space 67584K, 0% used [0x00000007bbe00000,0x00000007bbe00000,0x00000007c0000000)
  to   space 64000K, 0% used [0x00000007b7f80000,0x00000007b7f80000,0x00000007bbe00000)
 ParOldGen       total 701440K, used 80964K [0x0000000736800000, 0x0000000761500000, 0x0000000792300000)
  object space 701440K, 11% used [0x0000000736800000,0x000000073b7111b8,0x0000000761500000)
 Metaspace       used 87742K, capacity 89588K, committed 89768K, reserved 1128448K
  class space    used 9995K, capacity 10364K, committed 10408K, reserved 1048576K
Event: 25.374 GC heap after
Heap after GC invocations=10 (full 3):
 PSYoungGen      total 652800K, used 33672K [0x0000000792300000, 0x00000007bf980000, 0x00000007c0000000)
  eden space 619008K, 0% used [0x0000000792300000,0x0000000792300000,0x00000007b7f80000)
  from space 33792K, 99% used [0x00000007b7f80000,0x00000007ba062150,0x00000007ba080000)
  to   space 62464K, 0% used [0x00000007bbc80000,0x00000007bbc80000,0x00000007bf980000)
 ParOldGen       total 701440K, used 80972K [0x0000000736800000, 0x0000000761500000, 0x0000000792300000)
  object space 701440K, 11% used [0x0000000736800000,0x000000073b7131b8,0x0000000761500000)
 Metaspace       used 87742K, capacity 89588K, committed 89768K, reserved 1128448K
  class space    used 9995K, capacity 10364K, committed 10408K, reserved 1048576K
}
Event: 26.882 GC heap before
{Heap before GC invocations=11 (full 3):
 PSYoungGen      total 652800K, used 652592K [0x0000000792300000, 0x00000007bf980000, 0x00000007c0000000)
  eden space 619008K, 99% used [0x0000000792300000,0x00000007b7f6a188,0x00000007b7f80000)
  from space 33792K, 99% used [0x00000007b7f80000,0x00000007ba062150,0x00000007ba080000)
  to   space 62464K, 0% used [0x00000007bbc80000,0x00000007bbc80000,0x00000007bf980000)
 ParOldGen       total 701440K, used 80972K [0x0000000736800000, 0x0000000761500000, 0x0000000792300000)
  object space 701440K, 11% used [0x0000000736800000,0x000000073b7131b8,0x0000000761500000)
 Metaspace       used 89296K, capacity 91200K, committed 91304K, reserved 1130496K
  class space    used 10157K, capacity 10562K, committed 10664K, reserved 1048576K
Event: 26.902 GC heap after
Heap after GC invocations=11 (full 3):
 PSYoungGen      total 685568K, used 25746K [0x0000000792300000, 0x00000007c0000000, 0x00000007c0000000)
  eden space 623104K, 0% used [0x0000000792300000,0x0000000792300000,0x00000007b8380000)
  from space 62464K, 41% used [0x00000007bbc80000,0x00000007bd5a49f0,0x00000007bf980000)
  to   space 58368K, 0% used [0x00000007b8380000,0x00000007b8380000,0x00000007bbc80000)
 ParOldGen       total 701440K, used 80980K [0x0000000736800000, 0x0000000761500000, 0x0000000792300000)
  object space 701440K, 11% used [0x0000000736800000,0x000000073b7151b8,0x0000000761500000)
 Metaspace       used 89296K, capacity 91200K, committed 91304K, reserved 1130496K
  class space    used 10157K, capacity 10562K, committed 10664K, reserved 1048576K
}

