# JRE version: Java(TM) SE Runtime Environment (8.0_271-b09) (build 1.8.0_271-b09)
# Java VM: Java HotSpot(TM) 64-Bit Server VM (25.271-b09 mixed mode bsd-amd64 compressed oops)
Heap:
 PSYoungGen      total 686592K, used 175676K [0x0000000792300000, 0x00000007c0000000, 0x00000007c0000000)
  eden space 624128K, 24% used [0x0000000792300000,0x000000079b5b77f0,0x00000007b8480000)
  from space 62464K, 40% used [0x00000007bbd80000,0x00000007bd657be8,0x00000007bfa80000)
  to   space 58368K, 0% used [0x00000007b8480000,0x00000007b8480000,0x00000007bbd80000)
 ParOldGen       total 696832K, used 81109K [0x0000000736800000, 0x0000000761080000, 0x0000000792300000)
  object space 696832K, 11% used [0x0000000736800000,0x000000073b7354b0,0x0000000761080000)
 Metaspace       used 89390K, capacity 91300K, committed 91432K, reserved 1130496K
  class space    used 10150K, capacity 10530K, committed 10544K, reserved 1048576K
GC Heap History (10 events):
Event: 15.378 GC heap before
{Heap before GC invocations=7 (full 2):
 PSYoungGen      total 484352K, used 441856K [0x0000000792300000, 0x00000007b2c00000, 0x00000007c0000000)
  eden space 441856K, 100% used [0x0000000792300000,0x00000007ad280000,0x00000007ad280000)
  from space 42496K, 0% used [0x00000007afc00000,0x00000007afc00000,0x00000007b2580000)
  to   space 42496K, 0% used [0x00000007ad280000,0x00000007ad280000,0x00000007afc00000)
 ParOldGen       total 683008K, used 69449K [0x0000000736800000, 0x0000000760300000, 0x0000000792300000)
  object space 683008K, 10% used [0x0000000736800000,0x000000073abd27e8,0x0000000760300000)
 Metaspace       used 44667K, capacity 45068K, committed 45608K, reserved 1089536K
  class space    used 5203K, capacity 5330K, committed 5424K, reserved 1048576K
Event: 15.384 GC heap after
Heap after GC invocations=7 (full 2):
 PSYoungGen      total 484352K, used 12858K [0x0000000792300000, 0x00000007c0000000, 0x00000007c0000000)
  eden space 441856K, 0% used [0x0000000792300000,0x0000000792300000,0x00000007ad280000)
  from space 42496K, 30% used [0x00000007ad280000,0x00000007adf0e938,0x00000007afc00000)
  to   space 67072K, 0% used [0x00000007bbe80000,0x00000007bbe80000,0x00000007c0000000)
 ParOldGen       total 683008K, used 69457K [0x0000000736800000, 0x0000000760300000, 0x0000000792300000)
  object space 683008K, 10% used [0x0000000736800000,0x000000073abd47e8,0x0000000760300000)
 Metaspace       used 44667K, capacity 45068K, committed 45608K, reserved 1089536K
  class space    used 5203K, capacity 5330K, committed 5424K, reserved 1048576K
}
Event: 19.064 GC heap before
{Heap before GC invocations=8 (full 2):
 PSYoungGen      total 484352K, used 322170K [0x0000000792300000, 0x00000007c0000000, 0x00000007c0000000)
  eden space 441856K, 70% used [0x0000000792300000,0x00000007a5110250,0x00000007ad280000)
  from space 42496K, 30% used [0x00000007ad280000,0x00000007adf0e938,0x00000007afc00000)
  to   space 67072K, 0% used [0x00000007bbe80000,0x00000007bbe80000,0x00000007c0000000)
 ParOldGen       total 683008K, used 69457K [0x0000000736800000, 0x0000000760300000, 0x0000000792300000)
  object space 683008K, 10% used [0x0000000736800000,0x000000073abd47e8,0x0000000760300000)
 Metaspace       used 58347K, capacity 58928K, committed 59160K, reserved 1101824K
  class space    used 6593K, capacity 6736K, committed 6832K, reserved 1048576K
Event: 19.071 GC heap after
Heap after GC invocations=8 (full 2):
 PSYoungGen      total 687104K, used 16018K [0x0000000792300000, 0x00000007c0000000, 0x00000007c0000000)
  eden space 620032K, 0% used [0x0000000792300000,0x0000000792300000,0x00000007b8080000)
  from space 67072K, 23% used [0x00000007bbe80000,0x00000007bce24bc0,0x00000007c0000000)
  to   space 63488K, 0% used [0x00000007b8080000,0x00000007b8080000,0x00000007bbe80000)
 ParOldGen       total 683008K, used 69465K [0x0000000736800000, 0x0000000760300000, 0x0000000792300000)
  object space 683008K, 10% used [0x0000000736800000,0x000000073abd67e8,0x0000000760300000)
 Metaspace       used 58347K, capacity 58928K, committed 59160K, reserved 1101824K
  class space    used 6593K, capacity 6736K, committed 6832K, reserved 1048576K
}
Event: 19.071 GC heap before
{Heap before GC invocations=9 (full 3):
 PSYoungGen      total 687104K, used 16018K [0x0000000792300000, 0x00000007c0000000, 0x00000007c0000000)
  eden space 620032K, 0% used [0x0000000792300000,0x0000000792300000,0x00000007b8080000)
  from space 67072K, 23% used [0x00000007bbe80000,0x00000007bce24bc0,0x00000007c0000000)
  to   space 63488K, 0% used [0x00000007b8080000,0x00000007b8080000,0x00000007bbe80000)
 ParOldGen       total 683008K, used 69465K [0x0000000736800000, 0x0000000760300000, 0x0000000792300000)
  object space 683008K, 10% used [0x0000000736800000,0x000000073abd67e8,0x0000000760300000)
 Metaspace       used 58347K, capacity 58928K, committed 59160K, reserved 1101824K
  class space    used 6593K, capacity 6736K, committed 6832K, reserved 1048576K
Event: 19.142 GC heap after
Heap after GC invocations=9 (full 3):
 PSYoungGen      total 687104K, used 0K [0x0000000792300000, 0x00000007c0000000, 0x00000007c0000000)
  eden space 620032K, 0% used [0x0000000792300000,0x0000000792300000,0x00000007b8080000)
  from space 67072K, 0% used [0x00000007bbe80000,0x00000007bbe80000,0x00000007c0000000)
  to   space 63488K, 0% used [0x00000007b8080000,0x00000007b8080000,0x00000007bbe80000)
 ParOldGen       total 696832K, used 81093K [0x0000000736800000, 0x0000000761080000, 0x0000000792300000)
  object space 696832K, 11% used [0x0000000736800000,0x000000073b7314b0,0x0000000761080000)
 Metaspace       used 58347K, capacity 58928K, committed 59160K, reserved 1101824K
  class space    used 6593K, capacity 6736K, committed 6832K, reserved 1048576K
}
Event: 28.210 GC heap before
{Heap before GC invocations=10 (full 3):
 PSYoungGen      total 687104K, used 620032K [0x0000000792300000, 0x00000007c0000000, 0x00000007c0000000)
  eden space 620032K, 100% used [0x0000000792300000,0x00000007b8080000,0x00000007b8080000)
  from space 67072K, 0% used [0x00000007bbe80000,0x00000007bbe80000,0x00000007c0000000)
  to   space 63488K, 0% used [0x00000007b8080000,0x00000007b8080000,0x00000007bbe80000)
 ParOldGen       total 696832K, used 81093K [0x0000000736800000, 0x0000000761080000, 0x0000000792300000)
  object space 696832K, 11% used [0x0000000736800000,0x000000073b7314b0,0x0000000761080000)
 Metaspace       used 87757K, capacity 89598K, committed 89768K, reserved 1128448K
  class space    used 9986K, capacity 10363K, committed 10416K, reserved 1048576K
Event: 28.233 GC heap after
Heap after GC invocations=10 (full 3):
 PSYoungGen      total 653312K, used 33176K [0x0000000792300000, 0x00000007bfa80000, 0x00000007c0000000)
  eden space 620032K, 0% used [0x0000000792300000,0x0000000792300000,0x00000007b8080000)
  from space 33280K, 99% used [0x00000007b8080000,0x00000007ba0e6248,0x00000007ba100000)
  to   space 62464K, 0% used [0x00000007bbd80000,0x00000007bbd80000,0x00000007bfa80000)
 ParOldGen       total 696832K, used 81101K [0x0000000736800000, 0x0000000761080000, 0x0000000792300000)
  object space 696832K, 11% used [0x0000000736800000,0x000000073b7334b0,0x0000000761080000)
 Metaspace       used 87757K, capacity 89598K, committed 89768K, reserved 1128448K
  class space    used 9986K, capacity 10363K, committed 10416K, reserved 1048576K
}
Event: 29.889 GC heap before
{Heap before GC invocations=11 (full 3):
 PSYoungGen      total 653312K, used 653153K [0x0000000792300000, 0x00000007bfa80000, 0x00000007c0000000)
  eden space 620032K, 99% used [0x0000000792300000,0x00000007b8072318,0x00000007b8080000)
  from space 33280K, 99% used [0x00000007b8080000,0x00000007ba0e6248,0x00000007ba100000)
  to   space 62464K, 0% used [0x00000007bbd80000,0x00000007bbd80000,0x00000007bfa80000)
 ParOldGen       total 696832K, used 81101K [0x0000000736800000, 0x0000000761080000, 0x0000000792300000)
  object space 696832K, 11% used [0x0000000736800000,0x000000073b7334b0,0x0000000761080000)
 Metaspace       used 89334K, capacity 91236K, committed 91432K, reserved 1130496K
  class space    used 10150K, capacity 10530K, committed 10544K, reserved 1048576K
Event: 29.907 GC heap after
Heap after GC invocations=11 (full 3):
 PSYoungGen      total 686592K, used 25438K [0x0000000792300000, 0x00000007c0000000, 0x00000007c0000000)
  eden space 624128K, 0% used [0x0000000792300000,0x0000000792300000,0x00000007b8480000)
  from space 62464K, 40% used [0x00000007bbd80000,0x00000007bd657be8,0x00000007bfa80000)
  to   space 58368K, 0% used [0x00000007b8480000,0x00000007b8480000,0x00000007bbd80000)
 ParOldGen       total 696832K, used 81109K [0x0000000736800000, 0x0000000761080000, 0x0000000792300000)
  object space 696832K, 11% used [0x0000000736800000,0x000000073b7354b0,0x0000000761080000)
 Metaspace       used 89334K, capacity 91236K, committed 91432K, reserved 1130496K
  class space    used 10150K, capacity 10530K, committed 10544K, reserved 1048576K
}

