# JRE version: Java(TM) SE Runtime Environment (8.0_271-b09) (build 1.8.0_271-b09)
# Java VM: Java HotSpot(TM) 64-Bit Server VM (25.271-b09 mixed mode bsd-amd64 compressed oops)
Heap:
 PSYoungGen      total 685568K, used 57059K [0x0000000792300000, 0x00000007c0000000, 0x00000007c0000000)
  eden space 623104K, 5% used [0x0000000792300000,0x000000079417a3d8,0x00000007b8380000)
  from space 62464K, 41% used [0x00000007bbc80000,0x00000007bd5be9f0,0x00000007bf980000)
  to   space 58368K, 0% used [0x00000007b8380000,0x00000007b8380000,0x00000007bbc80000)
 ParOldGen       total 716800K, used 81214K [0x0000000736800000, 0x0000000762400000, 0x0000000792300000)
  object space 716800K, 11% used [0x0000000736800000,0x000000073b74fbe0,0x0000000762400000)
 Metaspace       used 89294K, capacity 91236K, committed 91560K, reserved 1130496K
  class space    used 10150K, capacity 10556K, committed 10672K, reserved 1048576K
GC Heap History (10 events):
Event: 12.917 GC heap before
{Heap before GC invocations=7 (full 2):
 PSYoungGen      total 480768K, used 438272K [0x0000000792300000, 0x00000007b2c00000, 0x00000007c0000000)
  eden space 438272K, 100% used [0x0000000792300000,0x00000007acf00000,0x00000007acf00000)
  from space 42496K, 0% used [0x00000007af880000,0x00000007af880000,0x00000007b2200000)
  to   space 42496K, 0% used [0x00000007acf00000,0x00000007acf00000,0x00000007af880000)
 ParOldGen       total 683008K, used 69448K [0x0000000736800000, 0x0000000760300000, 0x0000000792300000)
  object space 683008K, 10% used [0x0000000736800000,0x000000073abd21e8,0x0000000760300000)
 Metaspace       used 44606K, capacity 45004K, committed 45352K, reserved 1089536K
  class space    used 5200K, capacity 5330K, committed 5424K, reserved 1048576K
Event: 12.924 GC heap after
Heap after GC invocations=7 (full 2):
 PSYoungGen      total 480768K, used 12806K [0x0000000792300000, 0x00000007c0000000, 0x00000007c0000000)
  eden space 438272K, 0% used [0x0000000792300000,0x0000000792300000,0x00000007acf00000)
  from space 42496K, 30% used [0x00000007acf00000,0x00000007adb819c8,0x00000007af880000)
  to   space 67584K, 0% used [0x00000007bbe00000,0x00000007bbe00000,0x00000007c0000000)
 ParOldGen       total 683008K, used 69448K [0x0000000736800000, 0x0000000760300000, 0x0000000792300000)
  object space 683008K, 10% used [0x0000000736800000,0x000000073abd21e8,0x0000000760300000)
 Metaspace       used 44606K, capacity 45004K, committed 45352K, reserved 1089536K
  class space    used 5200K, capacity 5330K, committed 5424K, reserved 1048576K
}
Event: 16.827 GC heap before
{Heap before GC invocations=8 (full 2):
 PSYoungGen      total 480768K, used 334314K [0x0000000792300000, 0x00000007c0000000, 0x00000007c0000000)
  eden space 438272K, 73% used [0x0000000792300000,0x00000007a5cf8fe8,0x00000007acf00000)
  from space 42496K, 30% used [0x00000007acf00000,0x00000007adb819c8,0x00000007af880000)
  to   space 67584K, 0% used [0x00000007bbe00000,0x00000007bbe00000,0x00000007c0000000)
 ParOldGen       total 683008K, used 69448K [0x0000000736800000, 0x0000000760300000, 0x0000000792300000)
  object space 683008K, 10% used [0x0000000736800000,0x000000073abd21e8,0x0000000760300000)
 Metaspace       used 58432K, capacity 58992K, committed 59160K, reserved 1101824K
  class space    used 6605K, capacity 6736K, committed 6832K, reserved 1048576K
Event: 16.834 GC heap after
Heap after GC invocations=8 (full 2):
 PSYoungGen      total 686592K, used 16176K [0x0000000792300000, 0x00000007c0000000, 0x00000007c0000000)
  eden space 619008K, 0% used [0x0000000792300000,0x0000000792300000,0x00000007b7f80000)
  from space 67584K, 23% used [0x00000007bbe00000,0x00000007bcdcc228,0x00000007c0000000)
  to   space 64000K, 0% used [0x00000007b7f80000,0x00000007b7f80000,0x00000007bbe00000)
 ParOldGen       total 683008K, used 69456K [0x0000000736800000, 0x0000000760300000, 0x0000000792300000)
  object space 683008K, 10% used [0x0000000736800000,0x000000073abd41e8,0x0000000760300000)
 Metaspace       used 58432K, capacity 58992K, committed 59160K, reserved 1101824K
  class space    used 6605K, capacity 6736K, committed 6832K, reserved 1048576K
}
Event: 16.834 GC heap before
{Heap before GC invocations=9 (full 3):
 PSYoungGen      total 686592K, used 16176K [0x0000000792300000, 0x00000007c0000000, 0x00000007c0000000)
  eden space 619008K, 0% used [0x0000000792300000,0x0000000792300000,0x00000007b7f80000)
  from space 67584K, 23% used [0x00000007bbe00000,0x00000007bcdcc228,0x00000007c0000000)
  to   space 64000K, 0% used [0x00000007b7f80000,0x00000007b7f80000,0x00000007bbe00000)
 ParOldGen       total 683008K, used 69456K [0x0000000736800000, 0x0000000760300000, 0x0000000792300000)
  object space 683008K, 10% used [0x0000000736800000,0x000000073abd41e8,0x0000000760300000)
 Metaspace       used 58432K, capacity 58992K, committed 59160K, reserved 1101824K
  class space    used 6605K, capacity 6736K, committed 6832K, reserved 1048576K
Event: 16.908 GC heap after
Heap after GC invocations=9 (full 3):
 PSYoungGen      total 686592K, used 0K [0x0000000792300000, 0x00000007c0000000, 0x00000007c0000000)
  eden space 619008K, 0% used [0x0000000792300000,0x0000000792300000,0x00000007b7f80000)
  from space 67584K, 0% used [0x00000007bbe00000,0x00000007bbe00000,0x00000007c0000000)
  to   space 64000K, 0% used [0x00000007b7f80000,0x00000007b7f80000,0x00000007bbe00000)
 ParOldGen       total 716800K, used 81198K [0x0000000736800000, 0x0000000762400000, 0x0000000792300000)
  object space 716800K, 11% used [0x0000000736800000,0x000000073b74bbe0,0x0000000762400000)
 Metaspace       used 58432K, capacity 58992K, committed 59160K, reserved 1101824K
  class space    used 6605K, capacity 6736K, committed 6832K, reserved 1048576K
}
Event: 25.439 GC heap before
{Heap before GC invocations=10 (full 3):
 PSYoungGen      total 686592K, used 619008K [0x0000000792300000, 0x00000007c0000000, 0x00000007c0000000)
  eden space 619008K, 100% used [0x0000000792300000,0x00000007b7f80000,0x00000007b7f80000)
  from space 67584K, 0% used [0x00000007bbe00000,0x00000007bbe00000,0x00000007c0000000)
  to   space 64000K, 0% used [0x00000007b7f80000,0x00000007b7f80000,0x00000007bbe00000)
 ParOldGen       total 716800K, used 81198K [0x0000000736800000, 0x0000000762400000, 0x0000000792300000)
  object space 716800K, 11% used [0x0000000736800000,0x000000073b74bbe0,0x0000000762400000)
 Metaspace       used 87795K, capacity 89624K, committed 89768K, reserved 1128448K
  class space    used 9995K, capacity 10358K, committed 10416K, reserved 1048576K
Event: 25.462 GC heap after
Heap after GC invocations=10 (full 3):
 PSYoungGen      total 652800K, used 33715K [0x0000000792300000, 0x00000007bf980000, 0x00000007c0000000)
  eden space 619008K, 0% used [0x0000000792300000,0x0000000792300000,0x00000007b7f80000)
  from space 33792K, 99% used [0x00000007b7f80000,0x00000007ba06cec8,0x00000007ba080000)
  to   space 62464K, 0% used [0x00000007bbc80000,0x00000007bbc80000,0x00000007bf980000)
 ParOldGen       total 716800K, used 81206K [0x0000000736800000, 0x0000000762400000, 0x0000000792300000)
  object space 716800K, 11% used [0x0000000736800000,0x000000073b74dbe0,0x0000000762400000)
 Metaspace       used 87795K, capacity 89624K, committed 89768K, reserved 1128448K
  class space    used 9995K, capacity 10358K, committed 10416K, reserved 1048576K
}
Event: 27.026 GC heap before
{Heap before GC invocations=11 (full 3):
 PSYoungGen      total 652800K, used 652469K [0x0000000792300000, 0x00000007bf980000, 0x00000007c0000000)
  eden space 619008K, 99% used [0x0000000792300000,0x00000007b7f406b0,0x00000007b7f80000)
  from space 33792K, 99% used [0x00000007b7f80000,0x00000007ba06cec8,0x00000007ba080000)
  to   space 62464K, 0% used [0x00000007bbc80000,0x00000007bbc80000,0x00000007bf980000)
 ParOldGen       total 716800K, used 81206K [0x0000000736800000, 0x0000000762400000, 0x0000000792300000)
  object space 716800K, 11% used [0x0000000736800000,0x000000073b74dbe0,0x0000000762400000)
 Metaspace       used 89291K, capacity 91236K, committed 91560K, reserved 1130496K
  class space    used 10150K, capacity 10556K, committed 10672K, reserved 1048576K
Event: 27.048 GC heap after
Heap after GC invocations=11 (full 3):
 PSYoungGen      total 685568K, used 25850K [0x0000000792300000, 0x00000007c0000000, 0x00000007c0000000)
  eden space 623104K, 0% used [0x0000000792300000,0x0000000792300000,0x00000007b8380000)
  from space 62464K, 41% used [0x00000007bbc80000,0x00000007bd5be9f0,0x00000007bf980000)
  to   space 58368K, 0% used [0x00000007b8380000,0x00000007b8380000,0x00000007bbc80000)
 ParOldGen       total 716800K, used 81214K [0x0000000736800000, 0x0000000762400000, 0x0000000792300000)
  object space 716800K, 11% used [0x0000000736800000,0x000000073b74fbe0,0x0000000762400000)
 Metaspace       used 89291K, capacity 91236K, committed 91560K, reserved 1130496K
  class space    used 10150K, capacity 10556K, committed 10672K, reserved 1048576K
}

