# JRE version: Java(TM) SE Runtime Environment (8.0_271-b09) (build 1.8.0_271-b09)
# Java VM: Java HotSpot(TM) 64-Bit Server VM (25.271-b09 mixed mode bsd-amd64 compressed oops)
Heap:
 PSYoungGen      total 685568K, used 59671K [0x0000000792300000, 0x00000007c0000000, 0x00000007c0000000)
  eden space 623104K, 5% used [0x0000000792300000,0x00000007944514e8,0x00000007b8380000)
  from space 62464K, 40% used [0x00000007bbc80000,0x00000007bd5749f0,0x00000007bf980000)
  to   space 58368K, 0% used [0x00000007b8380000,0x00000007b8380000,0x00000007bbc80000)
 ParOldGen       total 706048K, used 81201K [0x0000000736800000, 0x0000000761980000, 0x0000000792300000)
  object space 706048K, 11% used [0x0000000736800000,0x000000073b74c608,0x0000000761980000)
 Metaspace       used 89264K, capacity 91252K, committed 91560K, reserved 1130496K
  class space    used 10146K, capacity 10556K, committed 10664K, reserved 1048576K
GC Heap History (10 events):
Event: 13.195 GC heap before
{Heap before GC invocations=7 (full 2):
 PSYoungGen      total 482304K, used 439808K [0x0000000792300000, 0x00000007b2980000, 0x00000007c0000000)
  eden space 439808K, 100% used [0x0000000792300000,0x00000007ad080000,0x00000007ad080000)
  from space 42496K, 0% used [0x00000007afa00000,0x00000007afa00000,0x00000007b2380000)
  to   space 42496K, 0% used [0x00000007ad080000,0x00000007ad080000,0x00000007afa00000)
 ParOldGen       total 683008K, used 69584K [0x0000000736800000, 0x0000000760300000, 0x0000000792300000)
  object space 683008K, 10% used [0x0000000736800000,0x000000073abf42d8,0x0000000760300000)
 Metaspace       used 44638K, capacity 45068K, committed 45608K, reserved 1089536K
  class space    used 5204K, capacity 5330K, committed 5416K, reserved 1048576K
Event: 13.202 GC heap after
Heap after GC invocations=7 (full 2):
 PSYoungGen      total 482304K, used 12702K [0x0000000792300000, 0x00000007c0000000, 0x00000007c0000000)
  eden space 439808K, 0% used [0x0000000792300000,0x0000000792300000,0x00000007ad080000)
  from space 42496K, 29% used [0x00000007ad080000,0x00000007adce7a78,0x00000007afa00000)
  to   space 67584K, 0% used [0x00000007bbe00000,0x00000007bbe00000,0x00000007c0000000)
 ParOldGen       total 683008K, used 69584K [0x0000000736800000, 0x0000000760300000, 0x0000000792300000)
  object space 683008K, 10% used [0x0000000736800000,0x000000073abf42d8,0x0000000760300000)
 Metaspace       used 44638K, capacity 45068K, committed 45608K, reserved 1089536K
  class space    used 5204K, capacity 5330K, committed 5416K, reserved 1048576K
}
Event: 16.714 GC heap before
{Heap before GC invocations=8 (full 2):
 PSYoungGen      total 482304K, used 328405K [0x0000000792300000, 0x00000007c0000000, 0x00000007c0000000)
  eden space 439808K, 71% used [0x0000000792300000,0x00000007a574daa0,0x00000007ad080000)
  from space 42496K, 29% used [0x00000007ad080000,0x00000007adce7a78,0x00000007afa00000)
  to   space 67584K, 0% used [0x00000007bbe00000,0x00000007bbe00000,0x00000007c0000000)
 ParOldGen       total 683008K, used 69584K [0x0000000736800000, 0x0000000760300000, 0x0000000792300000)
  object space 683008K, 10% used [0x0000000736800000,0x000000073abf42d8,0x0000000760300000)
 Metaspace       used 58342K, capacity 58928K, committed 59160K, reserved 1101824K
  class space    used 6595K, capacity 6736K, committed 6824K, reserved 1048576K
Event: 16.722 GC heap after
Heap after GC invocations=8 (full 2):
 PSYoungGen      total 686592K, used 16083K [0x0000000792300000, 0x00000007c0000000, 0x00000007c0000000)
  eden space 619008K, 0% used [0x0000000792300000,0x0000000792300000,0x00000007b7f80000)
  from space 67584K, 23% used [0x00000007bbe00000,0x00000007bcdb4e90,0x00000007c0000000)
  to   space 64000K, 0% used [0x00000007b7f80000,0x00000007b7f80000,0x00000007bbe00000)
 ParOldGen       total 683008K, used 69592K [0x0000000736800000, 0x0000000760300000, 0x0000000792300000)
  object space 683008K, 10% used [0x0000000736800000,0x000000073abf62d8,0x0000000760300000)
 Metaspace       used 58342K, capacity 58928K, committed 59160K, reserved 1101824K
  class space    used 6595K, capacity 6736K, committed 6824K, reserved 1048576K
}
Event: 16.722 GC heap before
{Heap before GC invocations=9 (full 3):
 PSYoungGen      total 686592K, used 16083K [0x0000000792300000, 0x00000007c0000000, 0x00000007c0000000)
  eden space 619008K, 0% used [0x0000000792300000,0x0000000792300000,0x00000007b7f80000)
  from space 67584K, 23% used [0x00000007bbe00000,0x00000007bcdb4e90,0x00000007c0000000)
  to   space 64000K, 0% used [0x00000007b7f80000,0x00000007b7f80000,0x00000007bbe00000)
 ParOldGen       total 683008K, used 69592K [0x0000000736800000, 0x0000000760300000, 0x0000000792300000)
  object space 683008K, 10% used [0x0000000736800000,0x000000073abf62d8,0x0000000760300000)
 Metaspace       used 58342K, capacity 58928K, committed 59160K, reserved 1101824K
  class space    used 6595K, capacity 6736K, committed 6824K, reserved 1048576K
Event: 16.795 GC heap after
Heap after GC invocations=9 (full 3):
 PSYoungGen      total 686592K, used 0K [0x0000000792300000, 0x00000007c0000000, 0x00000007c0000000)
  eden space 619008K, 0% used [0x0000000792300000,0x0000000792300000,0x00000007b7f80000)
  from space 67584K, 0% used [0x00000007bbe00000,0x00000007bbe00000,0x00000007c0000000)
  to   space 64000K, 0% used [0x00000007b7f80000,0x00000007b7f80000,0x00000007bbe00000)
 ParOldGen       total 706048K, used 81185K [0x0000000736800000, 0x0000000761980000, 0x0000000792300000)
  object space 706048K, 11% used [0x0000000736800000,0x000000073b748608,0x0000000761980000)
 Metaspace       used 58342K, capacity 58928K, committed 59160K, reserved 1101824K
  class space    used 6595K, capacity 6736K, committed 6824K, reserved 1048576K
}
Event: 24.098 GC heap before
{Heap before GC invocations=10 (full 3):
 PSYoungGen      total 686592K, used 619008K [0x0000000792300000, 0x00000007c0000000, 0x00000007c0000000)
  eden space 619008K, 100% used [0x0000000792300000,0x00000007b7f80000,0x00000007b7f80000)
  from space 67584K, 0% used [0x00000007bbe00000,0x00000007bbe00000,0x00000007c0000000)
  to   space 64000K, 0% used [0x00000007b7f80000,0x00000007b7f80000,0x00000007bbe00000)
 ParOldGen       total 706048K, used 81185K [0x0000000736800000, 0x0000000761980000, 0x0000000792300000)
  object space 706048K, 11% used [0x0000000736800000,0x000000073b748608,0x0000000761980000)
 Metaspace       used 87723K, capacity 89582K, committed 89768K, reserved 1128448K
  class space    used 9988K, capacity 10359K, committed 10408K, reserved 1048576K
Event: 24.120 GC heap after
Heap after GC invocations=10 (full 3):
 PSYoungGen      total 652800K, used 33340K [0x0000000792300000, 0x00000007bf980000, 0x00000007c0000000)
  eden space 619008K, 0% used [0x0000000792300000,0x0000000792300000,0x00000007b7f80000)
  from space 33792K, 98% used [0x00000007b7f80000,0x00000007ba00f3a8,0x00000007ba080000)
  to   space 62464K, 0% used [0x00000007bbc80000,0x00000007bbc80000,0x00000007bf980000)
 ParOldGen       total 706048K, used 81193K [0x0000000736800000, 0x0000000761980000, 0x0000000792300000)
  object space 706048K, 11% used [0x0000000736800000,0x000000073b74a608,0x0000000761980000)
 Metaspace       used 87723K, capacity 89582K, committed 89768K, reserved 1128448K
  class space    used 9988K, capacity 10359K, committed 10408K, reserved 1048576K
}
Event: 25.621 GC heap before
{Heap before GC invocations=11 (full 3):
 PSYoungGen      total 652800K, used 652348K [0x0000000792300000, 0x00000007bf980000, 0x00000007c0000000)
  eden space 619008K, 100% used [0x0000000792300000,0x00000007b7f80000,0x00000007b7f80000)
  from space 33792K, 98% used [0x00000007b7f80000,0x00000007ba00f3a8,0x00000007ba080000)
  to   space 62464K, 0% used [0x00000007bbc80000,0x00000007bbc80000,0x00000007bf980000)
 ParOldGen       total 706048K, used 81193K [0x0000000736800000, 0x0000000761980000, 0x0000000792300000)
  object space 706048K, 11% used [0x0000000736800000,0x000000073b74a608,0x0000000761980000)
 Metaspace       used 89250K, capacity 91188K, committed 91304K, reserved 1130496K
  class space    used 10145K, capacity 10556K, committed 10664K, reserved 1048576K
Event: 25.645 GC heap after
Heap after GC invocations=11 (full 3):
 PSYoungGen      total 685568K, used 25554K [0x0000000792300000, 0x00000007c0000000, 0x00000007c0000000)
  eden space 623104K, 0% used [0x0000000792300000,0x0000000792300000,0x00000007b8380000)
  from space 62464K, 40% used [0x00000007bbc80000,0x00000007bd5749f0,0x00000007bf980000)
  to   space 58368K, 0% used [0x00000007b8380000,0x00000007b8380000,0x00000007bbc80000)
 ParOldGen       total 706048K, used 81201K [0x0000000736800000, 0x0000000761980000, 0x0000000792300000)
  object space 706048K, 11% used [0x0000000736800000,0x000000073b74c608,0x0000000761980000)
 Metaspace       used 89250K, capacity 91188K, committed 91304K, reserved 1130496K
  class space    used 10145K, capacity 10556K, committed 10664K, reserved 1048576K
}

