# JRE version: Java(TM) SE Runtime Environment (8.0_271-b09) (build 1.8.0_271-b09)
# Java VM: Java HotSpot(TM) 64-Bit Server VM (25.271-b09 mixed mode bsd-amd64 compressed oops)
Heap:
 PSYoungGen      total 685568K, used 61678K [0x0000000792300000, 0x00000007c0000000, 0x00000007c0000000)
  eden space 623104K, 5% used [0x0000000792300000,0x00000007945b6ae0,0x00000007b8380000)
  from space 62464K, 41% used [0x00000007bbc80000,0x00000007bd604de0,0x00000007bf980000)
  to   space 58368K, 0% used [0x00000007b8380000,0x00000007b8380000,0x00000007bbc80000)
 ParOldGen       total 712704K, used 81225K [0x0000000736800000, 0x0000000762000000, 0x0000000792300000)
  object space 712704K, 11% used [0x0000000736800000,0x000000073b7527c8,0x0000000762000000)
 Metaspace       used 89375K, capacity 91388K, committed 91560K, reserved 1130496K
  class space    used 10151K, capacity 10568K, committed 10664K, reserved 1048576K
GC Heap History (10 events):
Event: 15.536 GC heap before
{Heap before GC invocations=7 (full 2):
 PSYoungGen      total 483328K, used 440832K [0x0000000792300000, 0x00000007b2a00000, 0x00000007c0000000)
  eden space 440832K, 100% used [0x0000000792300000,0x00000007ad180000,0x00000007ad180000)
  from space 42496K, 0% used [0x00000007afb00000,0x00000007afb00000,0x00000007b2480000)
  to   space 42496K, 0% used [0x00000007ad180000,0x00000007ad180000,0x00000007afb00000)
 ParOldGen       total 683008K, used 69551K [0x0000000736800000, 0x0000000760300000, 0x0000000792300000)
  object space 683008K, 10% used [0x0000000736800000,0x000000073abebd50,0x0000000760300000)
 Metaspace       used 44480K, capacity 44940K, committed 45352K, reserved 1089536K
  class space    used 5188K, capacity 5330K, committed 5416K, reserved 1048576K
Event: 15.543 GC heap after
Heap after GC invocations=7 (full 2):
 PSYoungGen      total 483328K, used 12507K [0x0000000792300000, 0x00000007c0000000, 0x00000007c0000000)
  eden space 440832K, 0% used [0x0000000792300000,0x0000000792300000,0x00000007ad180000)
  from space 42496K, 29% used [0x00000007ad180000,0x00000007addb6ce8,0x00000007afb00000)
  to   space 67584K, 0% used [0x00000007bbe00000,0x00000007bbe00000,0x00000007c0000000)
 ParOldGen       total 683008K, used 69559K [0x0000000736800000, 0x0000000760300000, 0x0000000792300000)
  object space 683008K, 10% used [0x0000000736800000,0x000000073abedd50,0x0000000760300000)
 Metaspace       used 44480K, capacity 44940K, committed 45352K, reserved 1089536K
  class space    used 5188K, capacity 5330K, committed 5416K, reserved 1048576K
}
Event: 19.735 GC heap before
{Heap before GC invocations=8 (full 2):
 PSYoungGen      total 483328K, used 331807K [0x0000000792300000, 0x00000007c0000000, 0x00000007c0000000)
  eden space 440832K, 72% used [0x0000000792300000,0x00000007a5ad1018,0x00000007ad180000)
  from space 42496K, 29% used [0x00000007ad180000,0x00000007addb6ce8,0x00000007afb00000)
  to   space 67584K, 0% used [0x00000007bbe00000,0x00000007bbe00000,0x00000007c0000000)
 ParOldGen       total 683008K, used 69559K [0x0000000736800000, 0x0000000760300000, 0x0000000792300000)
  object space 683008K, 10% used [0x0000000736800000,0x000000073abedd50,0x0000000760300000)
 Metaspace       used 58353K, capacity 58928K, committed 59160K, reserved 1101824K
  class space    used 6595K, capacity 6736K, committed 6824K, reserved 1048576K
Event: 19.743 GC heap after
Heap after GC invocations=8 (full 2):
 PSYoungGen      total 686592K, used 16228K [0x0000000792300000, 0x00000007c0000000, 0x00000007c0000000)
  eden space 619008K, 0% used [0x0000000792300000,0x0000000792300000,0x00000007b7f80000)
  from space 67584K, 24% used [0x00000007bbe00000,0x00000007bcdd9020,0x00000007c0000000)
  to   space 64000K, 0% used [0x00000007b7f80000,0x00000007b7f80000,0x00000007bbe00000)
 ParOldGen       total 683008K, used 69567K [0x0000000736800000, 0x0000000760300000, 0x0000000792300000)
  object space 683008K, 10% used [0x0000000736800000,0x000000073abefd50,0x0000000760300000)
 Metaspace       used 58353K, capacity 58928K, committed 59160K, reserved 1101824K
  class space    used 6595K, capacity 6736K, committed 6824K, reserved 1048576K
}
Event: 19.743 GC heap before
{Heap before GC invocations=9 (full 3):
 PSYoungGen      total 686592K, used 16228K [0x0000000792300000, 0x00000007c0000000, 0x00000007c0000000)
  eden space 619008K, 0% used [0x0000000792300000,0x0000000792300000,0x00000007b7f80000)
  from space 67584K, 24% used [0x00000007bbe00000,0x00000007bcdd9020,0x00000007c0000000)
  to   space 64000K, 0% used [0x00000007b7f80000,0x00000007b7f80000,0x00000007bbe00000)
 ParOldGen       total 683008K, used 69567K [0x0000000736800000, 0x0000000760300000, 0x0000000792300000)
  object space 683008K, 10% used [0x0000000736800000,0x000000073abefd50,0x0000000760300000)
 Metaspace       used 58353K, capacity 58928K, committed 59160K, reserved 1101824K
  class space    used 6595K, capacity 6736K, committed 6824K, reserved 1048576K
Event: 19.834 GC heap after
Heap after GC invocations=9 (full 3):
 PSYoungGen      total 686592K, used 0K [0x0000000792300000, 0x00000007c0000000, 0x00000007c0000000)
  eden space 619008K, 0% used [0x0000000792300000,0x0000000792300000,0x00000007b7f80000)
  from space 67584K, 0% used [0x00000007bbe00000,0x00000007bbe00000,0x00000007c0000000)
  to   space 64000K, 0% used [0x00000007b7f80000,0x00000007b7f80000,0x00000007bbe00000)
 ParOldGen       total 712704K, used 81209K [0x0000000736800000, 0x0000000762000000, 0x0000000792300000)
  object space 712704K, 11% used [0x0000000736800000,0x000000073b74e7c8,0x0000000762000000)
 Metaspace       used 58353K, capacity 58928K, committed 59160K, reserved 1101824K
  class space    used 6595K, capacity 6736K, committed 6824K, reserved 1048576K
}
Event: 29.689 GC heap before
{Heap before GC invocations=10 (full 3):
 PSYoungGen      total 686592K, used 619008K [0x0000000792300000, 0x00000007c0000000, 0x00000007c0000000)
  eden space 619008K, 100% used [0x0000000792300000,0x00000007b7f80000,0x00000007b7f80000)
  from space 67584K, 0% used [0x00000007bbe00000,0x00000007bbe00000,0x00000007c0000000)
  to   space 64000K, 0% used [0x00000007b7f80000,0x00000007b7f80000,0x00000007bbe00000)
 ParOldGen       total 712704K, used 81209K [0x0000000736800000, 0x0000000762000000, 0x0000000792300000)
  object space 712704K, 11% used [0x0000000736800000,0x000000073b74e7c8,0x0000000762000000)
 Metaspace       used 87867K, capacity 89716K, committed 89768K, reserved 1128448K
  class space    used 9995K, capacity 10370K, committed 10408K, reserved 1048576K
Event: 29.714 GC heap after
Heap after GC invocations=10 (full 3):
 PSYoungGen      total 652800K, used 33595K [0x0000000792300000, 0x00000007bf980000, 0x00000007c0000000)
  eden space 619008K, 0% used [0x0000000792300000,0x0000000792300000,0x00000007b7f80000)
  from space 33792K, 99% used [0x00000007b7f80000,0x00000007ba04ec40,0x00000007ba080000)
  to   space 62464K, 0% used [0x00000007bbc80000,0x00000007bbc80000,0x00000007bf980000)
 ParOldGen       total 712704K, used 81217K [0x0000000736800000, 0x0000000762000000, 0x0000000792300000)
  object space 712704K, 11% used [0x0000000736800000,0x000000073b7507c8,0x0000000762000000)
 Metaspace       used 87867K, capacity 89716K, committed 89768K, reserved 1128448K
  class space    used 9995K, capacity 10370K, committed 10408K, reserved 1048576K
}
Event: 31.365 GC heap before
{Heap before GC invocations=11 (full 3):
 PSYoungGen      total 652800K, used 652563K [0x0000000792300000, 0x00000007bf980000, 0x00000007c0000000)
  eden space 619008K, 99% used [0x0000000792300000,0x00000007b7f761c8,0x00000007b7f80000)
  from space 33792K, 99% used [0x00000007b7f80000,0x00000007ba04ec40,0x00000007ba080000)
  to   space 62464K, 0% used [0x00000007bbc80000,0x00000007bbc80000,0x00000007bf980000)
 ParOldGen       total 712704K, used 81217K [0x0000000736800000, 0x0000000762000000, 0x0000000792300000)
  object space 712704K, 11% used [0x0000000736800000,0x000000073b7507c8,0x0000000762000000)
 Metaspace       used 89373K, capacity 91388K, committed 91560K, reserved 1130496K
  class space    used 10151K, capacity 10568K, committed 10664K, reserved 1048576K
Event: 31.382 GC heap after
Heap after GC invocations=11 (full 3):
 PSYoungGen      total 685568K, used 26131K [0x0000000792300000, 0x00000007c0000000, 0x00000007c0000000)
  eden space 623104K, 0% used [0x0000000792300000,0x0000000792300000,0x00000007b8380000)
  from space 62464K, 41% used [0x00000007bbc80000,0x00000007bd604de0,0x00000007bf980000)
  to   space 58368K, 0% used [0x00000007b8380000,0x00000007b8380000,0x00000007bbc80000)
 ParOldGen       total 712704K, used 81225K [0x0000000736800000, 0x0000000762000000, 0x0000000792300000)
  object space 712704K, 11% used [0x0000000736800000,0x000000073b7527c8,0x0000000762000000)
 Metaspace       used 89373K, capacity 91388K, committed 91560K, reserved 1130496K
  class space    used 10151K, capacity 10568K, committed 10664K, reserved 1048576K
}

