# JRE version: Java(TM) SE Runtime Environment (8.0_271-b09) (build 1.8.0_271-b09)
# Java VM: Java HotSpot(TM) 64-Bit Server VM (25.271-b09 mixed mode bsd-amd64 compressed oops)
Heap:
 PSYoungGen      total 647680K, used 466105K [0x0000000792300000, 0x00000007c0000000, 0x00000007c0000000)
  eden space 603136K, 69% used [0x0000000792300000,0x00000007abeeed70,0x00000007b7000000)
  from space 44544K, 99% used [0x00000007b7000000,0x00000007b9b3f6d0,0x00000007b9b80000)
  to   space 74752K, 0% used [0x00000007bb700000,0x00000007bb700000,0x00000007c0000000)
 ParOldGen       total 713728K, used 105476K [0x0000000736800000, 0x0000000762100000, 0x0000000792300000)
  object space 713728K, 14% used [0x0000000736800000,0x000000073cf01208,0x0000000762100000)
 Metaspace       used 92541K, capacity 96226K, committed 96296K, reserved 1134592K
  class space    used 10554K, capacity 11300K, committed 11304K, reserved 1048576K
GC Heap History (10 events):
Event: 16.780 GC heap before
{Heap before GC invocations=8 (full 2):
 PSYoungGen      total 488448K, used 328353K [0x0000000792300000, 0x00000007c0000000, 0x00000007c0000000)
  eden space 445952K, 70% used [0x0000000792300000,0x00000007a57138a8,0x00000007ad680000)
  from space 42496K, 30% used [0x00000007ad680000,0x00000007ae314ec0,0x00000007b0000000)
  to   space 67584K, 0% used [0x00000007bbe00000,0x00000007bbe00000,0x00000007c0000000)
 ParOldGen       total 683008K, used 69556K [0x0000000736800000, 0x0000000760300000, 0x0000000792300000)
  object space 683008K, 10% used [0x0000000736800000,0x000000073abed0c8,0x0000000760300000)
 Metaspace       used 58284K, capacity 58858K, committed 59160K, reserved 1101824K
  class space    used 6592K, capacity 6735K, committed 6824K, reserved 1048576K
Event: 16.787 GC heap after
Heap after GC invocations=8 (full 2):
 PSYoungGen      total 686592K, used 15865K [0x0000000792300000, 0x00000007c0000000, 0x00000007c0000000)
  eden space 619008K, 0% used [0x0000000792300000,0x0000000792300000,0x00000007b7f80000)
  from space 67584K, 23% used [0x00000007bbe00000,0x00000007bcd7e750,0x00000007c0000000)
  to   space 64000K, 0% used [0x00000007b7f80000,0x00000007b7f80000,0x00000007bbe00000)
 ParOldGen       total 683008K, used 69564K [0x0000000736800000, 0x0000000760300000, 0x0000000792300000)
  object space 683008K, 10% used [0x0000000736800000,0x000000073abef0c8,0x0000000760300000)
 Metaspace       used 58284K, capacity 58858K, committed 59160K, reserved 1101824K
  class space    used 6592K, capacity 6735K, committed 6824K, reserved 1048576K
}
Event: 16.787 GC heap before
{Heap before GC invocations=9 (full 3):
 PSYoungGen      total 686592K, used 15865K [0x0000000792300000, 0x00000007c0000000, 0x00000007c0000000)
  eden space 619008K, 0% used [0x0000000792300000,0x0000000792300000,0x00000007b7f80000)
  from space 67584K, 23% used [0x00000007bbe00000,0x00000007bcd7e750,0x00000007c0000000)
  to   space 64000K, 0% used [0x00000007b7f80000,0x00000007b7f80000,0x00000007bbe00000)
 ParOldGen       total 683008K, used 69564K [0x0000000736800000, 0x0000000760300000, 0x0000000792300000)
  object space 683008K, 10% used [0x0000000736800000,0x000000073abef0c8,0x0000000760300000)
 Metaspace       used 58284K, capacity 58858K, committed 59160K, reserved 1101824K
  class space    used 6592K, capacity 6735K, committed 6824K, reserved 1048576K
Event: 16.859 GC heap after
Heap after GC invocations=9 (full 3):
 PSYoungGen      total 686592K, used 0K [0x0000000792300000, 0x00000007c0000000, 0x00000007c0000000)
  eden space 619008K, 0% used [0x0000000792300000,0x0000000792300000,0x00000007b7f80000)
  from space 67584K, 0% used [0x00000007bbe00000,0x00000007bbe00000,0x00000007c0000000)
  to   space 64000K, 0% used [0x00000007b7f80000,0x00000007b7f80000,0x00000007bbe00000)
 ParOldGen       total 713728K, used 80876K [0x0000000736800000, 0x0000000762100000, 0x0000000792300000)
  object space 713728K, 11% used [0x0000000736800000,0x000000073b6fb1e8,0x0000000762100000)
 Metaspace       used 58284K, capacity 58858K, committed 59160K, reserved 1101824K
  class space    used 6592K, capacity 6735K, committed 6824K, reserved 1048576K
}
Event: 25.718 GC heap before
{Heap before GC invocations=10 (full 3):
 PSYoungGen      total 686592K, used 619008K [0x0000000792300000, 0x00000007c0000000, 0x00000007c0000000)
  eden space 619008K, 100% used [0x0000000792300000,0x00000007b7f80000,0x00000007b7f80000)
  from space 67584K, 0% used [0x00000007bbe00000,0x00000007bbe00000,0x00000007c0000000)
  to   space 64000K, 0% used [0x00000007b7f80000,0x00000007b7f80000,0x00000007bbe00000)
 ParOldGen       total 713728K, used 80876K [0x0000000736800000, 0x0000000762100000, 0x0000000792300000)
  object space 713728K, 11% used [0x0000000736800000,0x000000073b6fb1e8,0x0000000762100000)
 Metaspace       used 87756K, capacity 89560K, committed 89768K, reserved 1128448K
  class space    used 9990K, capacity 10354K, committed 10408K, reserved 1048576K
Event: 25.741 GC heap after
Heap after GC invocations=10 (full 3):
 PSYoungGen      total 653312K, used 33804K [0x0000000792300000, 0x00000007bf980000, 0x00000007c0000000)
  eden space 619008K, 0% used [0x0000000792300000,0x0000000792300000,0x00000007b7f80000)
  from space 34304K, 98% used [0x00000007b7f80000,0x00000007ba083148,0x00000007ba100000)
  to   space 62464K, 0% used [0x00000007bbc80000,0x00000007bbc80000,0x00000007bf980000)
 ParOldGen       total 713728K, used 80884K [0x0000000736800000, 0x0000000762100000, 0x0000000792300000)
  object space 713728K, 11% used [0x0000000736800000,0x000000073b6fd1e8,0x0000000762100000)
 Metaspace       used 87756K, capacity 89560K, committed 89768K, reserved 1128448K
  class space    used 9990K, capacity 10354K, committed 10408K, reserved 1048576K
}
Event: 28.891 GC heap before
{Heap before GC invocations=11 (full 3):
 PSYoungGen      total 653312K, used 652812K [0x0000000792300000, 0x00000007bf980000, 0x00000007c0000000)
  eden space 619008K, 100% used [0x0000000792300000,0x00000007b7f80000,0x00000007b7f80000)
  from space 34304K, 98% used [0x00000007b7f80000,0x00000007ba083148,0x00000007ba100000)
  to   space 62464K, 0% used [0x00000007bbc80000,0x00000007bbc80000,0x00000007bf980000)
 ParOldGen       total 713728K, used 80884K [0x0000000736800000, 0x0000000762100000, 0x0000000792300000)
  object space 713728K, 11% used [0x0000000736800000,0x000000073b6fd1e8,0x0000000762100000)
 Metaspace       used 90946K, capacity 94102K, committed 94248K, reserved 1132544K
  class space    used 10394K, capacity 11033K, committed 11048K, reserved 1048576K
Event: 28.922 GC heap after
Heap after GC invocations=11 (full 3):
 PSYoungGen      total 665600K, used 62216K [0x0000000792300000, 0x00000007c0000000, 0x00000007c0000000)
  eden space 603136K, 0% used [0x0000000792300000,0x0000000792300000,0x00000007b7000000)
  from space 62464K, 99% used [0x00000007bbc80000,0x00000007bf9420d0,0x00000007bf980000)
  to   space 73728K, 0% used [0x00000007b7000000,0x00000007b7000000,0x00000007bb800000)
 ParOldGen       total 713728K, used 105468K [0x0000000736800000, 0x0000000762100000, 0x0000000792300000)
  object space 713728K, 14% used [0x0000000736800000,0x000000073ceff208,0x0000000762100000)
 Metaspace       used 90946K, capacity 94102K, committed 94248K, reserved 1132544K
  class space    used 10394K, capacity 11033K, committed 11048K, reserved 1048576K
}
Event: 30.598 GC heap before
{Heap before GC invocations=12 (full 3):
 PSYoungGen      total 665600K, used 665175K [0x0000000792300000, 0x00000007c0000000, 0x00000007c0000000)
  eden space 603136K, 99% used [0x0000000792300000,0x00000007b6fd3d80,0x00000007b7000000)
  from space 62464K, 99% used [0x00000007bbc80000,0x00000007bf9420d0,0x00000007bf980000)
  to   space 73728K, 0% used [0x00000007b7000000,0x00000007b7000000,0x00000007bb800000)
 ParOldGen       total 713728K, used 105468K [0x0000000736800000, 0x0000000762100000, 0x0000000792300000)
  object space 713728K, 14% used [0x0000000736800000,0x000000073ceff208,0x0000000762100000)
 Metaspace       used 92365K, capacity 96022K, committed 96040K, reserved 1134592K
  class space    used 10553K, capacity 11298K, committed 11304K, reserved 1048576K
Event: 30.620 GC heap after
Heap after GC invocations=12 (full 3):
 PSYoungGen      total 647680K, used 44285K [0x0000000792300000, 0x00000007c0000000, 0x00000007c0000000)
  eden space 603136K, 0% used [0x0000000792300000,0x0000000792300000,0x00000007b7000000)
  from space 44544K, 99% used [0x00000007b7000000,0x00000007b9b3f6d0,0x00000007b9b80000)
  to   space 74752K, 0% used [0x00000007bb700000,0x00000007bb700000,0x00000007c0000000)
 ParOldGen       total 713728K, used 105476K [0x0000000736800000, 0x0000000762100000, 0x0000000792300000)
  object space 713728K, 14% used [0x0000000736800000,0x000000073cf01208,0x0000000762100000)
 Metaspace       used 92365K, capacity 96022K, committed 96040K, reserved 1134592K
  class space    used 10553K, capacity 11298K, committed 11304K, reserved 1048576K
}

