# JRE version: Java(TM) SE Runtime Environment (8.0_271-b09) (build 1.8.0_271-b09)
# Java VM: Java HotSpot(TM) 64-Bit Server VM (25.271-b09 mixed mode bsd-amd64 compressed oops)
Heap:
 PSYoungGen      total 685568K, used 60274K [0x0000000792300000, 0x00000007c0000000, 0x00000007c0000000)
  eden space 623104K, 5% used [0x0000000792300000,0x0000000794484c78,0x00000007b8380000)
  from space 62464K, 41% used [0x00000007bbc80000,0x00000007bd5d7be8,0x00000007bf980000)
  to   space 58368K, 0% used [0x00000007b8380000,0x00000007b8380000,0x00000007bbc80000)
 ParOldGen       total 725504K, used 81251K [0x0000000736800000, 0x0000000762c80000, 0x0000000792300000)
  object space 725504K, 11% used [0x0000000736800000,0x000000073b758f40,0x0000000762c80000)
 Metaspace       used 89306K, capacity 91278K, committed 91560K, reserved 1130496K
  class space    used 10159K, capacity 10601K, committed 10664K, reserved 1048576K
GC Heap History (10 events):
Event: 12.844 GC heap before
{Heap before GC invocations=7 (full 2):
 PSYoungGen      total 481280K, used 438784K [0x0000000792300000, 0x00000007b2800000, 0x00000007c0000000)
  eden space 438784K, 100% used [0x0000000792300000,0x00000007acf80000,0x00000007acf80000)
  from space 42496K, 0% used [0x00000007af900000,0x00000007af900000,0x00000007b2280000)
  to   space 42496K, 0% used [0x00000007acf80000,0x00000007acf80000,0x00000007af900000)
 ParOldGen       total 683008K, used 69555K [0x0000000736800000, 0x0000000760300000, 0x0000000792300000)
  object space 683008K, 10% used [0x0000000736800000,0x000000073abecf68,0x0000000760300000)
 Metaspace       used 44580K, capacity 44998K, committed 45352K, reserved 1089536K
  class space    used 5195K, capacity 5329K, committed 5416K, reserved 1048576K
Event: 12.851 GC heap after
Heap after GC invocations=7 (full 2):
 PSYoungGen      total 481280K, used 12688K [0x0000000792300000, 0x00000007c0000000, 0x00000007c0000000)
  eden space 438784K, 0% used [0x0000000792300000,0x0000000792300000,0x00000007acf80000)
  from space 42496K, 29% used [0x00000007acf80000,0x00000007adbe4300,0x00000007af900000)
  to   space 67584K, 0% used [0x00000007bbe00000,0x00000007bbe00000,0x00000007c0000000)
 ParOldGen       total 683008K, used 69563K [0x0000000736800000, 0x0000000760300000, 0x0000000792300000)
  object space 683008K, 10% used [0x0000000736800000,0x000000073abeef68,0x0000000760300000)
 Metaspace       used 44580K, capacity 44998K, committed 45352K, reserved 1089536K
  class space    used 5195K, capacity 5329K, committed 5416K, reserved 1048576K
}
Event: 16.240 GC heap before
{Heap before GC invocations=8 (full 2):
 PSYoungGen      total 481280K, used 332780K [0x0000000792300000, 0x00000007c0000000, 0x00000007c0000000)
  eden space 438784K, 72% used [0x0000000792300000,0x00000007a5b97090,0x00000007acf80000)
  from space 42496K, 29% used [0x00000007acf80000,0x00000007adbe4300,0x00000007af900000)
  to   space 67584K, 0% used [0x00000007bbe00000,0x00000007bbe00000,0x00000007c0000000)
 ParOldGen       total 683008K, used 69563K [0x0000000736800000, 0x0000000760300000, 0x0000000792300000)
  object space 683008K, 10% used [0x0000000736800000,0x000000073abeef68,0x0000000760300000)
 Metaspace       used 58273K, capacity 58858K, committed 59160K, reserved 1101824K
  class space    used 6593K, capacity 6735K, committed 6824K, reserved 1048576K
Event: 16.247 GC heap after
Heap after GC invocations=8 (full 2):
 PSYoungGen      total 686592K, used 16172K [0x0000000792300000, 0x00000007c0000000, 0x00000007c0000000)
  eden space 619008K, 0% used [0x0000000792300000,0x0000000792300000,0x00000007b7f80000)
  from space 67584K, 23% used [0x00000007bbe00000,0x00000007bcdcb3a8,0x00000007c0000000)
  to   space 64000K, 0% used [0x00000007b7f80000,0x00000007b7f80000,0x00000007bbe00000)
 ParOldGen       total 683008K, used 69571K [0x0000000736800000, 0x0000000760300000, 0x0000000792300000)
  object space 683008K, 10% used [0x0000000736800000,0x000000073abf0f68,0x0000000760300000)
 Metaspace       used 58273K, capacity 58858K, committed 59160K, reserved 1101824K
  class space    used 6593K, capacity 6735K, committed 6824K, reserved 1048576K
}
Event: 16.247 GC heap before
{Heap before GC invocations=9 (full 3):
 PSYoungGen      total 686592K, used 16172K [0x0000000792300000, 0x00000007c0000000, 0x00000007c0000000)
  eden space 619008K, 0% used [0x0000000792300000,0x0000000792300000,0x00000007b7f80000)
  from space 67584K, 23% used [0x00000007bbe00000,0x00000007bcdcb3a8,0x00000007c0000000)
  to   space 64000K, 0% used [0x00000007b7f80000,0x00000007b7f80000,0x00000007bbe00000)
 ParOldGen       total 683008K, used 69571K [0x0000000736800000, 0x0000000760300000, 0x0000000792300000)
  object space 683008K, 10% used [0x0000000736800000,0x000000073abf0f68,0x0000000760300000)
 Metaspace       used 58273K, capacity 58858K, committed 59160K, reserved 1101824K
  class space    used 6593K, capacity 6735K, committed 6824K, reserved 1048576K
Event: 16.319 GC heap after
Heap after GC invocations=9 (full 3):
 PSYoungGen      total 686592K, used 0K [0x0000000792300000, 0x00000007c0000000, 0x00000007c0000000)
  eden space 619008K, 0% used [0x0000000792300000,0x0000000792300000,0x00000007b7f80000)
  from space 67584K, 0% used [0x00000007bbe00000,0x00000007bbe00000,0x00000007c0000000)
  to   space 64000K, 0% used [0x00000007b7f80000,0x00000007b7f80000,0x00000007bbe00000)
 ParOldGen       total 725504K, used 81235K [0x0000000736800000, 0x0000000762c80000, 0x0000000792300000)
  object space 725504K, 11% used [0x0000000736800000,0x000000073b754f40,0x0000000762c80000)
 Metaspace       used 58273K, capacity 58858K, committed 59160K, reserved 1101824K
  class space    used 6593K, capacity 6735K, committed 6824K, reserved 1048576K
}
Event: 24.348 GC heap before
{Heap before GC invocations=10 (full 3):
 PSYoungGen      total 686592K, used 619008K [0x0000000792300000, 0x00000007c0000000, 0x00000007c0000000)
  eden space 619008K, 100% used [0x0000000792300000,0x00000007b7f80000,0x00000007b7f80000)
  from space 67584K, 0% used [0x00000007bbe00000,0x00000007bbe00000,0x00000007c0000000)
  to   space 64000K, 0% used [0x00000007b7f80000,0x00000007b7f80000,0x00000007bbe00000)
 ParOldGen       total 725504K, used 81235K [0x0000000736800000, 0x0000000762c80000, 0x0000000792300000)
  object space 725504K, 11% used [0x0000000736800000,0x000000073b754f40,0x0000000762c80000)
 Metaspace       used 87762K, capacity 89582K, committed 89768K, reserved 1128448K
  class space    used 9993K, capacity 10361K, committed 10408K, reserved 1048576K
Event: 24.370 GC heap after
Heap after GC invocations=10 (full 3):
 PSYoungGen      total 652800K, used 33611K [0x0000000792300000, 0x00000007bf980000, 0x00000007c0000000)
  eden space 619008K, 0% used [0x0000000792300000,0x0000000792300000,0x00000007b7f80000)
  from space 33792K, 99% used [0x00000007b7f80000,0x00000007ba052db0,0x00000007ba080000)
  to   space 62464K, 0% used [0x00000007bbc80000,0x00000007bbc80000,0x00000007bf980000)
 ParOldGen       total 725504K, used 81243K [0x0000000736800000, 0x0000000762c80000, 0x0000000792300000)
  object space 725504K, 11% used [0x0000000736800000,0x000000073b756f40,0x0000000762c80000)
 Metaspace       used 87762K, capacity 89582K, committed 89768K, reserved 1128448K
  class space    used 9993K, capacity 10361K, committed 10408K, reserved 1048576K
}
Event: 25.947 GC heap before
{Heap before GC invocations=11 (full 3):
 PSYoungGen      total 652800K, used 652439K [0x0000000792300000, 0x00000007bf980000, 0x00000007c0000000)
  eden space 619008K, 99% used [0x0000000792300000,0x00000007b7f52e98,0x00000007b7f80000)
  from space 33792K, 99% used [0x00000007b7f80000,0x00000007ba052db0,0x00000007ba080000)
  to   space 62464K, 0% used [0x00000007bbc80000,0x00000007bbc80000,0x00000007bf980000)
 ParOldGen       total 725504K, used 81243K [0x0000000736800000, 0x0000000762c80000, 0x0000000792300000)
  object space 725504K, 11% used [0x0000000736800000,0x000000073b756f40,0x0000000762c80000)
 Metaspace       used 89299K, capacity 91278K, committed 91560K, reserved 1130496K
  class space    used 10158K, capacity 10601K, committed 10664K, reserved 1048576K
Event: 25.966 GC heap after
Heap after GC invocations=11 (full 3):
 PSYoungGen      total 685568K, used 25950K [0x0000000792300000, 0x00000007c0000000, 0x00000007c0000000)
  eden space 623104K, 0% used [0x0000000792300000,0x0000000792300000,0x00000007b8380000)
  from space 62464K, 41% used [0x00000007bbc80000,0x00000007bd5d7be8,0x00000007bf980000)
  to   space 58368K, 0% used [0x00000007b8380000,0x00000007b8380000,0x00000007bbc80000)
 ParOldGen       total 725504K, used 81251K [0x0000000736800000, 0x0000000762c80000, 0x0000000792300000)
  object space 725504K, 11% used [0x0000000736800000,0x000000073b758f40,0x0000000762c80000)
 Metaspace       used 89299K, capacity 91278K, committed 91560K, reserved 1130496K
  class space    used 10158K, capacity 10601K, committed 10664K, reserved 1048576K
}

