# JRE version: Java(TM) SE Runtime Environment (8.0_271-b09) (build 1.8.0_271-b09)
# Java VM: Java HotSpot(TM) 64-Bit Server VM (25.271-b09 mixed mode bsd-amd64 compressed oops)
Heap:
 PSYoungGen      total 659456K, used 70549K [0x0000000792300000, 0x00000007c0000000, 0x00000007c0000000)
  eden space 601088K, 2% used [0x0000000792300000,0x0000000792f453e8,0x00000007b6e00000)
  from space 58368K, 99% used [0x00000007b6e00000,0x00000007ba6a0368,0x00000007ba700000)
  to   space 80896K, 0% used [0x00000007bb100000,0x00000007bb100000,0x00000007c0000000)
 ParOldGen       total 724480K, used 105667K [0x0000000736800000, 0x0000000762b80000, 0x0000000792300000)
  object space 724480K, 14% used [0x0000000736800000,0x000000073cf30cf0,0x0000000762b80000)
 Metaspace       used 92203K, capacity 95914K, committed 96168K, reserved 1134592K
  class space    used 10558K, capacity 11325K, committed 11432K, reserved 1048576K
GC Heap History (10 events):
Event: 16.631 GC heap before
{Heap before GC invocations=8 (full 2):
 PSYoungGen      total 481792K, used 325575K [0x0000000792300000, 0x00000007c0000000, 0x00000007c0000000)
  eden space 439296K, 71% used [0x0000000792300000,0x00000007a5477738,0x00000007ad000000)
  from space 42496K, 30% used [0x00000007ad000000,0x00000007adc7a810,0x00000007af980000)
  to   space 67584K, 0% used [0x00000007bbe00000,0x00000007bbe00000,0x00000007c0000000)
 ParOldGen       total 683008K, used 69551K [0x0000000736800000, 0x0000000760300000, 0x0000000792300000)
  object space 683008K, 10% used [0x0000000736800000,0x000000073abebfb8,0x0000000760300000)
 Metaspace       used 58342K, capacity 58928K, committed 59160K, reserved 1101824K
  class space    used 6595K, capacity 6736K, committed 6824K, reserved 1048576K
Event: 16.638 GC heap after
Heap after GC invocations=8 (full 2):
 PSYoungGen      total 686592K, used 16113K [0x0000000792300000, 0x00000007c0000000, 0x00000007c0000000)
  eden space 619008K, 0% used [0x0000000792300000,0x0000000792300000,0x00000007b7f80000)
  from space 67584K, 23% used [0x00000007bbe00000,0x00000007bcdbc690,0x00000007c0000000)
  to   space 64000K, 0% used [0x00000007b7f80000,0x00000007b7f80000,0x00000007bbe00000)
 ParOldGen       total 683008K, used 69559K [0x0000000736800000, 0x0000000760300000, 0x0000000792300000)
  object space 683008K, 10% used [0x0000000736800000,0x000000073abedfb8,0x0000000760300000)
 Metaspace       used 58342K, capacity 58928K, committed 59160K, reserved 1101824K
  class space    used 6595K, capacity 6736K, committed 6824K, reserved 1048576K
}
Event: 16.638 GC heap before
{Heap before GC invocations=9 (full 3):
 PSYoungGen      total 686592K, used 16113K [0x0000000792300000, 0x00000007c0000000, 0x00000007c0000000)
  eden space 619008K, 0% used [0x0000000792300000,0x0000000792300000,0x00000007b7f80000)
  from space 67584K, 23% used [0x00000007bbe00000,0x00000007bcdbc690,0x00000007c0000000)
  to   space 64000K, 0% used [0x00000007b7f80000,0x00000007b7f80000,0x00000007bbe00000)
 ParOldGen       total 683008K, used 69559K [0x0000000736800000, 0x0000000760300000, 0x0000000792300000)
  object space 683008K, 10% used [0x0000000736800000,0x000000073abedfb8,0x0000000760300000)
 Metaspace       used 58342K, capacity 58928K, committed 59160K, reserved 1101824K
  class space    used 6595K, capacity 6736K, committed 6824K, reserved 1048576K
Event: 16.710 GC heap after
Heap after GC invocations=9 (full 3):
 PSYoungGen      total 686592K, used 0K [0x0000000792300000, 0x00000007c0000000, 0x00000007c0000000)
  eden space 619008K, 0% used [0x0000000792300000,0x0000000792300000,0x00000007b7f80000)
  from space 67584K, 0% used [0x00000007bbe00000,0x00000007bbe00000,0x00000007c0000000)
  to   space 64000K, 0% used [0x00000007b7f80000,0x00000007b7f80000,0x00000007bbe00000)
 ParOldGen       total 724480K, used 81067K [0x0000000736800000, 0x0000000762b80000, 0x0000000792300000)
  object space 724480K, 11% used [0x0000000736800000,0x000000073b72acd0,0x0000000762b80000)
 Metaspace       used 58342K, capacity 58928K, committed 59160K, reserved 1101824K
  class space    used 6595K, capacity 6736K, committed 6824K, reserved 1048576K
}
Event: 24.897 GC heap before
{Heap before GC invocations=10 (full 3):
 PSYoungGen      total 686592K, used 619008K [0x0000000792300000, 0x00000007c0000000, 0x00000007c0000000)
  eden space 619008K, 100% used [0x0000000792300000,0x00000007b7f80000,0x00000007b7f80000)
  from space 67584K, 0% used [0x00000007bbe00000,0x00000007bbe00000,0x00000007c0000000)
  to   space 64000K, 0% used [0x00000007b7f80000,0x00000007b7f80000,0x00000007bbe00000)
 ParOldGen       total 724480K, used 81067K [0x0000000736800000, 0x0000000762b80000, 0x0000000792300000)
  object space 724480K, 11% used [0x0000000736800000,0x000000073b72acd0,0x0000000762b80000)
 Metaspace       used 87713K, capacity 89528K, committed 89768K, reserved 1128448K
  class space    used 9994K, capacity 10386K, committed 10408K, reserved 1048576K
Event: 24.927 GC heap after
Heap after GC invocations=10 (full 3):
 PSYoungGen      total 683008K, used 35973K [0x0000000792300000, 0x00000007bfc80000, 0x00000007c0000000)
  eden space 619008K, 0% used [0x0000000792300000,0x0000000792300000,0x00000007b7f80000)
  from space 64000K, 56% used [0x00000007b7f80000,0x00000007ba2a1590,0x00000007bbe00000)
  to   space 64000K, 0% used [0x00000007bbe00000,0x00000007bbe00000,0x00000007bfc80000)
 ParOldGen       total 724480K, used 81075K [0x0000000736800000, 0x0000000762b80000, 0x0000000792300000)
  object space 724480K, 11% used [0x0000000736800000,0x000000073b72ccd0,0x0000000762b80000)
 Metaspace       used 87713K, capacity 89528K, committed 89768K, reserved 1128448K
  class space    used 9994K, capacity 10386K, committed 10408K, reserved 1048576K
}
Event: 27.228 GC heap before
{Heap before GC invocations=11 (full 3):
 PSYoungGen      total 683008K, used 654981K [0x0000000792300000, 0x00000007bfc80000, 0x00000007c0000000)
  eden space 619008K, 100% used [0x0000000792300000,0x00000007b7f80000,0x00000007b7f80000)
  from space 64000K, 56% used [0x00000007b7f80000,0x00000007ba2a1590,0x00000007bbe00000)
  to   space 64000K, 0% used [0x00000007bbe00000,0x00000007bbe00000,0x00000007bfc80000)
 ParOldGen       total 724480K, used 81075K [0x0000000736800000, 0x0000000762b80000, 0x0000000792300000)
  object space 724480K, 11% used [0x0000000736800000,0x000000073b72ccd0,0x0000000762b80000)
 Metaspace       used 90864K, capacity 94044K, committed 94248K, reserved 1132544K
  class space    used 10390K, capacity 11036K, committed 11048K, reserved 1048576K
Event: 27.260 GC heap after
Heap after GC invocations=11 (full 3):
 PSYoungGen      total 665088K, used 62088K [0x0000000792300000, 0x00000007c0000000, 0x00000007c0000000)
  eden space 601088K, 0% used [0x0000000792300000,0x0000000792300000,0x00000007b6e00000)
  from space 64000K, 97% used [0x00000007bbe00000,0x00000007bfaa2270,0x00000007bfc80000)
  to   space 74752K, 0% used [0x00000007b6e00000,0x00000007b6e00000,0x00000007bb700000)
 ParOldGen       total 724480K, used 105659K [0x0000000736800000, 0x0000000762b80000, 0x0000000792300000)
  object space 724480K, 14% used [0x0000000736800000,0x000000073cf2ecf0,0x0000000762b80000)
 Metaspace       used 90864K, capacity 94044K, committed 94248K, reserved 1132544K
  class space    used 10390K, capacity 11036K, committed 11048K, reserved 1048576K
}
Event: 28.502 GC heap before
{Heap before GC invocations=12 (full 3):
 PSYoungGen      total 665088K, used 663176K [0x0000000792300000, 0x00000007c0000000, 0x00000007c0000000)
  eden space 601088K, 100% used [0x0000000792300000,0x00000007b6e00000,0x00000007b6e00000)
  from space 64000K, 97% used [0x00000007bbe00000,0x00000007bfaa2270,0x00000007bfc80000)
  to   space 74752K, 0% used [0x00000007b6e00000,0x00000007b6e00000,0x00000007bb700000)
 ParOldGen       total 724480K, used 105659K [0x0000000736800000, 0x0000000762b80000, 0x0000000792300000)
  object space 724480K, 14% used [0x0000000736800000,0x000000073cf2ecf0,0x0000000762b80000)
 Metaspace       used 92197K, capacity 95908K, committed 96168K, reserved 1134592K
  class space    used 10557K, capacity 11324K, committed 11432K, reserved 1048576K
Event: 28.532 GC heap after
Heap after GC invocations=12 (full 3):
 PSYoungGen      total 659456K, used 57984K [0x0000000792300000, 0x00000007c0000000, 0x00000007c0000000)
  eden space 601088K, 0% used [0x0000000792300000,0x0000000792300000,0x00000007b6e00000)
  from space 58368K, 99% used [0x00000007b6e00000,0x00000007ba6a0368,0x00000007ba700000)
  to   space 80896K, 0% used [0x00000007bb100000,0x00000007bb100000,0x00000007c0000000)
 ParOldGen       total 724480K, used 105667K [0x0000000736800000, 0x0000000762b80000, 0x0000000792300000)
  object space 724480K, 14% used [0x0000000736800000,0x000000073cf30cf0,0x0000000762b80000)
 Metaspace       used 92197K, capacity 95908K, committed 96168K, reserved 1134592K
  class space    used 10557K, capacity 11324K, committed 11432K, reserved 1048576K
}

