# JRE version: Java(TM) SE Runtime Environment (8.0_271-b09) (build 1.8.0_271-b09)
# Java VM: Java HotSpot(TM) 64-Bit Server VM (25.271-b09 mixed mode bsd-amd64 compressed oops)
Heap:
 PSYoungGen      total 686080K, used 58744K [0x0000000792300000, 0x00000007c0000000, 0x00000007c0000000)
  eden space 623616K, 5% used [0x0000000792300000,0x0000000794363668,0x00000007b8400000)
  from space 62464K, 40% used [0x00000007bbd00000,0x00000007bd5fa9f0,0x00000007bfa00000)
  to   space 58368K, 0% used [0x00000007b8400000,0x00000007b8400000,0x00000007bbd00000)
 ParOldGen       total 698368K, used 81086K [0x0000000736800000, 0x0000000761200000, 0x0000000792300000)
  object space 698368K, 11% used [0x0000000736800000,0x000000073b72f920,0x0000000761200000)
 Metaspace       used 89298K, capacity 91202K, committed 91560K, reserved 1130496K
  class space    used 10151K, capacity 10561K, committed 10672K, reserved 1048576K
GC Heap History (10 events):
Event: 12.762 GC heap before
{Heap before GC invocations=7 (full 2):
 PSYoungGen      total 488448K, used 445952K [0x0000000792300000, 0x00000007b2f80000, 0x00000007c0000000)
  eden space 445952K, 100% used [0x0000000792300000,0x00000007ad680000,0x00000007ad680000)
  from space 42496K, 0% used [0x00000007b0000000,0x00000007b0000000,0x00000007b2980000)
  to   space 42496K, 0% used [0x00000007ad680000,0x00000007ad680000,0x00000007b0000000)
 ParOldGen       total 683008K, used 69442K [0x0000000736800000, 0x0000000760300000, 0x0000000792300000)
  object space 683008K, 10% used [0x0000000736800000,0x000000073abd0b60,0x0000000760300000)
 Metaspace       used 44677K, capacity 45068K, committed 45352K, reserved 1089536K
  class space    used 5204K, capacity 5330K, committed 5424K, reserved 1048576K
Event: 12.768 GC heap after
Heap after GC invocations=7 (full 2):
 PSYoungGen      total 488448K, used 12920K [0x0000000792300000, 0x00000007c0000000, 0x00000007c0000000)
  eden space 445952K, 0% used [0x0000000792300000,0x0000000792300000,0x00000007ad680000)
  from space 42496K, 30% used [0x00000007ad680000,0x00000007ae31e1b0,0x00000007b0000000)
  to   space 67584K, 0% used [0x00000007bbe00000,0x00000007bbe00000,0x00000007c0000000)
 ParOldGen       total 683008K, used 69450K [0x0000000736800000, 0x0000000760300000, 0x0000000792300000)
  object space 683008K, 10% used [0x0000000736800000,0x000000073abd2b60,0x0000000760300000)
 Metaspace       used 44677K, capacity 45068K, committed 45352K, reserved 1089536K
  class space    used 5204K, capacity 5330K, committed 5424K, reserved 1048576K
}
Event: 16.272 GC heap before
{Heap before GC invocations=8 (full 2):
 PSYoungGen      total 488448K, used 328571K [0x0000000792300000, 0x00000007c0000000, 0x00000007c0000000)
  eden space 445952K, 70% used [0x0000000792300000,0x00000007a5740be8,0x00000007ad680000)
  from space 42496K, 30% used [0x00000007ad680000,0x00000007ae31e1b0,0x00000007b0000000)
  to   space 67584K, 0% used [0x00000007bbe00000,0x00000007bbe00000,0x00000007c0000000)
 ParOldGen       total 683008K, used 69450K [0x0000000736800000, 0x0000000760300000, 0x0000000792300000)
  object space 683008K, 10% used [0x0000000736800000,0x000000073abd2b60,0x0000000760300000)
 Metaspace       used 58422K, capacity 58992K, committed 59160K, reserved 1101824K
  class space    used 6606K, capacity 6736K, committed 6832K, reserved 1048576K
Event: 16.280 GC heap after
Heap after GC invocations=8 (full 2):
 PSYoungGen      total 687104K, used 16118K [0x0000000792300000, 0x00000007c0000000, 0x00000007c0000000)
  eden space 619520K, 0% used [0x0000000792300000,0x0000000792300000,0x00000007b8000000)
  from space 67584K, 23% used [0x00000007bbe00000,0x00000007bcdbd988,0x00000007c0000000)
  to   space 63488K, 0% used [0x00000007b8000000,0x00000007b8000000,0x00000007bbe00000)
 ParOldGen       total 683008K, used 69450K [0x0000000736800000, 0x0000000760300000, 0x0000000792300000)
  object space 683008K, 10% used [0x0000000736800000,0x000000073abd2b60,0x0000000760300000)
 Metaspace       used 58422K, capacity 58992K, committed 59160K, reserved 1101824K
  class space    used 6606K, capacity 6736K, committed 6832K, reserved 1048576K
}
Event: 16.280 GC heap before
{Heap before GC invocations=9 (full 3):
 PSYoungGen      total 687104K, used 16118K [0x0000000792300000, 0x00000007c0000000, 0x00000007c0000000)
  eden space 619520K, 0% used [0x0000000792300000,0x0000000792300000,0x00000007b8000000)
  from space 67584K, 23% used [0x00000007bbe00000,0x00000007bcdbd988,0x00000007c0000000)
  to   space 63488K, 0% used [0x00000007b8000000,0x00000007b8000000,0x00000007bbe00000)
 ParOldGen       total 683008K, used 69450K [0x0000000736800000, 0x0000000760300000, 0x0000000792300000)
  object space 683008K, 10% used [0x0000000736800000,0x000000073abd2b60,0x0000000760300000)
 Metaspace       used 58422K, capacity 58992K, committed 59160K, reserved 1101824K
  class space    used 6606K, capacity 6736K, committed 6832K, reserved 1048576K
Event: 16.358 GC heap after
Heap after GC invocations=9 (full 3):
 PSYoungGen      total 687104K, used 0K [0x0000000792300000, 0x00000007c0000000, 0x00000007c0000000)
  eden space 619520K, 0% used [0x0000000792300000,0x0000000792300000,0x00000007b8000000)
  from space 67584K, 0% used [0x00000007bbe00000,0x00000007bbe00000,0x00000007c0000000)
  to   space 63488K, 0% used [0x00000007b8000000,0x00000007b8000000,0x00000007bbe00000)
 ParOldGen       total 698368K, used 81070K [0x0000000736800000, 0x0000000761200000, 0x0000000792300000)
  object space 698368K, 11% used [0x0000000736800000,0x000000073b72b920,0x0000000761200000)
 Metaspace       used 58422K, capacity 58992K, committed 59160K, reserved 1101824K
  class space    used 6606K, capacity 6736K, committed 6832K, reserved 1048576K
}
Event: 24.658 GC heap before
{Heap before GC invocations=10 (full 3):
 PSYoungGen      total 687104K, used 619520K [0x0000000792300000, 0x00000007c0000000, 0x00000007c0000000)
  eden space 619520K, 100% used [0x0000000792300000,0x00000007b8000000,0x00000007b8000000)
  from space 67584K, 0% used [0x00000007bbe00000,0x00000007bbe00000,0x00000007c0000000)
  to   space 63488K, 0% used [0x00000007b8000000,0x00000007b8000000,0x00000007bbe00000)
 ParOldGen       total 698368K, used 81070K [0x0000000736800000, 0x0000000761200000, 0x0000000792300000)
  object space 698368K, 11% used [0x0000000736800000,0x000000073b72b920,0x0000000761200000)
 Metaspace       used 87716K, capacity 89536K, committed 89768K, reserved 1128448K
  class space    used 9990K, capacity 10364K, committed 10416K, reserved 1048576K
Event: 24.682 GC heap after
Heap after GC invocations=10 (full 3):
 PSYoungGen      total 653312K, used 33299K [0x0000000792300000, 0x00000007bfa00000, 0x00000007c0000000)
  eden space 619520K, 0% used [0x0000000792300000,0x0000000792300000,0x00000007b8000000)
  from space 33792K, 98% used [0x00000007b8000000,0x00000007ba084c80,0x00000007ba100000)
  to   space 62464K, 0% used [0x00000007bbd00000,0x00000007bbd00000,0x00000007bfa00000)
 ParOldGen       total 698368K, used 81078K [0x0000000736800000, 0x0000000761200000, 0x0000000792300000)
  object space 698368K, 11% used [0x0000000736800000,0x000000073b72d920,0x0000000761200000)
 Metaspace       used 87716K, capacity 89536K, committed 89768K, reserved 1128448K
  class space    used 9990K, capacity 10364K, committed 10416K, reserved 1048576K
}
Event: 26.184 GC heap before
{Heap before GC invocations=11 (full 3):
 PSYoungGen      total 653312K, used 652708K [0x0000000792300000, 0x00000007bfa00000, 0x00000007c0000000)
  eden space 619520K, 99% used [0x0000000792300000,0x00000007b7fe45d8,0x00000007b8000000)
  from space 33792K, 98% used [0x00000007b8000000,0x00000007ba084c80,0x00000007ba100000)
  to   space 62464K, 0% used [0x00000007bbd00000,0x00000007bbd00000,0x00000007bfa00000)
 ParOldGen       total 698368K, used 81078K [0x0000000736800000, 0x0000000761200000, 0x0000000792300000)
  object space 698368K, 11% used [0x0000000736800000,0x000000073b72d920,0x0000000761200000)
 Metaspace       used 89297K, capacity 91202K, committed 91560K, reserved 1130496K
  class space    used 10151K, capacity 10561K, committed 10672K, reserved 1048576K
Event: 26.205 GC heap after
Heap after GC invocations=11 (full 3):
 PSYoungGen      total 686080K, used 25578K [0x0000000792300000, 0x00000007c0000000, 0x00000007c0000000)
  eden space 623616K, 0% used [0x0000000792300000,0x0000000792300000,0x00000007b8400000)
  from space 62464K, 40% used [0x00000007bbd00000,0x00000007bd5fa9f0,0x00000007bfa00000)
  to   space 58368K, 0% used [0x00000007b8400000,0x00000007b8400000,0x00000007bbd00000)
 ParOldGen       total 698368K, used 81086K [0x0000000736800000, 0x0000000761200000, 0x0000000792300000)
  object space 698368K, 11% used [0x0000000736800000,0x000000073b72f920,0x0000000761200000)
 Metaspace       used 89297K, capacity 91202K, committed 91560K, reserved 1130496K
  class space    used 10151K, capacity 10561K, committed 10672K, reserved 1048576K
}

