# JRE version: Java(TM) SE Runtime Environment (8.0_271-b09) (build 1.8.0_271-b09)
# Java VM: Java HotSpot(TM) 64-Bit Server VM (25.271-b09 mixed mode bsd-amd64 compressed oops)
Heap:
 PSYoungGen      total 651776K, used 86344K [0x0000000792300000, 0x00000007c0000000, 0x00000007c0000000)
  eden space 601088K, 5% used [0x0000000792300000,0x0000000794636950,0x00000007b6e00000)
  from space 50688K, 99% used [0x00000007b6e00000,0x00000007b9f1b6e0,0x00000007b9f80000)
  to   space 77824K, 0% used [0x00000007bb400000,0x00000007bb400000,0x00000007c0000000)
 ParOldGen       total 720896K, used 105861K [0x0000000736800000, 0x0000000762800000, 0x0000000792300000)
  object space 720896K, 14% used [0x0000000736800000,0x000000073cf61650,0x0000000762800000)
 Metaspace       used 92252K, capacity 95976K, committed 96168K, reserved 1134592K
  class space    used 10552K, capacity 11326K, committed 11440K, reserved 1048576K
GC Heap History (10 events):
Event: 16.254 GC heap before
{Heap before GC invocations=8 (full 2):
 PSYoungGen      total 482304K, used 336137K [0x0000000792300000, 0x00000007c0000000, 0x00000007c0000000)
  eden space 439808K, 73% used [0x0000000792300000,0x00000007a5ec3678,0x00000007ad080000)
  from space 42496K, 30% used [0x00000007ad080000,0x00000007adcfef40,0x00000007afa00000)
  to   space 67584K, 0% used [0x00000007bbe00000,0x00000007bbe00000,0x00000007c0000000)
 ParOldGen       total 683008K, used 69472K [0x0000000736800000, 0x0000000760300000, 0x0000000792300000)
  object space 683008K, 10% used [0x0000000736800000,0x000000073abd8160,0x0000000760300000)
 Metaspace       used 58350K, capacity 58928K, committed 59160K, reserved 1101824K
  class space    used 6597K, capacity 6736K, committed 6832K, reserved 1048576K
Event: 16.262 GC heap after
Heap after GC invocations=8 (full 2):
 PSYoungGen      total 687104K, used 16246K [0x0000000792300000, 0x00000007c0000000, 0x00000007c0000000)
  eden space 619520K, 0% used [0x0000000792300000,0x0000000792300000,0x00000007b8000000)
  from space 67584K, 24% used [0x00000007bbe00000,0x00000007bcddd920,0x00000007c0000000)
  to   space 63488K, 0% used [0x00000007b8000000,0x00000007b8000000,0x00000007bbe00000)
 ParOldGen       total 683008K, used 69480K [0x0000000736800000, 0x0000000760300000, 0x0000000792300000)
  object space 683008K, 10% used [0x0000000736800000,0x000000073abda160,0x0000000760300000)
 Metaspace       used 58350K, capacity 58928K, committed 59160K, reserved 1101824K
  class space    used 6597K, capacity 6736K, committed 6832K, reserved 1048576K
}
Event: 16.262 GC heap before
{Heap before GC invocations=9 (full 3):
 PSYoungGen      total 687104K, used 16246K [0x0000000792300000, 0x00000007c0000000, 0x00000007c0000000)
  eden space 619520K, 0% used [0x0000000792300000,0x0000000792300000,0x00000007b8000000)
  from space 67584K, 24% used [0x00000007bbe00000,0x00000007bcddd920,0x00000007c0000000)
  to   space 63488K, 0% used [0x00000007b8000000,0x00000007b8000000,0x00000007bbe00000)
 ParOldGen       total 683008K, used 69480K [0x0000000736800000, 0x0000000760300000, 0x0000000792300000)
  object space 683008K, 10% used [0x0000000736800000,0x000000073abda160,0x0000000760300000)
 Metaspace       used 58350K, capacity 58928K, committed 59160K, reserved 1101824K
  class space    used 6597K, capacity 6736K, committed 6832K, reserved 1048576K
Event: 16.339 GC heap after
Heap after GC invocations=9 (full 3):
 PSYoungGen      total 687104K, used 0K [0x0000000792300000, 0x00000007c0000000, 0x00000007c0000000)
  eden space 619520K, 0% used [0x0000000792300000,0x0000000792300000,0x00000007b8000000)
  from space 67584K, 0% used [0x00000007bbe00000,0x00000007bbe00000,0x00000007c0000000)
  to   space 63488K, 0% used [0x00000007b8000000,0x00000007b8000000,0x00000007bbe00000)
 ParOldGen       total 720896K, used 81261K [0x0000000736800000, 0x0000000762800000, 0x0000000792300000)
  object space 720896K, 11% used [0x0000000736800000,0x000000073b75b630,0x0000000762800000)
 Metaspace       used 58350K, capacity 58928K, committed 59160K, reserved 1101824K
  class space    used 6597K, capacity 6736K, committed 6832K, reserved 1048576K
}
Event: 24.379 GC heap before
{Heap before GC invocations=10 (full 3):
 PSYoungGen      total 687104K, used 619520K [0x0000000792300000, 0x00000007c0000000, 0x00000007c0000000)
  eden space 619520K, 100% used [0x0000000792300000,0x00000007b8000000,0x00000007b8000000)
  from space 67584K, 0% used [0x00000007bbe00000,0x00000007bbe00000,0x00000007c0000000)
  to   space 63488K, 0% used [0x00000007b8000000,0x00000007b8000000,0x00000007bbe00000)
 ParOldGen       total 720896K, used 81261K [0x0000000736800000, 0x0000000762800000, 0x0000000792300000)
  object space 720896K, 11% used [0x0000000736800000,0x000000073b75b630,0x0000000762800000)
 Metaspace       used 87700K, capacity 89526K, committed 89768K, reserved 1128448K
  class space    used 9986K, capacity 10361K, committed 10416K, reserved 1048576K
Event: 24.401 GC heap after
Heap after GC invocations=10 (full 3):
 PSYoungGen      total 683008K, used 35853K [0x0000000792300000, 0x00000007bfc00000, 0x00000007c0000000)
  eden space 619520K, 0% used [0x0000000792300000,0x0000000792300000,0x00000007b8000000)
  from space 63488K, 56% used [0x00000007b8000000,0x00000007ba303760,0x00000007bbe00000)
  to   space 63488K, 0% used [0x00000007bbe00000,0x00000007bbe00000,0x00000007bfc00000)
 ParOldGen       total 720896K, used 81269K [0x0000000736800000, 0x0000000762800000, 0x0000000792300000)
  object space 720896K, 11% used [0x0000000736800000,0x000000073b75d630,0x0000000762800000)
 Metaspace       used 87700K, capacity 89526K, committed 89768K, reserved 1128448K
  class space    used 9986K, capacity 10361K, committed 10416K, reserved 1048576K
}
Event: 26.581 GC heap before
{Heap before GC invocations=11 (full 3):
 PSYoungGen      total 683008K, used 655373K [0x0000000792300000, 0x00000007bfc00000, 0x00000007c0000000)
  eden space 619520K, 100% used [0x0000000792300000,0x00000007b8000000,0x00000007b8000000)
  from space 63488K, 56% used [0x00000007b8000000,0x00000007ba303760,0x00000007bbe00000)
  to   space 63488K, 0% used [0x00000007bbe00000,0x00000007bbe00000,0x00000007bfc00000)
 ParOldGen       total 720896K, used 81269K [0x0000000736800000, 0x0000000762800000, 0x0000000792300000)
  object space 720896K, 11% used [0x0000000736800000,0x000000073b75d630,0x0000000762800000)
 Metaspace       used 91516K, capacity 94936K, committed 95144K, reserved 1132544K
  class space    used 10464K, capacity 11170K, committed 11184K, reserved 1048576K
Event: 26.614 GC heap after
Heap after GC invocations=11 (full 3):
 PSYoungGen      total 664576K, used 62773K [0x0000000792300000, 0x00000007c0000000, 0x00000007c0000000)
  eden space 601088K, 0% used [0x0000000792300000,0x0000000792300000,0x00000007b6e00000)
  from space 63488K, 98% used [0x00000007bbe00000,0x00000007bfb4d5e8,0x00000007bfc00000)
  to   space 74752K, 0% used [0x00000007b6e00000,0x00000007b6e00000,0x00000007bb700000)
 ParOldGen       total 720896K, used 105853K [0x0000000736800000, 0x0000000762800000, 0x0000000792300000)
  object space 720896K, 14% used [0x0000000736800000,0x000000073cf5f650,0x0000000762800000)
 Metaspace       used 91516K, capacity 94936K, committed 95144K, reserved 1132544K
  class space    used 10464K, capacity 11170K, committed 11184K, reserved 1048576K
}
Event: 27.810 GC heap before
{Heap before GC invocations=12 (full 3):
 PSYoungGen      total 664576K, used 653155K [0x0000000792300000, 0x00000007c0000000, 0x00000007c0000000)
  eden space 601088K, 98% used [0x0000000792300000,0x00000007b638b6f8,0x00000007b6e00000)
  from space 63488K, 98% used [0x00000007bbe00000,0x00000007bfb4d5e8,0x00000007bfc00000)
  to   space 74752K, 0% used [0x00000007b6e00000,0x00000007b6e00000,0x00000007bb700000)
 ParOldGen       total 720896K, used 105853K [0x0000000736800000, 0x0000000762800000, 0x0000000792300000)
  object space 720896K, 14% used [0x0000000736800000,0x000000073cf5f650,0x0000000762800000)
 Metaspace       used 92232K, capacity 95970K, committed 96168K, reserved 1134592K
  class space    used 10552K, capacity 11325K, committed 11440K, reserved 1048576K
Event: 27.834 GC heap after
Heap after GC invocations=12 (full 3):
 PSYoungGen      total 651776K, used 50285K [0x0000000792300000, 0x00000007c0000000, 0x00000007c0000000)
  eden space 601088K, 0% used [0x0000000792300000,0x0000000792300000,0x00000007b6e00000)
  from space 50688K, 99% used [0x00000007b6e00000,0x00000007b9f1b6e0,0x00000007b9f80000)
  to   space 77824K, 0% used [0x00000007bb400000,0x00000007bb400000,0x00000007c0000000)
 ParOldGen       total 720896K, used 105861K [0x0000000736800000, 0x0000000762800000, 0x0000000792300000)
  object space 720896K, 14% used [0x0000000736800000,0x000000073cf61650,0x0000000762800000)
 Metaspace       used 92232K, capacity 95970K, committed 96168K, reserved 1134592K
  class space    used 10552K, capacity 11325K, committed 11440K, reserved 1048576K
}

