# JRE version: Java(TM) SE Runtime Environment (8.0_271-b09) (build 1.8.0_271-b09)
# Java VM: Java HotSpot(TM) 64-Bit Server VM (25.271-b09 mixed mode bsd-amd64 compressed oops)
Heap:
 PSYoungGen      total 685568K, used 57231K [0x0000000792300000, 0x00000007c0000000, 0x00000007c0000000)
  eden space 623104K, 5% used [0x0000000792300000,0x00000007941bf538,0x00000007b8380000)
  from space 62464K, 41% used [0x00000007bbc80000,0x00000007bd5a49f0,0x00000007bf980000)
  to   space 58368K, 0% used [0x00000007b8380000,0x00000007b8380000,0x00000007bbc80000)
 ParOldGen       total 724480K, used 81427K [0x0000000736800000, 0x0000000762b80000, 0x0000000792300000)
  object space 724480K, 11% used [0x0000000736800000,0x000000073b784f38,0x0000000762b80000)
 Metaspace       used 89336K, capacity 91292K, committed 91560K, reserved 1130496K
  class space    used 10159K, capacity 10592K, committed 10672K, reserved 1048576K
GC Heap History (10 events):
Event: 13.984 GC heap before
{Heap before GC invocations=7 (full 2):
 PSYoungGen      total 476672K, used 434176K [0x0000000792300000, 0x00000007b2500000, 0x00000007c0000000)
  eden space 434176K, 100% used [0x0000000792300000,0x00000007acb00000,0x00000007acb00000)
  from space 42496K, 0% used [0x00000007af480000,0x00000007af480000,0x00000007b1e00000)
  to   space 42496K, 0% used [0x00000007acb00000,0x00000007acb00000,0x00000007af480000)
 ParOldGen       total 683008K, used 69441K [0x0000000736800000, 0x0000000760300000, 0x0000000792300000)
  object space 683008K, 10% used [0x0000000736800000,0x000000073abd04f0,0x0000000760300000)
 Metaspace       used 44398K, capacity 44876K, committed 45352K, reserved 1089536K
  class space    used 5178K, capacity 5330K, committed 5424K, reserved 1048576K
Event: 13.990 GC heap after
Heap after GC invocations=7 (full 2):
 PSYoungGen      total 476672K, used 12345K [0x0000000792300000, 0x00000007c0000000, 0x00000007c0000000)
  eden space 434176K, 0% used [0x0000000792300000,0x0000000792300000,0x00000007acb00000)
  from space 42496K, 29% used [0x00000007acb00000,0x00000007ad70e440,0x00000007af480000)
  to   space 67584K, 0% used [0x00000007bbe00000,0x00000007bbe00000,0x00000007c0000000)
 ParOldGen       total 683008K, used 69449K [0x0000000736800000, 0x0000000760300000, 0x0000000792300000)
  object space 683008K, 10% used [0x0000000736800000,0x000000073abd24f0,0x0000000760300000)
 Metaspace       used 44398K, capacity 44876K, committed 45352K, reserved 1089536K
  class space    used 5178K, capacity 5330K, committed 5424K, reserved 1048576K
}
Event: 17.983 GC heap before
{Heap before GC invocations=8 (full 2):
 PSYoungGen      total 476672K, used 337708K [0x0000000792300000, 0x00000007c0000000, 0x00000007c0000000)
  eden space 434176K, 74% used [0x0000000792300000,0x00000007a60bcd90,0x00000007acb00000)
  from space 42496K, 29% used [0x00000007acb00000,0x00000007ad70e440,0x00000007af480000)
  to   space 67584K, 0% used [0x00000007bbe00000,0x00000007bbe00000,0x00000007c0000000)
 ParOldGen       total 683008K, used 69449K [0x0000000736800000, 0x0000000760300000, 0x0000000792300000)
  object space 683008K, 10% used [0x0000000736800000,0x000000073abd24f0,0x0000000760300000)
 Metaspace       used 58349K, capacity 58928K, committed 59160K, reserved 1101824K
  class space    used 6600K, capacity 6736K, committed 6832K, reserved 1048576K
Event: 18.002 GC heap after
Heap after GC invocations=8 (full 2):
 PSYoungGen      total 686592K, used 16526K [0x0000000792300000, 0x00000007c0000000, 0x00000007c0000000)
  eden space 619008K, 0% used [0x0000000792300000,0x0000000792300000,0x00000007b7f80000)
  from space 67584K, 24% used [0x00000007bbe00000,0x00000007bce23ba8,0x00000007c0000000)
  to   space 64000K, 0% used [0x00000007b7f80000,0x00000007b7f80000,0x00000007bbe00000)
 ParOldGen       total 683008K, used 69449K [0x0000000736800000, 0x0000000760300000, 0x0000000792300000)
  object space 683008K, 10% used [0x0000000736800000,0x000000073abd24f0,0x0000000760300000)
 Metaspace       used 58349K, capacity 58928K, committed 59160K, reserved 1101824K
  class space    used 6600K, capacity 6736K, committed 6832K, reserved 1048576K
}
Event: 18.002 GC heap before
{Heap before GC invocations=9 (full 3):
 PSYoungGen      total 686592K, used 16526K [0x0000000792300000, 0x00000007c0000000, 0x00000007c0000000)
  eden space 619008K, 0% used [0x0000000792300000,0x0000000792300000,0x00000007b7f80000)
  from space 67584K, 24% used [0x00000007bbe00000,0x00000007bce23ba8,0x00000007c0000000)
  to   space 64000K, 0% used [0x00000007b7f80000,0x00000007b7f80000,0x00000007bbe00000)
 ParOldGen       total 683008K, used 69449K [0x0000000736800000, 0x0000000760300000, 0x0000000792300000)
  object space 683008K, 10% used [0x0000000736800000,0x000000073abd24f0,0x0000000760300000)
 Metaspace       used 58349K, capacity 58928K, committed 59160K, reserved 1101824K
  class space    used 6600K, capacity 6736K, committed 6832K, reserved 1048576K
Event: 18.083 GC heap after
Heap after GC invocations=9 (full 3):
 PSYoungGen      total 686592K, used 0K [0x0000000792300000, 0x00000007c0000000, 0x00000007c0000000)
  eden space 619008K, 0% used [0x0000000792300000,0x0000000792300000,0x00000007b7f80000)
  from space 67584K, 0% used [0x00000007bbe00000,0x00000007bbe00000,0x00000007c0000000)
  to   space 64000K, 0% used [0x00000007b7f80000,0x00000007b7f80000,0x00000007bbe00000)
 ParOldGen       total 724480K, used 81411K [0x0000000736800000, 0x0000000762b80000, 0x0000000792300000)
  object space 724480K, 11% used [0x0000000736800000,0x000000073b780f38,0x0000000762b80000)
 Metaspace       used 58349K, capacity 58928K, committed 59160K, reserved 1101824K
  class space    used 6600K, capacity 6736K, committed 6832K, reserved 1048576K
}
Event: 26.893 GC heap before
{Heap before GC invocations=10 (full 3):
 PSYoungGen      total 686592K, used 619008K [0x0000000792300000, 0x00000007c0000000, 0x00000007c0000000)
  eden space 619008K, 100% used [0x0000000792300000,0x00000007b7f80000,0x00000007b7f80000)
  from space 67584K, 0% used [0x00000007bbe00000,0x00000007bbe00000,0x00000007c0000000)
  to   space 64000K, 0% used [0x00000007b7f80000,0x00000007b7f80000,0x00000007bbe00000)
 ParOldGen       total 724480K, used 81411K [0x0000000736800000, 0x0000000762b80000, 0x0000000792300000)
  object space 724480K, 11% used [0x0000000736800000,0x000000073b780f38,0x0000000762b80000)
 Metaspace       used 87803K, capacity 89592K, committed 89768K, reserved 1128448K
  class space    used 10000K, capacity 10362K, committed 10416K, reserved 1048576K
Event: 26.918 GC heap after
Heap after GC invocations=10 (full 3):
 PSYoungGen      total 652800K, used 33559K [0x0000000792300000, 0x00000007bf980000, 0x00000007c0000000)
  eden space 619008K, 0% used [0x0000000792300000,0x0000000792300000,0x00000007b7f80000)
  from space 33792K, 99% used [0x00000007b7f80000,0x00000007ba045fe8,0x00000007ba080000)
  to   space 62464K, 0% used [0x00000007bbc80000,0x00000007bbc80000,0x00000007bf980000)
 ParOldGen       total 724480K, used 81419K [0x0000000736800000, 0x0000000762b80000, 0x0000000792300000)
  object space 724480K, 11% used [0x0000000736800000,0x000000073b782f38,0x0000000762b80000)
 Metaspace       used 87803K, capacity 89592K, committed 89768K, reserved 1128448K
  class space    used 10000K, capacity 10362K, committed 10416K, reserved 1048576K
}
Event: 28.419 GC heap before
{Heap before GC invocations=11 (full 3):
 PSYoungGen      total 652800K, used 652515K [0x0000000792300000, 0x00000007bf980000, 0x00000007c0000000)
  eden space 619008K, 99% used [0x0000000792300000,0x00000007b7f72e08,0x00000007b7f80000)
  from space 33792K, 99% used [0x00000007b7f80000,0x00000007ba045fe8,0x00000007ba080000)
  to   space 62464K, 0% used [0x00000007bbc80000,0x00000007bbc80000,0x00000007bf980000)
 ParOldGen       total 724480K, used 81419K [0x0000000736800000, 0x0000000762b80000, 0x0000000792300000)
  object space 724480K, 11% used [0x0000000736800000,0x000000073b782f38,0x0000000762b80000)
 Metaspace       used 89320K, capacity 91228K, committed 91560K, reserved 1130496K
  class space    used 10158K, capacity 10592K, committed 10672K, reserved 1048576K
Event: 28.439 GC heap after
Heap after GC invocations=11 (full 3):
 PSYoungGen      total 685568K, used 25746K [0x0000000792300000, 0x00000007c0000000, 0x00000007c0000000)
  eden space 623104K, 0% used [0x0000000792300000,0x0000000792300000,0x00000007b8380000)
  from space 62464K, 41% used [0x00000007bbc80000,0x00000007bd5a49f0,0x00000007bf980000)
  to   space 58368K, 0% used [0x00000007b8380000,0x00000007b8380000,0x00000007bbc80000)
 ParOldGen       total 724480K, used 81427K [0x0000000736800000, 0x0000000762b80000, 0x0000000792300000)
  object space 724480K, 11% used [0x0000000736800000,0x000000073b784f38,0x0000000762b80000)
 Metaspace       used 89320K, capacity 91228K, committed 91560K, reserved 1130496K
  class space    used 10158K, capacity 10592K, committed 10672K, reserved 1048576K
}

