# JRE version: Java(TM) SE Runtime Environment (8.0_271-b09) (build 1.8.0_271-b09)
# Java VM: Java HotSpot(TM) 64-Bit Server VM (25.271-b09 mixed mode bsd-amd64 compressed oops)
Heap:
 PSYoungGen      total 686080K, used 53549K [0x0000000792300000, 0x00000007c0000000, 0x00000007c0000000)
  eden space 623616K, 4% used [0x0000000792300000,0x0000000793e38b18,0x00000007b8400000)
  from space 62464K, 41% used [0x00000007bbd00000,0x00000007bd6129e0,0x00000007bfa00000)
  to   space 58368K, 0% used [0x00000007b8400000,0x00000007b8400000,0x00000007bbd00000)
 ParOldGen       total 719360K, used 81257K [0x0000000736800000, 0x0000000762680000, 0x0000000792300000)
  object space 719360K, 11% used [0x0000000736800000,0x000000073b75a588,0x0000000762680000)
 Metaspace       used 89358K, capacity 91360K, committed 91560K, reserved 1130496K
  class space    used 10159K, capacity 10602K, committed 10672K, reserved 1048576K
GC Heap History (10 events):
Event: 12.844 GC heap before
{Heap before GC invocations=7 (full 2):
 PSYoungGen      total 483328K, used 440832K [0x0000000792300000, 0x00000007b2b80000, 0x00000007c0000000)
  eden space 440832K, 100% used [0x0000000792300000,0x00000007ad180000,0x00000007ad180000)
  from space 42496K, 0% used [0x00000007afb00000,0x00000007afb00000,0x00000007b2480000)
  to   space 42496K, 0% used [0x00000007ad180000,0x00000007ad180000,0x00000007afb00000)
 ParOldGen       total 683008K, used 69443K [0x0000000736800000, 0x0000000760300000, 0x0000000792300000)
  object space 683008K, 10% used [0x0000000736800000,0x000000073abd0ec8,0x0000000760300000)
 Metaspace       used 44585K, capacity 45004K, committed 45352K, reserved 1089536K
  class space    used 5199K, capacity 5330K, committed 5424K, reserved 1048576K
Event: 12.850 GC heap after
Heap after GC invocations=7 (full 2):
 PSYoungGen      total 483328K, used 12707K [0x0000000792300000, 0x00000007c0000000, 0x00000007c0000000)
  eden space 440832K, 0% used [0x0000000792300000,0x0000000792300000,0x00000007ad180000)
  from space 42496K, 29% used [0x00000007ad180000,0x00000007adde8c60,0x00000007afb00000)
  to   space 67584K, 0% used [0x00000007bbe00000,0x00000007bbe00000,0x00000007c0000000)
 ParOldGen       total 683008K, used 69443K [0x0000000736800000, 0x0000000760300000, 0x0000000792300000)
  object space 683008K, 10% used [0x0000000736800000,0x000000073abd0ec8,0x0000000760300000)
 Metaspace       used 44585K, capacity 45004K, committed 45352K, reserved 1089536K
  class space    used 5199K, capacity 5330K, committed 5424K, reserved 1048576K
}
Event: 16.444 GC heap before
{Heap before GC invocations=8 (full 2):
 PSYoungGen      total 483328K, used 326954K [0x0000000792300000, 0x00000007c0000000, 0x00000007c0000000)
  eden space 440832K, 71% used [0x0000000792300000,0x00000007a55e1dc8,0x00000007ad180000)
  from space 42496K, 29% used [0x00000007ad180000,0x00000007adde8c60,0x00000007afb00000)
  to   space 67584K, 0% used [0x00000007bbe00000,0x00000007bbe00000,0x00000007c0000000)
 ParOldGen       total 683008K, used 69443K [0x0000000736800000, 0x0000000760300000, 0x0000000792300000)
  object space 683008K, 10% used [0x0000000736800000,0x000000073abd0ec8,0x0000000760300000)
 Metaspace       used 58416K, capacity 58992K, committed 59160K, reserved 1101824K
  class space    used 6604K, capacity 6736K, committed 6832K, reserved 1048576K
Event: 16.451 GC heap after
Heap after GC invocations=8 (full 2):
 PSYoungGen      total 687104K, used 16184K [0x0000000792300000, 0x00000007c0000000, 0x00000007c0000000)
  eden space 619520K, 0% used [0x0000000792300000,0x0000000792300000,0x00000007b8000000)
  from space 67584K, 23% used [0x00000007bbe00000,0x00000007bcdce050,0x00000007c0000000)
  to   space 63488K, 0% used [0x00000007b8000000,0x00000007b8000000,0x00000007bbe00000)
 ParOldGen       total 683008K, used 69451K [0x0000000736800000, 0x0000000760300000, 0x0000000792300000)
  object space 683008K, 10% used [0x0000000736800000,0x000000073abd2ec8,0x0000000760300000)
 Metaspace       used 58416K, capacity 58992K, committed 59160K, reserved 1101824K
  class space    used 6604K, capacity 6736K, committed 6832K, reserved 1048576K
}
Event: 16.451 GC heap before
{Heap before GC invocations=9 (full 3):
 PSYoungGen      total 687104K, used 16184K [0x0000000792300000, 0x00000007c0000000, 0x00000007c0000000)
  eden space 619520K, 0% used [0x0000000792300000,0x0000000792300000,0x00000007b8000000)
  from space 67584K, 23% used [0x00000007bbe00000,0x00000007bcdce050,0x00000007c0000000)
  to   space 63488K, 0% used [0x00000007b8000000,0x00000007b8000000,0x00000007bbe00000)
 ParOldGen       total 683008K, used 69451K [0x0000000736800000, 0x0000000760300000, 0x0000000792300000)
  object space 683008K, 10% used [0x0000000736800000,0x000000073abd2ec8,0x0000000760300000)
 Metaspace       used 58416K, capacity 58992K, committed 59160K, reserved 1101824K
  class space    used 6604K, capacity 6736K, committed 6832K, reserved 1048576K
Event: 16.528 GC heap after
Heap after GC invocations=9 (full 3):
 PSYoungGen      total 687104K, used 0K [0x0000000792300000, 0x00000007c0000000, 0x00000007c0000000)
  eden space 619520K, 0% used [0x0000000792300000,0x0000000792300000,0x00000007b8000000)
  from space 67584K, 0% used [0x00000007bbe00000,0x00000007bbe00000,0x00000007c0000000)
  to   space 63488K, 0% used [0x00000007b8000000,0x00000007b8000000,0x00000007bbe00000)
 ParOldGen       total 719360K, used 81241K [0x0000000736800000, 0x0000000762680000, 0x0000000792300000)
  object space 719360K, 11% used [0x0000000736800000,0x000000073b756588,0x0000000762680000)
 Metaspace       used 58416K, capacity 58992K, committed 59160K, reserved 1101824K
  class space    used 6604K, capacity 6736K, committed 6832K, reserved 1048576K
}
Event: 24.342 GC heap before
{Heap before GC invocations=10 (full 3):
 PSYoungGen      total 687104K, used 619520K [0x0000000792300000, 0x00000007c0000000, 0x00000007c0000000)
  eden space 619520K, 100% used [0x0000000792300000,0x00000007b8000000,0x00000007b8000000)
  from space 67584K, 0% used [0x00000007bbe00000,0x00000007bbe00000,0x00000007c0000000)
  to   space 63488K, 0% used [0x00000007b8000000,0x00000007b8000000,0x00000007bbe00000)
 ParOldGen       total 719360K, used 81241K [0x0000000736800000, 0x0000000762680000, 0x0000000792300000)
  object space 719360K, 11% used [0x0000000736800000,0x000000073b756588,0x0000000762680000)
 Metaspace       used 87857K, capacity 89730K, committed 90024K, reserved 1128448K
  class space    used 10004K, capacity 10373K, committed 10416K, reserved 1048576K
Event: 24.365 GC heap after
Heap after GC invocations=10 (full 3):
 PSYoungGen      total 653312K, used 33626K [0x0000000792300000, 0x00000007bfa00000, 0x00000007c0000000)
  eden space 619520K, 0% used [0x0000000792300000,0x0000000792300000,0x00000007b8000000)
  from space 33792K, 99% used [0x00000007b8000000,0x00000007ba0d6a90,0x00000007ba100000)
  to   space 62464K, 0% used [0x00000007bbd00000,0x00000007bbd00000,0x00000007bfa00000)
 ParOldGen       total 719360K, used 81249K [0x0000000736800000, 0x0000000762680000, 0x0000000792300000)
  object space 719360K, 11% used [0x0000000736800000,0x000000073b758588,0x0000000762680000)
 Metaspace       used 87857K, capacity 89730K, committed 90024K, reserved 1128448K
  class space    used 10004K, capacity 10373K, committed 10416K, reserved 1048576K
}
Event: 25.888 GC heap before
{Heap before GC invocations=11 (full 3):
 PSYoungGen      total 653312K, used 653146K [0x0000000792300000, 0x00000007bfa00000, 0x00000007c0000000)
  eden space 619520K, 100% used [0x0000000792300000,0x00000007b8000000,0x00000007b8000000)
  from space 33792K, 99% used [0x00000007b8000000,0x00000007ba0d6a90,0x00000007ba100000)
  to   space 62464K, 0% used [0x00000007bbd00000,0x00000007bbd00000,0x00000007bfa00000)
 ParOldGen       total 719360K, used 81249K [0x0000000736800000, 0x0000000762680000, 0x0000000792300000)
  object space 719360K, 11% used [0x0000000736800000,0x000000073b758588,0x0000000762680000)
 Metaspace       used 89353K, capacity 91360K, committed 91560K, reserved 1130496K
  class space    used 10159K, capacity 10602K, committed 10672K, reserved 1048576K
Event: 25.908 GC heap after
Heap after GC invocations=11 (full 3):
 PSYoungGen      total 686080K, used 25674K [0x0000000792300000, 0x00000007c0000000, 0x00000007c0000000)
  eden space 623616K, 0% used [0x0000000792300000,0x0000000792300000,0x00000007b8400000)
  from space 62464K, 41% used [0x00000007bbd00000,0x00000007bd6129e0,0x00000007bfa00000)
  to   space 58368K, 0% used [0x00000007b8400000,0x00000007b8400000,0x00000007bbd00000)
 ParOldGen       total 719360K, used 81257K [0x0000000736800000, 0x0000000762680000, 0x0000000792300000)
  object space 719360K, 11% used [0x0000000736800000,0x000000073b75a588,0x0000000762680000)
 Metaspace       used 89353K, capacity 91360K, committed 91560K, reserved 1130496K
  class space    used 10159K, capacity 10602K, committed 10672K, reserved 1048576K
}

