# JRE version: Java(TM) SE Runtime Environment (8.0_271-b09) (build 1.8.0_271-b09)
# Java VM: Java HotSpot(TM) 64-Bit Server VM (25.271-b09 mixed mode bsd-amd64 compressed oops)
Heap:
 PSYoungGen      total 682496K, used 68041K [0x0000000792300000, 0x00000007c0000000, 0x00000007c0000000)
  eden space 619008K, 6% used [0x0000000792300000,0x0000000794ce0c80,0x00000007b7f80000)
  from space 63488K, 39% used [0x00000007bba00000,0x00000007bd2919e8,0x00000007bf800000)
  to   space 59904K, 0% used [0x00000007b7f80000,0x00000007b7f80000,0x00000007bba00000)
 ParOldGen       total 683008K, used 79011K [0x0000000736800000, 0x0000000760300000, 0x0000000792300000)
  object space 683008K, 11% used [0x0000000736800000,0x000000073b528d10,0x0000000760300000)
 Metaspace       used 89193K, capacity 91334K, committed 91560K, reserved 1130496K
  class space    used 10130K, capacity 10582K, committed 10664K, reserved 1048576K
GC Heap History (10 events):
Event: 13.631 GC heap before
{Heap before GC invocations=7 (full 2):
 PSYoungGen      total 708096K, used 665600K [0x0000000792300000, 0x00000007c0000000, 0x00000007c0000000)
  eden space 665600K, 100% used [0x0000000792300000,0x00000007bad00000,0x00000007bad00000)
  from space 42496K, 0% used [0x00000007bd680000,0x00000007bd680000,0x00000007c0000000)
  to   space 42496K, 0% used [0x00000007bad00000,0x00000007bad00000,0x00000007bd680000)
 ParOldGen       total 683008K, used 66811K [0x0000000736800000, 0x0000000760300000, 0x0000000792300000)
  object space 683008K, 9% used [0x0000000736800000,0x000000073a93ec08,0x0000000760300000)
 Metaspace       used 47624K, capacity 48050K, committed 48552K, reserved 1091584K
  class space    used 5554K, capacity 5683K, committed 5800K, reserved 1048576K
Event: 13.639 GC heap after
Heap after GC invocations=7 (full 2):
 PSYoungGen      total 681472K, used 15840K [0x0000000792300000, 0x00000007c0000000, 0x00000007c0000000)
  eden space 665600K, 0% used [0x0000000792300000,0x0000000792300000,0x00000007bad00000)
  from space 15872K, 99% used [0x00000007bad00000,0x00000007bbc78090,0x00000007bbc80000)
  to   space 68608K, 0% used [0x00000007bbd00000,0x00000007bbd00000,0x00000007c0000000)
 ParOldGen       total 683008K, used 66819K [0x0000000736800000, 0x0000000760300000, 0x0000000792300000)
  object space 683008K, 9% used [0x0000000736800000,0x000000073a940c08,0x0000000760300000)
 Metaspace       used 47624K, capacity 48050K, committed 48552K, reserved 1091584K
  class space    used 5554K, capacity 5683K, committed 5800K, reserved 1048576K
}
Event: 16.258 GC heap before
{Heap before GC invocations=8 (full 2):
 PSYoungGen      total 681472K, used 237365K [0x0000000792300000, 0x00000007c0000000, 0x00000007c0000000)
  eden space 665600K, 33% used [0x0000000792300000,0x000000079fb55748,0x00000007bad00000)
  from space 15872K, 99% used [0x00000007bad00000,0x00000007bbc78090,0x00000007bbc80000)
  to   space 68608K, 0% used [0x00000007bbd00000,0x00000007bbd00000,0x00000007c0000000)
 ParOldGen       total 683008K, used 66819K [0x0000000736800000, 0x0000000760300000, 0x0000000792300000)
  object space 683008K, 9% used [0x0000000736800000,0x000000073a940c08,0x0000000760300000)
 Metaspace       used 58344K, capacity 58934K, committed 59160K, reserved 1101824K
  class space    used 6596K, capacity 6737K, committed 6824K, reserved 1048576K
Event: 16.265 GC heap after
Heap after GC invocations=8 (full 2):
 PSYoungGen      total 684032K, used 13802K [0x0000000792300000, 0x00000007c0000000, 0x00000007c0000000)
  eden space 615424K, 0% used [0x0000000792300000,0x0000000792300000,0x00000007b7c00000)
  from space 68608K, 20% used [0x00000007bbd00000,0x00000007bca7aa48,0x00000007c0000000)
  to   space 66560K, 0% used [0x00000007b7c00000,0x00000007b7c00000,0x00000007bbd00000)
 ParOldGen       total 683008K, used 66827K [0x0000000736800000, 0x0000000760300000, 0x0000000792300000)
  object space 683008K, 9% used [0x0000000736800000,0x000000073a942c08,0x0000000760300000)
 Metaspace       used 58344K, capacity 58934K, committed 59160K, reserved 1101824K
  class space    used 6596K, capacity 6737K, committed 6824K, reserved 1048576K
}
Event: 16.265 GC heap before
{Heap before GC invocations=9 (full 3):
 PSYoungGen      total 684032K, used 13802K [0x0000000792300000, 0x00000007c0000000, 0x00000007c0000000)
  eden space 615424K, 0% used [0x0000000792300000,0x0000000792300000,0x00000007b7c00000)
  from space 68608K, 20% used [0x00000007bbd00000,0x00000007bca7aa48,0x00000007c0000000)
  to   space 66560K, 0% used [0x00000007b7c00000,0x00000007b7c00000,0x00000007bbd00000)
 ParOldGen       total 683008K, used 66827K [0x0000000736800000, 0x0000000760300000, 0x0000000792300000)
  object space 683008K, 9% used [0x0000000736800000,0x000000073a942c08,0x0000000760300000)
 Metaspace       used 58344K, capacity 58934K, committed 59160K, reserved 1101824K
  class space    used 6596K, capacity 6737K, committed 6824K, reserved 1048576K
Event: 16.345 GC heap after
Heap after GC invocations=9 (full 3):
 PSYoungGen      total 684032K, used 0K [0x0000000792300000, 0x00000007c0000000, 0x00000007c0000000)
  eden space 615424K, 0% used [0x0000000792300000,0x0000000792300000,0x00000007b7c00000)
  from space 68608K, 0% used [0x00000007bbd00000,0x00000007bbd00000,0x00000007c0000000)
  to   space 66560K, 0% used [0x00000007b7c00000,0x00000007b7c00000,0x00000007bbd00000)
 ParOldGen       total 683008K, used 78995K [0x0000000736800000, 0x0000000760300000, 0x0000000792300000)
  object space 683008K, 11% used [0x0000000736800000,0x000000073b524d10,0x0000000760300000)
 Metaspace       used 58344K, capacity 58934K, committed 59160K, reserved 1101824K
  class space    used 6596K, capacity 6737K, committed 6824K, reserved 1048576K
}
Event: 25.383 GC heap before
{Heap before GC invocations=10 (full 3):
 PSYoungGen      total 684032K, used 615424K [0x0000000792300000, 0x00000007c0000000, 0x00000007c0000000)
  eden space 615424K, 100% used [0x0000000792300000,0x00000007b7c00000,0x00000007b7c00000)
  from space 68608K, 0% used [0x00000007bbd00000,0x00000007bbd00000,0x00000007c0000000)
  to   space 66560K, 0% used [0x00000007b7c00000,0x00000007b7c00000,0x00000007bbd00000)
 ParOldGen       total 683008K, used 78995K [0x0000000736800000, 0x0000000760300000, 0x0000000792300000)
  object space 683008K, 11% used [0x0000000736800000,0x000000073b524d10,0x0000000760300000)
 Metaspace       used 87645K, capacity 89428K, committed 89512K, reserved 1128448K
  class space    used 9981K, capacity 10344K, committed 10408K, reserved 1048576K
Event: 25.403 GC heap after
Heap after GC invocations=10 (full 3):
 PSYoungGen      total 648192K, used 32365K [0x0000000792300000, 0x00000007bf800000, 0x00000007c0000000)
  eden space 615424K, 0% used [0x0000000792300000,0x0000000792300000,0x00000007b7c00000)
  from space 32768K, 98% used [0x00000007b7c00000,0x00000007b9b9b4b0,0x00000007b9c00000)
  to   space 63488K, 0% used [0x00000007bba00000,0x00000007bba00000,0x00000007bf800000)
 ParOldGen       total 683008K, used 79003K [0x0000000736800000, 0x0000000760300000, 0x0000000792300000)
  object space 683008K, 11% used [0x0000000736800000,0x000000073b526d10,0x0000000760300000)
 Metaspace       used 87645K, capacity 89428K, committed 89512K, reserved 1128448K
  class space    used 9981K, capacity 10344K, committed 10408K, reserved 1048576K
}
Event: 32.755 GC heap before
{Heap before GC invocations=11 (full 3):
 PSYoungGen      total 648192K, used 647789K [0x0000000792300000, 0x00000007bf800000, 0x00000007c0000000)
  eden space 615424K, 100% used [0x0000000792300000,0x00000007b7c00000,0x00000007b7c00000)
  from space 32768K, 98% used [0x00000007b7c00000,0x00000007b9b9b4b0,0x00000007b9c00000)
  to   space 63488K, 0% used [0x00000007bba00000,0x00000007bba00000,0x00000007bf800000)
 ParOldGen       total 683008K, used 79003K [0x0000000736800000, 0x0000000760300000, 0x0000000792300000)
  object space 683008K, 11% used [0x0000000736800000,0x000000073b526d10,0x0000000760300000)
 Metaspace       used 89111K, capacity 91262K, committed 91560K, reserved 1130496K
  class space    used 10129K, capacity 10580K, committed 10664K, reserved 1048576K
Event: 32.779 GC heap after
Heap after GC invocations=11 (full 3):
 PSYoungGen      total 682496K, used 25158K [0x0000000792300000, 0x00000007c0000000, 0x00000007c0000000)
  eden space 619008K, 0% used [0x0000000792300000,0x0000000792300000,0x00000007b7f80000)
  from space 63488K, 39% used [0x00000007bba00000,0x00000007bd2919e8,0x00000007bf800000)
  to   space 59904K, 0% used [0x00000007b7f80000,0x00000007b7f80000,0x00000007bba00000)
 ParOldGen       total 683008K, used 79011K [0x0000000736800000, 0x0000000760300000, 0x0000000792300000)
  object space 683008K, 11% used [0x0000000736800000,0x000000073b528d10,0x0000000760300000)
 Metaspace       used 89111K, capacity 91262K, committed 91560K, reserved 1130496K
  class space    used 10129K, capacity 10580K, committed 10664K, reserved 1048576K
}

