# JRE version: Java(TM) SE Runtime Environment (8.0_271-b09) (build 1.8.0_271-b09)
# Java VM: Java HotSpot(TM) 64-Bit Server VM (25.271-b09 mixed mode bsd-amd64 compressed oops)
Heap:
 PSYoungGen      total 685056K, used 87400K [0x0000000792300000, 0x00000007c0000000, 0x00000007c0000000)
  eden space 621056K, 9% used [0x0000000792300000,0x0000000795f4aa50,0x00000007b8180000)
  from space 64000K, 40% used [0x00000007bbc00000,0x00000007bd50f668,0x00000007bfa80000)
  to   space 59904K, 0% used [0x00000007b8180000,0x00000007b8180000,0x00000007bbc00000)
 ParOldGen       total 683008K, used 78015K [0x0000000736800000, 0x0000000760300000, 0x0000000792300000)
  object space 683008K, 11% used [0x0000000736800000,0x000000073b42fc60,0x0000000760300000)
 Metaspace       used 89287K, capacity 91240K, committed 91560K, reserved 1130496K
  class space    used 10155K, capacity 10568K, committed 10672K, reserved 1048576K
GC Heap History (10 events):
Event: 13.937 GC heap before
{Heap before GC invocations=7 (full 2):
 PSYoungGen      total 708096K, used 665600K [0x0000000792300000, 0x00000007c0000000, 0x00000007c0000000)
  eden space 665600K, 100% used [0x0000000792300000,0x00000007bad00000,0x00000007bad00000)
  from space 42496K, 0% used [0x00000007bd680000,0x00000007bd680000,0x00000007c0000000)
  to   space 42496K, 0% used [0x00000007bad00000,0x00000007bad00000,0x00000007bd680000)
 ParOldGen       total 683008K, used 67411K [0x0000000736800000, 0x0000000760300000, 0x0000000792300000)
  object space 683008K, 9% used [0x0000000736800000,0x000000073a9d4d90,0x0000000760300000)
 Metaspace       used 49135K, capacity 49522K, committed 49960K, reserved 1093632K
  class space    used 5678K, capacity 5811K, committed 5936K, reserved 1048576K
Event: 13.946 GC heap after
Heap after GC invocations=7 (full 2):
 PSYoungGen      total 683520K, used 17580K [0x0000000792300000, 0x00000007c0000000, 0x00000007c0000000)
  eden space 665600K, 0% used [0x0000000792300000,0x0000000792300000,0x00000007bad00000)
  from space 17920K, 98% used [0x00000007bad00000,0x00000007bbe2b3a8,0x00000007bbe80000)
  to   space 67072K, 0% used [0x00000007bbe80000,0x00000007bbe80000,0x00000007c0000000)
 ParOldGen       total 683008K, used 67419K [0x0000000736800000, 0x0000000760300000, 0x0000000792300000)
  object space 683008K, 9% used [0x0000000736800000,0x000000073a9d6d90,0x0000000760300000)
 Metaspace       used 49135K, capacity 49522K, committed 49960K, reserved 1093632K
  class space    used 5678K, capacity 5811K, committed 5936K, reserved 1048576K
}
Event: 16.056 GC heap before
{Heap before GC invocations=8 (full 2):
 PSYoungGen      total 683520K, used 195855K [0x0000000792300000, 0x00000007c0000000, 0x00000007c0000000)
  eden space 665600K, 26% used [0x0000000792300000,0x000000079d118a78,0x00000007bad00000)
  from space 17920K, 98% used [0x00000007bad00000,0x00000007bbe2b3a8,0x00000007bbe80000)
  to   space 67072K, 0% used [0x00000007bbe80000,0x00000007bbe80000,0x00000007c0000000)
 ParOldGen       total 683008K, used 67419K [0x0000000736800000, 0x0000000760300000, 0x0000000792300000)
  object space 683008K, 9% used [0x0000000736800000,0x000000073a9d6d90,0x0000000760300000)
 Metaspace       used 58443K, capacity 58998K, committed 59160K, reserved 1101824K
  class space    used 6606K, capacity 6737K, committed 6832K, reserved 1048576K
Event: 16.064 GC heap after
Heap after GC invocations=8 (full 2):
 PSYoungGen      total 684032K, used 12814K [0x0000000792300000, 0x00000007c0000000, 0x00000007c0000000)
  eden space 616960K, 0% used [0x0000000792300000,0x0000000792300000,0x00000007b7d80000)
  from space 67072K, 19% used [0x00000007bbe80000,0x00000007bcb03b88,0x00000007c0000000)
  to   space 66560K, 0% used [0x00000007b7d80000,0x00000007b7d80000,0x00000007bbe80000)
 ParOldGen       total 683008K, used 67427K [0x0000000736800000, 0x0000000760300000, 0x0000000792300000)
  object space 683008K, 9% used [0x0000000736800000,0x000000073a9d8d90,0x0000000760300000)
 Metaspace       used 58443K, capacity 58998K, committed 59160K, reserved 1101824K
  class space    used 6606K, capacity 6737K, committed 6832K, reserved 1048576K
}
Event: 16.064 GC heap before
{Heap before GC invocations=9 (full 3):
 PSYoungGen      total 684032K, used 12814K [0x0000000792300000, 0x00000007c0000000, 0x00000007c0000000)
  eden space 616960K, 0% used [0x0000000792300000,0x0000000792300000,0x00000007b7d80000)
  from space 67072K, 19% used [0x00000007bbe80000,0x00000007bcb03b88,0x00000007c0000000)
  to   space 66560K, 0% used [0x00000007b7d80000,0x00000007b7d80000,0x00000007bbe80000)
 ParOldGen       total 683008K, used 67427K [0x0000000736800000, 0x0000000760300000, 0x0000000792300000)
  object space 683008K, 9% used [0x0000000736800000,0x000000073a9d8d90,0x0000000760300000)
 Metaspace       used 58443K, capacity 58998K, committed 59160K, reserved 1101824K
  class space    used 6606K, capacity 6737K, committed 6832K, reserved 1048576K
Event: 16.139 GC heap after
Heap after GC invocations=9 (full 3):
 PSYoungGen      total 684032K, used 0K [0x0000000792300000, 0x00000007c0000000, 0x00000007c0000000)
  eden space 616960K, 0% used [0x0000000792300000,0x0000000792300000,0x00000007b7d80000)
  from space 67072K, 0% used [0x00000007bbe80000,0x00000007bbe80000,0x00000007c0000000)
  to   space 66560K, 0% used [0x00000007b7d80000,0x00000007b7d80000,0x00000007bbe80000)
 ParOldGen       total 683008K, used 77999K [0x0000000736800000, 0x0000000760300000, 0x0000000792300000)
  object space 683008K, 11% used [0x0000000736800000,0x000000073b42bc60,0x0000000760300000)
 Metaspace       used 58443K, capacity 58998K, committed 59160K, reserved 1101824K
  class space    used 6606K, capacity 6737K, committed 6832K, reserved 1048576K
}
Event: 24.014 GC heap before
{Heap before GC invocations=10 (full 3):
 PSYoungGen      total 684032K, used 616960K [0x0000000792300000, 0x00000007c0000000, 0x00000007c0000000)
  eden space 616960K, 100% used [0x0000000792300000,0x00000007b7d80000,0x00000007b7d80000)
  from space 67072K, 0% used [0x00000007bbe80000,0x00000007bbe80000,0x00000007c0000000)
  to   space 66560K, 0% used [0x00000007b7d80000,0x00000007b7d80000,0x00000007bbe80000)
 ParOldGen       total 683008K, used 77999K [0x0000000736800000, 0x0000000760300000, 0x0000000792300000)
  object space 683008K, 11% used [0x0000000736800000,0x000000073b42bc60,0x0000000760300000)
 Metaspace       used 87796K, capacity 89628K, committed 89768K, reserved 1128448K
  class space    used 10002K, capacity 10370K, committed 10416K, reserved 1048576K
Event: 24.032 GC heap after
Heap after GC invocations=10 (full 3):
 PSYoungGen      total 650240K, used 32979K [0x0000000792300000, 0x00000007bfa80000, 0x00000007c0000000)
  eden space 616960K, 0% used [0x0000000792300000,0x0000000792300000,0x00000007b7d80000)
  from space 33280K, 99% used [0x00000007b7d80000,0x00000007b9db4e50,0x00000007b9e00000)
  to   space 64000K, 0% used [0x00000007bbc00000,0x00000007bbc00000,0x00000007bfa80000)
 ParOldGen       total 683008K, used 78007K [0x0000000736800000, 0x0000000760300000, 0x0000000792300000)
  object space 683008K, 11% used [0x0000000736800000,0x000000073b42dc60,0x0000000760300000)
 Metaspace       used 87796K, capacity 89628K, committed 89768K, reserved 1128448K
  class space    used 10002K, capacity 10370K, committed 10416K, reserved 1048576K
}
Event: 25.552 GC heap before
{Heap before GC invocations=11 (full 3):
 PSYoungGen      total 650240K, used 649938K [0x0000000792300000, 0x00000007bfa80000, 0x00000007c0000000)
  eden space 616960K, 99% used [0x0000000792300000,0x00000007b7d7fb28,0x00000007b7d80000)
  from space 33280K, 99% used [0x00000007b7d80000,0x00000007b9db4e50,0x00000007b9e00000)
  to   space 64000K, 0% used [0x00000007bbc00000,0x00000007bbc00000,0x00000007bfa80000)
 ParOldGen       total 683008K, used 78007K [0x0000000736800000, 0x0000000760300000, 0x0000000792300000)
  object space 683008K, 11% used [0x0000000736800000,0x000000073b42dc60,0x0000000760300000)
 Metaspace       used 89269K, capacity 91232K, committed 91560K, reserved 1130496K
  class space    used 10153K, capacity 10566K, committed 10672K, reserved 1048576K
Event: 25.572 GC heap after
Heap after GC invocations=11 (full 3):
 PSYoungGen      total 685056K, used 25661K [0x0000000792300000, 0x00000007c0000000, 0x00000007c0000000)
  eden space 621056K, 0% used [0x0000000792300000,0x0000000792300000,0x00000007b8180000)
  from space 64000K, 40% used [0x00000007bbc00000,0x00000007bd50f668,0x00000007bfa80000)
  to   space 59904K, 0% used [0x00000007b8180000,0x00000007b8180000,0x00000007bbc00000)
 ParOldGen       total 683008K, used 78015K [0x0000000736800000, 0x0000000760300000, 0x0000000792300000)
  object space 683008K, 11% used [0x0000000736800000,0x000000073b42fc60,0x0000000760300000)
 Metaspace       used 89269K, capacity 91232K, committed 91560K, reserved 1130496K
  class space    used 10153K, capacity 10566K, committed 10672K, reserved 1048576K
}

