# JRE version: Java(TM) SE Runtime Environment (8.0_271-b09) (build 1.8.0_271-b09)
# Java VM: Java HotSpot(TM) 64-Bit Server VM (25.271-b09 mixed mode bsd-amd64 compressed oops)
Heap:
 PSYoungGen      total 685568K, used 71188K [0x0000000792300000, 0x00000007c0000000, 0x00000007c0000000)
  eden space 623104K, 7% used [0x0000000792300000,0x0000000794f5a848,0x00000007b8380000)
  from space 62464K, 41% used [0x00000007bbc80000,0x00000007bd5aa9e0,0x00000007bf980000)
  to   space 58368K, 0% used [0x00000007b8380000,0x00000007b8380000,0x00000007bbc80000)
 ParOldGen       total 698368K, used 81091K [0x0000000736800000, 0x0000000761200000, 0x0000000792300000)
  object space 698368K, 11% used [0x0000000736800000,0x000000073b730f60,0x0000000761200000)
 Metaspace       used 89367K, capacity 91356K, committed 91560K, reserved 1130496K
  class space    used 10159K, capacity 10602K, committed 10664K, reserved 1048576K
GC Heap History (10 events):
Event: 12.737 GC heap before
{Heap before GC invocations=7 (full 2):
 PSYoungGen      total 488448K, used 445952K [0x0000000792300000, 0x00000007b2f80000, 0x00000007c0000000)
  eden space 445952K, 100% used [0x0000000792300000,0x00000007ad680000,0x00000007ad680000)
  from space 42496K, 0% used [0x00000007b0000000,0x00000007b0000000,0x00000007b2980000)
  to   space 42496K, 0% used [0x00000007ad680000,0x00000007ad680000,0x00000007b0000000)
 ParOldGen       total 683008K, used 69540K [0x0000000736800000, 0x0000000760300000, 0x0000000792300000)
  object space 683008K, 10% used [0x0000000736800000,0x000000073abe91c8,0x0000000760300000)
 Metaspace       used 44800K, capacity 45228K, committed 45608K, reserved 1089536K
  class space    used 5210K, capacity 5362K, committed 5416K, reserved 1048576K
Event: 12.743 GC heap after
Heap after GC invocations=7 (full 2):
 PSYoungGen      total 488448K, used 12765K [0x0000000792300000, 0x00000007c0000000, 0x00000007c0000000)
  eden space 445952K, 0% used [0x0000000792300000,0x0000000792300000,0x00000007ad680000)
  from space 42496K, 30% used [0x00000007ad680000,0x00000007ae2f76c8,0x00000007b0000000)
  to   space 67584K, 0% used [0x00000007bbe00000,0x00000007bbe00000,0x00000007c0000000)
 ParOldGen       total 683008K, used 69548K [0x0000000736800000, 0x0000000760300000, 0x0000000792300000)
  object space 683008K, 10% used [0x0000000736800000,0x000000073abeb1c8,0x0000000760300000)
 Metaspace       used 44800K, capacity 45228K, committed 45608K, reserved 1089536K
  class space    used 5210K, capacity 5362K, committed 5416K, reserved 1048576K
}
Event: 16.172 GC heap before
{Heap before GC invocations=8 (full 2):
 PSYoungGen      total 488448K, used 328801K [0x0000000792300000, 0x00000007c0000000, 0x00000007c0000000)
  eden space 445952K, 70% used [0x0000000792300000,0x00000007a57a0d80,0x00000007ad680000)
  from space 42496K, 30% used [0x00000007ad680000,0x00000007ae2f76c8,0x00000007b0000000)
  to   space 67584K, 0% used [0x00000007bbe00000,0x00000007bbe00000,0x00000007c0000000)
 ParOldGen       total 683008K, used 69548K [0x0000000736800000, 0x0000000760300000, 0x0000000792300000)
  object space 683008K, 10% used [0x0000000736800000,0x000000073abeb1c8,0x0000000760300000)
 Metaspace       used 58346K, capacity 58934K, committed 59160K, reserved 1101824K
  class space    used 6600K, capacity 6737K, committed 6824K, reserved 1048576K
Event: 16.180 GC heap after
Heap after GC invocations=8 (full 2):
 PSYoungGen      total 686592K, used 15994K [0x0000000792300000, 0x00000007c0000000, 0x00000007c0000000)
  eden space 619008K, 0% used [0x0000000792300000,0x0000000792300000,0x00000007b7f80000)
  from space 67584K, 23% used [0x00000007bbe00000,0x00000007bcd9eb38,0x00000007c0000000)
  to   space 64000K, 0% used [0x00000007b7f80000,0x00000007b7f80000,0x00000007bbe00000)
 ParOldGen       total 683008K, used 69556K [0x0000000736800000, 0x0000000760300000, 0x0000000792300000)
  object space 683008K, 10% used [0x0000000736800000,0x000000073abed1c8,0x0000000760300000)
 Metaspace       used 58346K, capacity 58934K, committed 59160K, reserved 1101824K
  class space    used 6600K, capacity 6737K, committed 6824K, reserved 1048576K
}
Event: 16.180 GC heap before
{Heap before GC invocations=9 (full 3):
 PSYoungGen      total 686592K, used 15994K [0x0000000792300000, 0x00000007c0000000, 0x00000007c0000000)
  eden space 619008K, 0% used [0x0000000792300000,0x0000000792300000,0x00000007b7f80000)
  from space 67584K, 23% used [0x00000007bbe00000,0x00000007bcd9eb38,0x00000007c0000000)
  to   space 64000K, 0% used [0x00000007b7f80000,0x00000007b7f80000,0x00000007bbe00000)
 ParOldGen       total 683008K, used 69556K [0x0000000736800000, 0x0000000760300000, 0x0000000792300000)
  object space 683008K, 10% used [0x0000000736800000,0x000000073abed1c8,0x0000000760300000)
 Metaspace       used 58346K, capacity 58934K, committed 59160K, reserved 1101824K
  class space    used 6600K, capacity 6737K, committed 6824K, reserved 1048576K
Event: 16.251 GC heap after
Heap after GC invocations=9 (full 3):
 PSYoungGen      total 686592K, used 0K [0x0000000792300000, 0x00000007c0000000, 0x00000007c0000000)
  eden space 619008K, 0% used [0x0000000792300000,0x0000000792300000,0x00000007b7f80000)
  from space 67584K, 0% used [0x00000007bbe00000,0x00000007bbe00000,0x00000007c0000000)
  to   space 64000K, 0% used [0x00000007b7f80000,0x00000007b7f80000,0x00000007bbe00000)
 ParOldGen       total 698368K, used 81075K [0x0000000736800000, 0x0000000761200000, 0x0000000792300000)
  object space 698368K, 11% used [0x0000000736800000,0x000000073b72cf60,0x0000000761200000)
 Metaspace       used 58346K, capacity 58934K, committed 59160K, reserved 1101824K
  class space    used 6600K, capacity 6737K, committed 6824K, reserved 1048576K
}
Event: 23.901 GC heap before
{Heap before GC invocations=10 (full 3):
 PSYoungGen      total 686592K, used 619008K [0x0000000792300000, 0x00000007c0000000, 0x00000007c0000000)
  eden space 619008K, 100% used [0x0000000792300000,0x00000007b7f80000,0x00000007b7f80000)
  from space 67584K, 0% used [0x00000007bbe00000,0x00000007bbe00000,0x00000007c0000000)
  to   space 64000K, 0% used [0x00000007b7f80000,0x00000007b7f80000,0x00000007bbe00000)
 ParOldGen       total 698368K, used 81075K [0x0000000736800000, 0x0000000761200000, 0x0000000792300000)
  object space 698368K, 11% used [0x0000000736800000,0x000000073b72cf60,0x0000000761200000)
 Metaspace       used 87724K, capacity 89590K, committed 89768K, reserved 1128448K
  class space    used 9993K, capacity 10361K, committed 10408K, reserved 1048576K
Event: 23.924 GC heap after
Heap after GC invocations=10 (full 3):
 PSYoungGen      total 652288K, used 33177K [0x0000000792300000, 0x00000007bf980000, 0x00000007c0000000)
  eden space 619008K, 0% used [0x0000000792300000,0x0000000792300000,0x00000007b7f80000)
  from space 33280K, 99% used [0x00000007b7f80000,0x00000007b9fe6690,0x00000007ba000000)
  to   space 62464K, 0% used [0x00000007bbc80000,0x00000007bbc80000,0x00000007bf980000)
 ParOldGen       total 698368K, used 81083K [0x0000000736800000, 0x0000000761200000, 0x0000000792300000)
  object space 698368K, 11% used [0x0000000736800000,0x000000073b72ef60,0x0000000761200000)
 Metaspace       used 87724K, capacity 89590K, committed 89768K, reserved 1128448K
  class space    used 9993K, capacity 10361K, committed 10408K, reserved 1048576K
}
Event: 25.461 GC heap before
{Heap before GC invocations=11 (full 3):
 PSYoungGen      total 652288K, used 652185K [0x0000000792300000, 0x00000007bf980000, 0x00000007c0000000)
  eden space 619008K, 100% used [0x0000000792300000,0x00000007b7f80000,0x00000007b7f80000)
  from space 33280K, 99% used [0x00000007b7f80000,0x00000007b9fe6690,0x00000007ba000000)
  to   space 62464K, 0% used [0x00000007bbc80000,0x00000007bbc80000,0x00000007bf980000)
 ParOldGen       total 698368K, used 81083K [0x0000000736800000, 0x0000000761200000, 0x0000000792300000)
  object space 698368K, 11% used [0x0000000736800000,0x000000073b72ef60,0x0000000761200000)
 Metaspace       used 89346K, capacity 91356K, committed 91560K, reserved 1130496K
  class space    used 10158K, capacity 10602K, committed 10664K, reserved 1048576K
Event: 25.482 GC heap after
Heap after GC invocations=11 (full 3):
 PSYoungGen      total 685568K, used 25770K [0x0000000792300000, 0x00000007c0000000, 0x00000007c0000000)
  eden space 623104K, 0% used [0x0000000792300000,0x0000000792300000,0x00000007b8380000)
  from space 62464K, 41% used [0x00000007bbc80000,0x00000007bd5aa9e0,0x00000007bf980000)
  to   space 58368K, 0% used [0x00000007b8380000,0x00000007b8380000,0x00000007bbc80000)
 ParOldGen       total 698368K, used 81091K [0x0000000736800000, 0x0000000761200000, 0x0000000792300000)
  object space 698368K, 11% used [0x0000000736800000,0x000000073b730f60,0x0000000761200000)
 Metaspace       used 89346K, capacity 91356K, committed 91560K, reserved 1130496K
  class space    used 10158K, capacity 10602K, committed 10664K, reserved 1048576K
}

