# JRE version: Java(TM) SE Runtime Environment (8.0_271-b09) (build 1.8.0_271-b09)
# Java VM: Java HotSpot(TM) 64-Bit Server VM (25.271-b09 mixed mode bsd-amd64 compressed oops)
Heap:
 PSYoungGen      total 681472K, used 55070K [0x0000000792300000, 0x00000007c0000000, 0x00000007c0000000)
  eden space 617984K, 3% used [0x0000000792300000,0x00000007939b4c20,0x00000007b7e80000)
  from space 63488K, 50% used [0x00000007bba00000,0x00000007bd912c78,0x00000007bf800000)
  to   space 60928K, 0% used [0x00000007b7e80000,0x00000007b7e80000,0x00000007bba00000)
 ParOldGen       total 683008K, used 78964K [0x0000000736800000, 0x0000000760300000, 0x0000000792300000)
  object space 683008K, 11% used [0x0000000736800000,0x000000073b51d0f8,0x0000000760300000)
 Metaspace       used 88731K, capacity 90632K, committed 90920K, reserved 1130496K
  class space    used 10087K, capacity 10488K, committed 10544K, reserved 1048576K
GC Heap History (10 events):
Event: 13.856 GC heap before
{Heap before GC invocations=7 (full 2):
 PSYoungGen      total 708096K, used 665600K [0x0000000792300000, 0x00000007c0000000, 0x00000007c0000000)
  eden space 665600K, 100% used [0x0000000792300000,0x00000007bad00000,0x00000007bad00000)
  from space 42496K, 0% used [0x00000007bd680000,0x00000007bd680000,0x00000007c0000000)
  to   space 42496K, 0% used [0x00000007bad00000,0x00000007bad00000,0x00000007bd680000)
 ParOldGen       total 683008K, used 66651K [0x0000000736800000, 0x0000000760300000, 0x0000000792300000)
  object space 683008K, 9% used [0x0000000736800000,0x000000073a916d28,0x0000000760300000)
 Metaspace       used 47620K, capacity 48050K, committed 48552K, reserved 1091584K
  class space    used 5556K, capacity 5683K, committed 5808K, reserved 1048576K
Event: 13.863 GC heap after
Heap after GC invocations=7 (full 2):
 PSYoungGen      total 681984K, used 15878K [0x0000000792300000, 0x00000007c0000000, 0x00000007c0000000)
  eden space 665600K, 0% used [0x0000000792300000,0x0000000792300000,0x00000007bad00000)
  from space 16384K, 96% used [0x00000007bad00000,0x00000007bbc81af8,0x00000007bbd00000)
  to   space 68608K, 0% used [0x00000007bbd00000,0x00000007bbd00000,0x00000007c0000000)
 ParOldGen       total 683008K, used 66659K [0x0000000736800000, 0x0000000760300000, 0x0000000792300000)
  object space 683008K, 9% used [0x0000000736800000,0x000000073a918d28,0x0000000760300000)
 Metaspace       used 47620K, capacity 48050K, committed 48552K, reserved 1091584K
  class space    used 5556K, capacity 5683K, committed 5808K, reserved 1048576K
}
Event: 16.395 GC heap before
{Heap before GC invocations=8 (full 2):
 PSYoungGen      total 681984K, used 239896K [0x0000000792300000, 0x00000007c0000000, 0x00000007c0000000)
  eden space 665600K, 33% used [0x0000000792300000,0x000000079fdc48c0,0x00000007bad00000)
  from space 16384K, 96% used [0x00000007bad00000,0x00000007bbc81af8,0x00000007bbd00000)
  to   space 68608K, 0% used [0x00000007bbd00000,0x00000007bbd00000,0x00000007c0000000)
 ParOldGen       total 683008K, used 66659K [0x0000000736800000, 0x0000000760300000, 0x0000000792300000)
  object space 683008K, 9% used [0x0000000736800000,0x000000073a918d28,0x0000000760300000)
 Metaspace       used 58369K, capacity 58934K, committed 59160K, reserved 1101824K
  class space    used 6596K, capacity 6737K, committed 6832K, reserved 1048576K
Event: 16.402 GC heap after
Heap after GC invocations=8 (full 2):
 PSYoungGen      total 684032K, used 13725K [0x0000000792300000, 0x00000007c0000000, 0x00000007c0000000)
  eden space 615424K, 0% used [0x0000000792300000,0x0000000792300000,0x00000007b7c00000)
  from space 68608K, 20% used [0x00000007bbd00000,0x00000007bca67518,0x00000007c0000000)
  to   space 66560K, 0% used [0x00000007b7c00000,0x00000007b7c00000,0x00000007bbd00000)
 ParOldGen       total 683008K, used 66667K [0x0000000736800000, 0x0000000760300000, 0x0000000792300000)
  object space 683008K, 9% used [0x0000000736800000,0x000000073a91ad28,0x0000000760300000)
 Metaspace       used 58369K, capacity 58934K, committed 59160K, reserved 1101824K
  class space    used 6596K, capacity 6737K, committed 6832K, reserved 1048576K
}
Event: 16.402 GC heap before
{Heap before GC invocations=9 (full 3):
 PSYoungGen      total 684032K, used 13725K [0x0000000792300000, 0x00000007c0000000, 0x00000007c0000000)
  eden space 615424K, 0% used [0x0000000792300000,0x0000000792300000,0x00000007b7c00000)
  from space 68608K, 20% used [0x00000007bbd00000,0x00000007bca67518,0x00000007c0000000)
  to   space 66560K, 0% used [0x00000007b7c00000,0x00000007b7c00000,0x00000007bbd00000)
 ParOldGen       total 683008K, used 66667K [0x0000000736800000, 0x0000000760300000, 0x0000000792300000)
  object space 683008K, 9% used [0x0000000736800000,0x000000073a91ad28,0x0000000760300000)
 Metaspace       used 58369K, capacity 58934K, committed 59160K, reserved 1101824K
  class space    used 6596K, capacity 6737K, committed 6832K, reserved 1048576K
Event: 16.478 GC heap after
Heap after GC invocations=9 (full 3):
 PSYoungGen      total 684032K, used 0K [0x0000000792300000, 0x00000007c0000000, 0x00000007c0000000)
  eden space 615424K, 0% used [0x0000000792300000,0x0000000792300000,0x00000007b7c00000)
  from space 68608K, 0% used [0x00000007bbd00000,0x00000007bbd00000,0x00000007c0000000)
  to   space 66560K, 0% used [0x00000007b7c00000,0x00000007b7c00000,0x00000007bbd00000)
 ParOldGen       total 683008K, used 78956K [0x0000000736800000, 0x0000000760300000, 0x0000000792300000)
  object space 683008K, 11% used [0x0000000736800000,0x000000073b51b0f8,0x0000000760300000)
 Metaspace       used 58369K, capacity 58934K, committed 59160K, reserved 1101824K
  class space    used 6596K, capacity 6737K, committed 6832K, reserved 1048576K
}
Event: 24.753 GC heap before
{Heap before GC invocations=10 (full 3):
 PSYoungGen      total 684032K, used 615424K [0x0000000792300000, 0x00000007c0000000, 0x00000007c0000000)
  eden space 615424K, 100% used [0x0000000792300000,0x00000007b7c00000,0x00000007b7c00000)
  from space 68608K, 0% used [0x00000007bbd00000,0x00000007bbd00000,0x00000007c0000000)
  to   space 66560K, 0% used [0x00000007b7c00000,0x00000007b7c00000,0x00000007bbd00000)
 ParOldGen       total 683008K, used 78956K [0x0000000736800000, 0x0000000760300000, 0x0000000792300000)
  object space 683008K, 11% used [0x0000000736800000,0x000000073b51b0f8,0x0000000760300000)
 Metaspace       used 87791K, capacity 89590K, committed 89768K, reserved 1128448K
  class space    used 9997K, capacity 10361K, committed 10416K, reserved 1048576K
Event: 24.775 GC heap after
Heap after GC invocations=10 (full 3):
 PSYoungGen      total 648192K, used 32658K [0x0000000792300000, 0x00000007bf800000, 0x00000007c0000000)
  eden space 615424K, 0% used [0x0000000792300000,0x0000000792300000,0x00000007b7c00000)
  from space 32768K, 99% used [0x00000007b7c00000,0x00000007b9be4a98,0x00000007b9c00000)
  to   space 63488K, 0% used [0x00000007bba00000,0x00000007bba00000,0x00000007bf800000)
 ParOldGen       total 683008K, used 78956K [0x0000000736800000, 0x0000000760300000, 0x0000000792300000)
  object space 683008K, 11% used [0x0000000736800000,0x000000073b51b0f8,0x0000000760300000)
 Metaspace       used 87791K, capacity 89590K, committed 89768K, reserved 1128448K
  class space    used 9997K, capacity 10361K, committed 10416K, reserved 1048576K
}
Event: 26.344 GC heap before
{Heap before GC invocations=11 (full 3):
 PSYoungGen      total 648192K, used 646947K [0x0000000792300000, 0x00000007bf800000, 0x00000007c0000000)
  eden space 615424K, 99% used [0x0000000792300000,0x00000007b7ae44d0,0x00000007b7c00000)
  from space 32768K, 99% used [0x00000007b7c00000,0x00000007b9be4a98,0x00000007b9c00000)
  to   space 63488K, 0% used [0x00000007bba00000,0x00000007bba00000,0x00000007bf800000)
 ParOldGen       total 683008K, used 78956K [0x0000000736800000, 0x0000000760300000, 0x0000000792300000)
  object space 683008K, 11% used [0x0000000736800000,0x000000073b51b0f8,0x0000000760300000)
 Metaspace       used 88730K, capacity 90632K, committed 90920K, reserved 1130496K
  class space    used 10087K, capacity 10488K, committed 10544K, reserved 1048576K
Event: 26.365 GC heap after
Heap after GC invocations=11 (full 3):
 PSYoungGen      total 681472K, used 31819K [0x0000000792300000, 0x00000007c0000000, 0x00000007c0000000)
  eden space 617984K, 0% used [0x0000000792300000,0x0000000792300000,0x00000007b7e80000)
  from space 63488K, 50% used [0x00000007bba00000,0x00000007bd912c78,0x00000007bf800000)
  to   space 60928K, 0% used [0x00000007b7e80000,0x00000007b7e80000,0x00000007bba00000)
 ParOldGen       total 683008K, used 78964K [0x0000000736800000, 0x0000000760300000, 0x0000000792300000)
  object space 683008K, 11% used [0x0000000736800000,0x000000073b51d0f8,0x0000000760300000)
 Metaspace       used 88730K, capacity 90632K, committed 90920K, reserved 1130496K
  class space    used 10087K, capacity 10488K, committed 10544K, reserved 1048576K
}

