# JRE version: Java(TM) SE Runtime Environment (8.0_271-b09) (build 1.8.0_271-b09)
# Java VM: Java HotSpot(TM) 64-Bit Server VM (25.271-b09 mixed mode bsd-amd64 compressed oops)
Heap:
 PSYoungGen      total 685568K, used 67135K [0x0000000792300000, 0x00000007c0000000, 0x00000007c0000000)
  eden space 623104K, 6% used [0x0000000792300000,0x0000000794b153a0,0x00000007b8380000)
  from space 62464K, 41% used [0x00000007bbc80000,0x00000007bd5fa9f0,0x00000007bf980000)
  to   space 58368K, 0% used [0x00000007b8380000,0x00000007b8380000,0x00000007bbc80000)
 ParOldGen       total 683008K, used 80864K [0x0000000736800000, 0x0000000760300000, 0x0000000792300000)
  object space 683008K, 11% used [0x0000000736800000,0x000000073b6f8208,0x0000000760300000)
 Metaspace       used 89313K, capacity 91252K, committed 91560K, reserved 1130496K
  class space    used 10153K, capacity 10568K, committed 10664K, reserved 1048576K
GC Heap History (10 events):
Event: 13.037 GC heap before
{Heap before GC invocations=7 (full 2):
 PSYoungGen      total 494592K, used 452096K [0x0000000792300000, 0x00000007b3280000, 0x00000007c0000000)
  eden space 452096K, 100% used [0x0000000792300000,0x00000007adc80000,0x00000007adc80000)
  from space 42496K, 0% used [0x00000007b0600000,0x00000007b0600000,0x00000007b2f80000)
  to   space 42496K, 0% used [0x00000007adc80000,0x00000007adc80000,0x00000007b0600000)
 ParOldGen       total 683008K, used 69483K [0x0000000736800000, 0x0000000760300000, 0x0000000792300000)
  object space 683008K, 10% used [0x0000000736800000,0x000000073abdae78,0x0000000760300000)
 Metaspace       used 44990K, capacity 45420K, committed 45864K, reserved 1089536K
  class space    used 5232K, capacity 5362K, committed 5416K, reserved 1048576K
Event: 13.044 GC heap after
Heap after GC invocations=7 (full 2):
 PSYoungGen      total 494592K, used 12998K [0x0000000792300000, 0x00000007c0000000, 0x00000007c0000000)
  eden space 452096K, 0% used [0x0000000792300000,0x0000000792300000,0x00000007adc80000)
  from space 42496K, 30% used [0x00000007adc80000,0x00000007ae931858,0x00000007b0600000)
  to   space 67584K, 0% used [0x00000007bbe00000,0x00000007bbe00000,0x00000007c0000000)
 ParOldGen       total 683008K, used 69491K [0x0000000736800000, 0x0000000760300000, 0x0000000792300000)
  object space 683008K, 10% used [0x0000000736800000,0x000000073abdce78,0x0000000760300000)
 Metaspace       used 44990K, capacity 45420K, committed 45864K, reserved 1089536K
  class space    used 5232K, capacity 5362K, committed 5416K, reserved 1048576K
}
Event: 16.461 GC heap before
{Heap before GC invocations=8 (full 2):
 PSYoungGen      total 494592K, used 320457K [0x0000000792300000, 0x00000007c0000000, 0x00000007c0000000)
  eden space 452096K, 68% used [0x0000000792300000,0x00000007a4f40ca8,0x00000007adc80000)
  from space 42496K, 30% used [0x00000007adc80000,0x00000007ae931858,0x00000007b0600000)
  to   space 67584K, 0% used [0x00000007bbe00000,0x00000007bbe00000,0x00000007c0000000)
 ParOldGen       total 683008K, used 69491K [0x0000000736800000, 0x0000000760300000, 0x0000000792300000)
  object space 683008K, 10% used [0x0000000736800000,0x000000073abdce78,0x0000000760300000)
 Metaspace       used 58370K, capacity 58934K, committed 59160K, reserved 1101824K
  class space    used 6596K, capacity 6737K, committed 6824K, reserved 1048576K
Event: 16.469 GC heap after
Heap after GC invocations=8 (full 2):
 PSYoungGen      total 686592K, used 15741K [0x0000000792300000, 0x00000007c0000000, 0x00000007c0000000)
  eden space 619008K, 0% used [0x0000000792300000,0x0000000792300000,0x00000007b7f80000)
  from space 67584K, 23% used [0x00000007bbe00000,0x00000007bcd5f7d8,0x00000007c0000000)
  to   space 64000K, 0% used [0x00000007b7f80000,0x00000007b7f80000,0x00000007bbe00000)
 ParOldGen       total 683008K, used 69499K [0x0000000736800000, 0x0000000760300000, 0x0000000792300000)
  object space 683008K, 10% used [0x0000000736800000,0x000000073abdee78,0x0000000760300000)
 Metaspace       used 58370K, capacity 58934K, committed 59160K, reserved 1101824K
  class space    used 6596K, capacity 6737K, committed 6824K, reserved 1048576K
}
Event: 16.469 GC heap before
{Heap before GC invocations=9 (full 3):
 PSYoungGen      total 686592K, used 15741K [0x0000000792300000, 0x00000007c0000000, 0x00000007c0000000)
  eden space 619008K, 0% used [0x0000000792300000,0x0000000792300000,0x00000007b7f80000)
  from space 67584K, 23% used [0x00000007bbe00000,0x00000007bcd5f7d8,0x00000007c0000000)
  to   space 64000K, 0% used [0x00000007b7f80000,0x00000007b7f80000,0x00000007bbe00000)
 ParOldGen       total 683008K, used 69499K [0x0000000736800000, 0x0000000760300000, 0x0000000792300000)
  object space 683008K, 10% used [0x0000000736800000,0x000000073abdee78,0x0000000760300000)
 Metaspace       used 58370K, capacity 58934K, committed 59160K, reserved 1101824K
  class space    used 6596K, capacity 6737K, committed 6824K, reserved 1048576K
Event: 16.546 GC heap after
Heap after GC invocations=9 (full 3):
 PSYoungGen      total 686592K, used 0K [0x0000000792300000, 0x00000007c0000000, 0x00000007c0000000)
  eden space 619008K, 0% used [0x0000000792300000,0x0000000792300000,0x00000007b7f80000)
  from space 67584K, 0% used [0x00000007bbe00000,0x00000007bbe00000,0x00000007c0000000)
  to   space 64000K, 0% used [0x00000007b7f80000,0x00000007b7f80000,0x00000007bbe00000)
 ParOldGen       total 683008K, used 80848K [0x0000000736800000, 0x0000000760300000, 0x0000000792300000)
  object space 683008K, 11% used [0x0000000736800000,0x000000073b6f4208,0x0000000760300000)
 Metaspace       used 58370K, capacity 58934K, committed 59160K, reserved 1101824K
  class space    used 6596K, capacity 6737K, committed 6824K, reserved 1048576K
}
Event: 24.857 GC heap before
{Heap before GC invocations=10 (full 3):
 PSYoungGen      total 686592K, used 619008K [0x0000000792300000, 0x00000007c0000000, 0x00000007c0000000)
  eden space 619008K, 100% used [0x0000000792300000,0x00000007b7f80000,0x00000007b7f80000)
  from space 67584K, 0% used [0x00000007bbe00000,0x00000007bbe00000,0x00000007c0000000)
  to   space 64000K, 0% used [0x00000007b7f80000,0x00000007b7f80000,0x00000007bbe00000)
 ParOldGen       total 683008K, used 80848K [0x0000000736800000, 0x0000000760300000, 0x0000000792300000)
  object space 683008K, 11% used [0x0000000736800000,0x000000073b6f4208,0x0000000760300000)
 Metaspace       used 87753K, capacity 89574K, committed 89768K, reserved 1128448K
  class space    used 9993K, capacity 10359K, committed 10408K, reserved 1048576K
Event: 24.882 GC heap after
Heap after GC invocations=10 (full 3):
 PSYoungGen      total 652800K, used 33519K [0x0000000792300000, 0x00000007bf980000, 0x00000007c0000000)
  eden space 619008K, 0% used [0x0000000792300000,0x0000000792300000,0x00000007b7f80000)
  from space 33792K, 99% used [0x00000007b7f80000,0x00000007ba03bfd8,0x00000007ba080000)
  to   space 62464K, 0% used [0x00000007bbc80000,0x00000007bbc80000,0x00000007bf980000)
 ParOldGen       total 683008K, used 80856K [0x0000000736800000, 0x0000000760300000, 0x0000000792300000)
  object space 683008K, 11% used [0x0000000736800000,0x000000073b6f6208,0x0000000760300000)
 Metaspace       used 87753K, capacity 89574K, committed 89768K, reserved 1128448K
  class space    used 9993K, capacity 10359K, committed 10408K, reserved 1048576K
}
Event: 26.491 GC heap before
{Heap before GC invocations=11 (full 3):
 PSYoungGen      total 652800K, used 652488K [0x0000000792300000, 0x00000007bf980000, 0x00000007c0000000)
  eden space 619008K, 99% used [0x0000000792300000,0x00000007b7f761b8,0x00000007b7f80000)
  from space 33792K, 99% used [0x00000007b7f80000,0x00000007ba03bfd8,0x00000007ba080000)
  to   space 62464K, 0% used [0x00000007bbc80000,0x00000007bbc80000,0x00000007bf980000)
 ParOldGen       total 683008K, used 80856K [0x0000000736800000, 0x0000000760300000, 0x0000000792300000)
  object space 683008K, 11% used [0x0000000736800000,0x000000073b6f6208,0x0000000760300000)
 Metaspace       used 89310K, capacity 91252K, committed 91560K, reserved 1130496K
  class space    used 10153K, capacity 10568K, committed 10664K, reserved 1048576K
Event: 26.515 GC heap after
Heap after GC invocations=11 (full 3):
 PSYoungGen      total 685568K, used 26090K [0x0000000792300000, 0x00000007c0000000, 0x00000007c0000000)
  eden space 623104K, 0% used [0x0000000792300000,0x0000000792300000,0x00000007b8380000)
  from space 62464K, 41% used [0x00000007bbc80000,0x00000007bd5fa9f0,0x00000007bf980000)
  to   space 58368K, 0% used [0x00000007b8380000,0x00000007b8380000,0x00000007bbc80000)
 ParOldGen       total 683008K, used 80864K [0x0000000736800000, 0x0000000760300000, 0x0000000792300000)
  object space 683008K, 11% used [0x0000000736800000,0x000000073b6f8208,0x0000000760300000)
 Metaspace       used 89310K, capacity 91252K, committed 91560K, reserved 1130496K
  class space    used 10153K, capacity 10568K, committed 10664K, reserved 1048576K
}

