# JRE version: Java(TM) SE Runtime Environment (8.0_271-b09) (build 1.8.0_271-b09)
# Java VM: Java HotSpot(TM) 64-Bit Server VM (25.271-b09 mixed mode bsd-amd64 compressed oops)
Heap:
 PSYoungGen      total 686080K, used 61999K [0x0000000792300000, 0x00000007c0000000, 0x00000007c0000000)
  eden space 623616K, 5% used [0x0000000792300000,0x000000079467f348,0x00000007b8400000)
  from space 62464K, 41% used [0x00000007bbd00000,0x00000007bd60c9f0,0x00000007bfa00000)
  to   space 58368K, 0% used [0x00000007b8400000,0x00000007b8400000,0x00000007bbd00000)
 ParOldGen       total 715776K, used 81206K [0x0000000736800000, 0x0000000762300000, 0x0000000792300000)
  object space 715776K, 11% used [0x0000000736800000,0x000000073b74d9f0,0x0000000762300000)
 Metaspace       used 89347K, capacity 91322K, committed 91560K, reserved 1130496K
  class space    used 10161K, capacity 10569K, committed 10672K, reserved 1048576K
GC Heap History (10 events):
Event: 12.709 GC heap before
{Heap before GC invocations=7 (full 2):
 PSYoungGen      total 483840K, used 441344K [0x0000000792300000, 0x00000007b2d00000, 0x00000007c0000000)
  eden space 441344K, 100% used [0x0000000792300000,0x00000007ad200000,0x00000007ad200000)
  from space 42496K, 0% used [0x00000007afb80000,0x00000007afb80000,0x00000007b2500000)
  to   space 42496K, 0% used [0x00000007ad200000,0x00000007ad200000,0x00000007afb80000)
 ParOldGen       total 683008K, used 69457K [0x0000000736800000, 0x0000000760300000, 0x0000000792300000)
  object space 683008K, 10% used [0x0000000736800000,0x000000073abd47a0,0x0000000760300000)
 Metaspace       used 44601K, capacity 45004K, committed 45352K, reserved 1089536K
  class space    used 5198K, capacity 5330K, committed 5424K, reserved 1048576K
Event: 12.716 GC heap after
Heap after GC invocations=7 (full 2):
 PSYoungGen      total 483840K, used 12865K [0x0000000792300000, 0x00000007c0000000, 0x00000007c0000000)
  eden space 441344K, 0% used [0x0000000792300000,0x0000000792300000,0x00000007ad200000)
  from space 42496K, 30% used [0x00000007ad200000,0x00000007ade904f0,0x00000007afb80000)
  to   space 67584K, 0% used [0x00000007bbe00000,0x00000007bbe00000,0x00000007c0000000)
 ParOldGen       total 683008K, used 69465K [0x0000000736800000, 0x0000000760300000, 0x0000000792300000)
  object space 683008K, 10% used [0x0000000736800000,0x000000073abd67a0,0x0000000760300000)
 Metaspace       used 44601K, capacity 45004K, committed 45352K, reserved 1089536K
  class space    used 5198K, capacity 5330K, committed 5424K, reserved 1048576K
}
Event: 16.186 GC heap before
{Heap before GC invocations=8 (full 2):
 PSYoungGen      total 483840K, used 328389K [0x0000000792300000, 0x00000007c0000000, 0x00000007c0000000)
  eden space 441344K, 71% used [0x0000000792300000,0x00000007a5721208,0x00000007ad200000)
  from space 42496K, 30% used [0x00000007ad200000,0x00000007ade904f0,0x00000007afb80000)
  to   space 67584K, 0% used [0x00000007bbe00000,0x00000007bbe00000,0x00000007c0000000)
 ParOldGen       total 683008K, used 69465K [0x0000000736800000, 0x0000000760300000, 0x0000000792300000)
  object space 683008K, 10% used [0x0000000736800000,0x000000073abd67a0,0x0000000760300000)
 Metaspace       used 58355K, capacity 58928K, committed 59160K, reserved 1101824K
  class space    used 6601K, capacity 6736K, committed 6832K, reserved 1048576K
Event: 16.194 GC heap after
Heap after GC invocations=8 (full 2):
 PSYoungGen      total 687104K, used 16138K [0x0000000792300000, 0x00000007c0000000, 0x00000007c0000000)
  eden space 619520K, 0% used [0x0000000792300000,0x0000000792300000,0x00000007b8000000)
  from space 67584K, 23% used [0x00000007bbe00000,0x00000007bcdc2b78,0x00000007c0000000)
  to   space 63488K, 0% used [0x00000007b8000000,0x00000007b8000000,0x00000007bbe00000)
 ParOldGen       total 683008K, used 69473K [0x0000000736800000, 0x0000000760300000, 0x0000000792300000)
  object space 683008K, 10% used [0x0000000736800000,0x000000073abd87a0,0x0000000760300000)
 Metaspace       used 58355K, capacity 58928K, committed 59160K, reserved 1101824K
  class space    used 6601K, capacity 6736K, committed 6832K, reserved 1048576K
}
Event: 16.194 GC heap before
{Heap before GC invocations=9 (full 3):
 PSYoungGen      total 687104K, used 16138K [0x0000000792300000, 0x00000007c0000000, 0x00000007c0000000)
  eden space 619520K, 0% used [0x0000000792300000,0x0000000792300000,0x00000007b8000000)
  from space 67584K, 23% used [0x00000007bbe00000,0x00000007bcdc2b78,0x00000007c0000000)
  to   space 63488K, 0% used [0x00000007b8000000,0x00000007b8000000,0x00000007bbe00000)
 ParOldGen       total 683008K, used 69473K [0x0000000736800000, 0x0000000760300000, 0x0000000792300000)
  object space 683008K, 10% used [0x0000000736800000,0x000000073abd87a0,0x0000000760300000)
 Metaspace       used 58355K, capacity 58928K, committed 59160K, reserved 1101824K
  class space    used 6601K, capacity 6736K, committed 6832K, reserved 1048576K
Event: 16.270 GC heap after
Heap after GC invocations=9 (full 3):
 PSYoungGen      total 687104K, used 0K [0x0000000792300000, 0x00000007c0000000, 0x00000007c0000000)
  eden space 619520K, 0% used [0x0000000792300000,0x0000000792300000,0x00000007b8000000)
  from space 67584K, 0% used [0x00000007bbe00000,0x00000007bbe00000,0x00000007c0000000)
  to   space 63488K, 0% used [0x00000007b8000000,0x00000007b8000000,0x00000007bbe00000)
 ParOldGen       total 715776K, used 81190K [0x0000000736800000, 0x0000000762300000, 0x0000000792300000)
  object space 715776K, 11% used [0x0000000736800000,0x000000073b7499f0,0x0000000762300000)
 Metaspace       used 58355K, capacity 58928K, committed 59160K, reserved 1101824K
  class space    used 6601K, capacity 6736K, committed 6832K, reserved 1048576K
}
Event: 24.290 GC heap before
{Heap before GC invocations=10 (full 3):
 PSYoungGen      total 687104K, used 619520K [0x0000000792300000, 0x00000007c0000000, 0x00000007c0000000)
  eden space 619520K, 100% used [0x0000000792300000,0x00000007b8000000,0x00000007b8000000)
  from space 67584K, 0% used [0x00000007bbe00000,0x00000007bbe00000,0x00000007c0000000)
  to   space 63488K, 0% used [0x00000007b8000000,0x00000007b8000000,0x00000007bbe00000)
 ParOldGen       total 715776K, used 81190K [0x0000000736800000, 0x0000000762300000, 0x0000000792300000)
  object space 715776K, 11% used [0x0000000736800000,0x000000073b7499f0,0x0000000762300000)
 Metaspace       used 87769K, capacity 89652K, committed 89768K, reserved 1128448K
  class space    used 9997K, capacity 10360K, committed 10416K, reserved 1048576K
Event: 24.313 GC heap after
Heap after GC invocations=10 (full 3):
 PSYoungGen      total 653312K, used 33405K [0x0000000792300000, 0x00000007bfa00000, 0x00000007c0000000)
  eden space 619520K, 0% used [0x0000000792300000,0x0000000792300000,0x00000007b8000000)
  from space 33792K, 98% used [0x00000007b8000000,0x00000007ba09f720,0x00000007ba100000)
  to   space 62464K, 0% used [0x00000007bbd00000,0x00000007bbd00000,0x00000007bfa00000)
 ParOldGen       total 715776K, used 81198K [0x0000000736800000, 0x0000000762300000, 0x0000000792300000)
  object space 715776K, 11% used [0x0000000736800000,0x000000073b74b9f0,0x0000000762300000)
 Metaspace       used 87769K, capacity 89652K, committed 89768K, reserved 1128448K
  class space    used 9997K, capacity 10360K, committed 10416K, reserved 1048576K
}
Event: 25.810 GC heap before
{Heap before GC invocations=11 (full 3):
 PSYoungGen      total 653312K, used 652836K [0x0000000792300000, 0x00000007bfa00000, 0x00000007c0000000)
  eden space 619520K, 99% used [0x0000000792300000,0x00000007b7fe9b80,0x00000007b8000000)
  from space 33792K, 98% used [0x00000007b8000000,0x00000007ba09f720,0x00000007ba100000)
  to   space 62464K, 0% used [0x00000007bbd00000,0x00000007bbd00000,0x00000007bfa00000)
 ParOldGen       total 715776K, used 81198K [0x0000000736800000, 0x0000000762300000, 0x0000000792300000)
  object space 715776K, 11% used [0x0000000736800000,0x000000073b74b9f0,0x0000000762300000)
 Metaspace       used 89343K, capacity 91322K, committed 91560K, reserved 1130496K
  class space    used 10161K, capacity 10569K, committed 10672K, reserved 1048576K
Event: 25.832 GC heap after
Heap after GC invocations=11 (full 3):
 PSYoungGen      total 686080K, used 25650K [0x0000000792300000, 0x00000007c0000000, 0x00000007c0000000)
  eden space 623616K, 0% used [0x0000000792300000,0x0000000792300000,0x00000007b8400000)
  from space 62464K, 41% used [0x00000007bbd00000,0x00000007bd60c9f0,0x00000007bfa00000)
  to   space 58368K, 0% used [0x00000007b8400000,0x00000007b8400000,0x00000007bbd00000)
 ParOldGen       total 715776K, used 81206K [0x0000000736800000, 0x0000000762300000, 0x0000000792300000)
  object space 715776K, 11% used [0x0000000736800000,0x000000073b74d9f0,0x0000000762300000)
 Metaspace       used 89343K, capacity 91322K, committed 91560K, reserved 1130496K
  class space    used 10161K, capacity 10569K, committed 10672K, reserved 1048576K
}

