# JRE version: Java(TM) SE Runtime Environment (8.0_271-b09) (build 1.8.0_271-b09)
# Java VM: Java HotSpot(TM) 64-Bit Server VM (25.271-b09 mixed mode bsd-amd64 compressed oops)
Heap:
 PSYoungGen      total 669696K, used 133101K [0x0000000792300000, 0x00000007c0000000, 0x00000007c0000000)
  eden space 603136K, 11% used [0x0000000792300000,0x000000079645c0f8,0x00000007b7000000)
  from space 66560K, 99% used [0x00000007b7000000,0x00000007bb09f6e0,0x00000007bb100000)
  to   space 80896K, 0% used [0x00000007bb100000,0x00000007bb100000,0x00000007c0000000)
 ParOldGen       total 683008K, used 78906K [0x0000000736800000, 0x0000000760300000, 0x0000000792300000)
  object space 683008K, 11% used [0x0000000736800000,0x000000073b50e938,0x0000000760300000)
 Metaspace       used 92266K, capacity 95972K, committed 96168K, reserved 1134592K
  class space    used 10557K, capacity 11326K, committed 11432K, reserved 1048576K
GC Heap History (10 events):
Event: 16.273 GC heap before
{Heap before GC invocations=8 (full 2):
 PSYoungGen      total 681984K, used 236810K [0x0000000792300000, 0x00000007c0000000, 0x00000007c0000000)
  eden space 665600K, 33% used [0x0000000792300000,0x000000079fa9f210,0x00000007bad00000)
  from space 16384K, 97% used [0x00000007bad00000,0x00000007bbca3670,0x00000007bbd00000)
  to   space 68608K, 0% used [0x00000007bbd00000,0x00000007bbd00000,0x00000007c0000000)
 ParOldGen       total 683008K, used 66936K [0x0000000736800000, 0x0000000760300000, 0x0000000792300000)
  object space 683008K, 9% used [0x0000000736800000,0x000000073a95e3e8,0x0000000760300000)
 Metaspace       used 58351K, capacity 58934K, committed 59160K, reserved 1101824K
  class space    used 6596K, capacity 6737K, committed 6824K, reserved 1048576K
Event: 16.283 GC heap after
Heap after GC invocations=8 (full 2):
 PSYoungGen      total 684032K, used 13760K [0x0000000792300000, 0x00000007c0000000, 0x00000007c0000000)
  eden space 615424K, 0% used [0x0000000792300000,0x0000000792300000,0x00000007b7c00000)
  from space 68608K, 20% used [0x00000007bbd00000,0x00000007bca70270,0x00000007c0000000)
  to   space 66560K, 0% used [0x00000007b7c00000,0x00000007b7c00000,0x00000007bbd00000)
 ParOldGen       total 683008K, used 66944K [0x0000000736800000, 0x0000000760300000, 0x0000000792300000)
  object space 683008K, 9% used [0x0000000736800000,0x000000073a9603e8,0x0000000760300000)
 Metaspace       used 58351K, capacity 58934K, committed 59160K, reserved 1101824K
  class space    used 6596K, capacity 6737K, committed 6824K, reserved 1048576K
}
Event: 16.283 GC heap before
{Heap before GC invocations=9 (full 3):
 PSYoungGen      total 684032K, used 13760K [0x0000000792300000, 0x00000007c0000000, 0x00000007c0000000)
  eden space 615424K, 0% used [0x0000000792300000,0x0000000792300000,0x00000007b7c00000)
  from space 68608K, 20% used [0x00000007bbd00000,0x00000007bca70270,0x00000007c0000000)
  to   space 66560K, 0% used [0x00000007b7c00000,0x00000007b7c00000,0x00000007bbd00000)
 ParOldGen       total 683008K, used 66944K [0x0000000736800000, 0x0000000760300000, 0x0000000792300000)
  object space 683008K, 9% used [0x0000000736800000,0x000000073a9603e8,0x0000000760300000)
 Metaspace       used 58351K, capacity 58934K, committed 59160K, reserved 1101824K
  class space    used 6596K, capacity 6737K, committed 6824K, reserved 1048576K
Event: 16.361 GC heap after
Heap after GC invocations=9 (full 3):
 PSYoungGen      total 684032K, used 0K [0x0000000792300000, 0x00000007c0000000, 0x00000007c0000000)
  eden space 615424K, 0% used [0x0000000792300000,0x0000000792300000,0x00000007b7c00000)
  from space 68608K, 0% used [0x00000007bbd00000,0x00000007bbd00000,0x00000007c0000000)
  to   space 66560K, 0% used [0x00000007b7c00000,0x00000007b7c00000,0x00000007bbd00000)
 ParOldGen       total 683008K, used 78882K [0x0000000736800000, 0x0000000760300000, 0x0000000792300000)
  object space 683008K, 11% used [0x0000000736800000,0x000000073b508938,0x0000000760300000)
 Metaspace       used 58351K, capacity 58934K, committed 59160K, reserved 1101824K
  class space    used 6596K, capacity 6737K, committed 6824K, reserved 1048576K
}
Event: 24.292 GC heap before
{Heap before GC invocations=10 (full 3):
 PSYoungGen      total 684032K, used 615424K [0x0000000792300000, 0x00000007c0000000, 0x00000007c0000000)
  eden space 615424K, 100% used [0x0000000792300000,0x00000007b7c00000,0x00000007b7c00000)
  from space 68608K, 0% used [0x00000007bbd00000,0x00000007bbd00000,0x00000007c0000000)
  to   space 66560K, 0% used [0x00000007b7c00000,0x00000007b7c00000,0x00000007bbd00000)
 ParOldGen       total 683008K, used 78882K [0x0000000736800000, 0x0000000760300000, 0x0000000792300000)
  object space 683008K, 11% used [0x0000000736800000,0x000000073b508938,0x0000000760300000)
 Metaspace       used 87693K, capacity 89512K, committed 89768K, reserved 1128448K
  class space    used 9987K, capacity 10348K, committed 10408K, reserved 1048576K
Event: 24.311 GC heap after
Heap after GC invocations=10 (full 3):
 PSYoungGen      total 648704K, used 33198K [0x0000000792300000, 0x00000007bf900000, 0x00000007c0000000)
  eden space 615424K, 0% used [0x0000000792300000,0x0000000792300000,0x00000007b7c00000)
  from space 33280K, 99% used [0x00000007b7c00000,0x00000007b9c6bba0,0x00000007b9c80000)
  to   space 64000K, 0% used [0x00000007bba80000,0x00000007bba80000,0x00000007bf900000)
 ParOldGen       total 683008K, used 78890K [0x0000000736800000, 0x0000000760300000, 0x0000000792300000)
  object space 683008K, 11% used [0x0000000736800000,0x000000073b50a938,0x0000000760300000)
 Metaspace       used 87693K, capacity 89512K, committed 89768K, reserved 1128448K
  class space    used 9987K, capacity 10348K, committed 10408K, reserved 1048576K
}
Event: 26.445 GC heap before
{Heap before GC invocations=11 (full 3):
 PSYoungGen      total 648704K, used 648622K [0x0000000792300000, 0x00000007bf900000, 0x00000007c0000000)
  eden space 615424K, 100% used [0x0000000792300000,0x00000007b7c00000,0x00000007b7c00000)
  from space 33280K, 99% used [0x00000007b7c00000,0x00000007b9c6bba0,0x00000007b9c80000)
  to   space 64000K, 0% used [0x00000007bba80000,0x00000007bba80000,0x00000007bf900000)
 ParOldGen       total 683008K, used 78890K [0x0000000736800000, 0x0000000760300000, 0x0000000792300000)
  object space 683008K, 11% used [0x0000000736800000,0x000000073b50a938,0x0000000760300000)
 Metaspace       used 90919K, capacity 94102K, committed 94248K, reserved 1132544K
  class space    used 10388K, capacity 11037K, committed 11048K, reserved 1048576K
Event: 26.464 GC heap after
Heap after GC invocations=11 (full 3):
 PSYoungGen      total 667136K, used 60005K [0x0000000792300000, 0x00000007c0000000, 0x00000007c0000000)
  eden space 603136K, 0% used [0x0000000792300000,0x0000000792300000,0x00000007b7000000)
  from space 64000K, 93% used [0x00000007bba80000,0x00000007bf5195c8,0x00000007bf900000)
  to   space 73728K, 0% used [0x00000007b7000000,0x00000007b7000000,0x00000007bb800000)
 ParOldGen       total 683008K, used 78898K [0x0000000736800000, 0x0000000760300000, 0x0000000792300000)
  object space 683008K, 11% used [0x0000000736800000,0x000000073b50c938,0x0000000760300000)
 Metaspace       used 90919K, capacity 94102K, committed 94248K, reserved 1132544K
  class space    used 10388K, capacity 11037K, committed 11048K, reserved 1048576K
}
Event: 27.541 GC heap before
{Heap before GC invocations=12 (full 3):
 PSYoungGen      total 667136K, used 663141K [0x0000000792300000, 0x00000007c0000000, 0x00000007c0000000)
  eden space 603136K, 100% used [0x0000000792300000,0x00000007b7000000,0x00000007b7000000)
  from space 64000K, 93% used [0x00000007bba80000,0x00000007bf5195c8,0x00000007bf900000)
  to   space 73728K, 0% used [0x00000007b7000000,0x00000007b7000000,0x00000007bb800000)
 ParOldGen       total 683008K, used 78898K [0x0000000736800000, 0x0000000760300000, 0x0000000792300000)
  object space 683008K, 11% used [0x0000000736800000,0x000000073b50c938,0x0000000760300000)
 Metaspace       used 92254K, capacity 95964K, committed 96168K, reserved 1134592K
  class space    used 10556K, capacity 11324K, committed 11432K, reserved 1048576K
Event: 27.576 GC heap after
Heap after GC invocations=12 (full 3):
 PSYoungGen      total 669696K, used 66173K [0x0000000792300000, 0x00000007c0000000, 0x00000007c0000000)
  eden space 603136K, 0% used [0x0000000792300000,0x0000000792300000,0x00000007b7000000)
  from space 66560K, 99% used [0x00000007b7000000,0x00000007bb09f6e0,0x00000007bb100000)
  to   space 80896K, 0% used [0x00000007bb100000,0x00000007bb100000,0x00000007c0000000)
 ParOldGen       total 683008K, used 78906K [0x0000000736800000, 0x0000000760300000, 0x0000000792300000)
  object space 683008K, 11% used [0x0000000736800000,0x000000073b50e938,0x0000000760300000)
 Metaspace       used 92254K, capacity 95964K, committed 96168K, reserved 1134592K
  class space    used 10556K, capacity 11324K, committed 11432K, reserved 1048576K
}

