# JRE version: Java(TM) SE Runtime Environment (8.0_271-b09) (build 1.8.0_271-b09)
# Java VM: Java HotSpot(TM) 64-Bit Server VM (25.271-b09 mixed mode bsd-amd64 compressed oops)
Heap:
 PSYoungGen      total 681984K, used 43670K [0x0000000792300000, 0x00000007c0000000, 0x00000007c0000000)
  eden space 618496K, 2% used [0x0000000792300000,0x0000000793040490,0x00000007b7f00000)
  from space 63488K, 47% used [0x00000007bba00000,0x00000007bd765638,0x00000007bf800000)
  to   space 60416K, 0% used [0x00000007b7f00000,0x00000007b7f00000,0x00000007bba00000)
 ParOldGen       total 683008K, used 78953K [0x0000000736800000, 0x0000000760300000, 0x0000000792300000)
  object space 683008K, 11% used [0x0000000736800000,0x000000073b51a568,0x0000000760300000)
 Metaspace       used 88687K, capacity 90668K, committed 90920K, reserved 1130496K
  class space    used 10092K, capacity 10522K, committed 10536K, reserved 1048576K
GC Heap History (10 events):
Event: 13.669 GC heap before
{Heap before GC invocations=7 (full 2):
 PSYoungGen      total 708096K, used 665600K [0x0000000792300000, 0x00000007c0000000, 0x00000007c0000000)
  eden space 665600K, 100% used [0x0000000792300000,0x00000007bad00000,0x00000007bad00000)
  from space 42496K, 0% used [0x00000007bd680000,0x00000007bd680000,0x00000007c0000000)
  to   space 42496K, 0% used [0x00000007bad00000,0x00000007bad00000,0x00000007bd680000)
 ParOldGen       total 683008K, used 66946K [0x0000000736800000, 0x0000000760300000, 0x0000000792300000)
  object space 683008K, 9% used [0x0000000736800000,0x000000073a960a30,0x0000000760300000)
 Metaspace       used 47639K, capacity 48050K, committed 48552K, reserved 1091584K
  class space    used 5554K, capacity 5683K, committed 5800K, reserved 1048576K
Event: 13.677 GC heap after
Heap after GC invocations=7 (full 2):
 PSYoungGen      total 681472K, used 15654K [0x0000000792300000, 0x00000007c0000000, 0x00000007c0000000)
  eden space 665600K, 0% used [0x0000000792300000,0x0000000792300000,0x00000007bad00000)
  from space 15872K, 98% used [0x00000007bad00000,0x00000007bbc49ad0,0x00000007bbc80000)
  to   space 68608K, 0% used [0x00000007bbd00000,0x00000007bbd00000,0x00000007c0000000)
 ParOldGen       total 683008K, used 66954K [0x0000000736800000, 0x0000000760300000, 0x0000000792300000)
  object space 683008K, 9% used [0x0000000736800000,0x000000073a962a30,0x0000000760300000)
 Metaspace       used 47639K, capacity 48050K, committed 48552K, reserved 1091584K
  class space    used 5554K, capacity 5683K, committed 5800K, reserved 1048576K
}
Event: 16.194 GC heap before
{Heap before GC invocations=8 (full 2):
 PSYoungGen      total 681472K, used 248897K [0x0000000792300000, 0x00000007c0000000, 0x00000007c0000000)
  eden space 665600K, 35% used [0x0000000792300000,0x00000007a06c6b88,0x00000007bad00000)
  from space 15872K, 98% used [0x00000007bad00000,0x00000007bbc49ad0,0x00000007bbc80000)
  to   space 68608K, 0% used [0x00000007bbd00000,0x00000007bbd00000,0x00000007c0000000)
 ParOldGen       total 683008K, used 66954K [0x0000000736800000, 0x0000000760300000, 0x0000000792300000)
  object space 683008K, 9% used [0x0000000736800000,0x000000073a962a30,0x0000000760300000)
 Metaspace       used 58348K, capacity 58934K, committed 59160K, reserved 1101824K
  class space    used 6598K, capacity 6737K, committed 6824K, reserved 1048576K
Event: 16.201 GC heap after
Heap after GC invocations=8 (full 2):
 PSYoungGen      total 684032K, used 13740K [0x0000000792300000, 0x00000007c0000000, 0x00000007c0000000)
  eden space 615424K, 0% used [0x0000000792300000,0x0000000792300000,0x00000007b7c00000)
  from space 68608K, 20% used [0x00000007bbd00000,0x00000007bca6b0e0,0x00000007c0000000)
  to   space 66560K, 0% used [0x00000007b7c00000,0x00000007b7c00000,0x00000007bbd00000)
 ParOldGen       total 683008K, used 66962K [0x0000000736800000, 0x0000000760300000, 0x0000000792300000)
  object space 683008K, 9% used [0x0000000736800000,0x000000073a964a30,0x0000000760300000)
 Metaspace       used 58348K, capacity 58934K, committed 59160K, reserved 1101824K
  class space    used 6598K, capacity 6737K, committed 6824K, reserved 1048576K
}
Event: 16.201 GC heap before
{Heap before GC invocations=9 (full 3):
 PSYoungGen      total 684032K, used 13740K [0x0000000792300000, 0x00000007c0000000, 0x00000007c0000000)
  eden space 615424K, 0% used [0x0000000792300000,0x0000000792300000,0x00000007b7c00000)
  from space 68608K, 20% used [0x00000007bbd00000,0x00000007bca6b0e0,0x00000007c0000000)
  to   space 66560K, 0% used [0x00000007b7c00000,0x00000007b7c00000,0x00000007bbd00000)
 ParOldGen       total 683008K, used 66962K [0x0000000736800000, 0x0000000760300000, 0x0000000792300000)
  object space 683008K, 9% used [0x0000000736800000,0x000000073a964a30,0x0000000760300000)
 Metaspace       used 58348K, capacity 58934K, committed 59160K, reserved 1101824K
  class space    used 6598K, capacity 6737K, committed 6824K, reserved 1048576K
Event: 16.279 GC heap after
Heap after GC invocations=9 (full 3):
 PSYoungGen      total 684032K, used 0K [0x0000000792300000, 0x00000007c0000000, 0x00000007c0000000)
  eden space 615424K, 0% used [0x0000000792300000,0x0000000792300000,0x00000007b7c00000)
  from space 68608K, 0% used [0x00000007bbd00000,0x00000007bbd00000,0x00000007c0000000)
  to   space 66560K, 0% used [0x00000007b7c00000,0x00000007b7c00000,0x00000007bbd00000)
 ParOldGen       total 683008K, used 78937K [0x0000000736800000, 0x0000000760300000, 0x0000000792300000)
  object space 683008K, 11% used [0x0000000736800000,0x000000073b516568,0x0000000760300000)
 Metaspace       used 58348K, capacity 58934K, committed 59160K, reserved 1101824K
  class space    used 6598K, capacity 6737K, committed 6824K, reserved 1048576K
}
Event: 23.422 GC heap before
{Heap before GC invocations=10 (full 3):
 PSYoungGen      total 684032K, used 615424K [0x0000000792300000, 0x00000007c0000000, 0x00000007c0000000)
  eden space 615424K, 100% used [0x0000000792300000,0x00000007b7c00000,0x00000007b7c00000)
  from space 68608K, 0% used [0x00000007bbd00000,0x00000007bbd00000,0x00000007c0000000)
  to   space 66560K, 0% used [0x00000007b7c00000,0x00000007b7c00000,0x00000007bbd00000)
 ParOldGen       total 683008K, used 78937K [0x0000000736800000, 0x0000000760300000, 0x0000000792300000)
  object space 683008K, 11% used [0x0000000736800000,0x000000073b516568,0x0000000760300000)
 Metaspace       used 87791K, capacity 89658K, committed 89768K, reserved 1128448K
  class space    used 10007K, capacity 10373K, committed 10408K, reserved 1048576K
Event: 23.442 GC heap after
Heap after GC invocations=10 (full 3):
 PSYoungGen      total 648192K, used 32453K [0x0000000792300000, 0x00000007bf800000, 0x00000007c0000000)
  eden space 615424K, 0% used [0x0000000792300000,0x0000000792300000,0x00000007b7c00000)
  from space 32768K, 99% used [0x00000007b7c00000,0x00000007b9bb1640,0x00000007b9c00000)
  to   space 63488K, 0% used [0x00000007bba00000,0x00000007bba00000,0x00000007bf800000)
 ParOldGen       total 683008K, used 78945K [0x0000000736800000, 0x0000000760300000, 0x0000000792300000)
  object space 683008K, 11% used [0x0000000736800000,0x000000073b518568,0x0000000760300000)
 Metaspace       used 87791K, capacity 89658K, committed 89768K, reserved 1128448K
  class space    used 10007K, capacity 10373K, committed 10408K, reserved 1048576K
}
Event: 24.960 GC heap before
{Heap before GC invocations=11 (full 3):
 PSYoungGen      total 648192K, used 647877K [0x0000000792300000, 0x00000007bf800000, 0x00000007c0000000)
  eden space 615424K, 100% used [0x0000000792300000,0x00000007b7c00000,0x00000007b7c00000)
  from space 32768K, 99% used [0x00000007b7c00000,0x00000007b9bb1640,0x00000007b9c00000)
  to   space 63488K, 0% used [0x00000007bba00000,0x00000007bba00000,0x00000007bf800000)
 ParOldGen       total 683008K, used 78945K [0x0000000736800000, 0x0000000760300000, 0x0000000792300000)
  object space 683008K, 11% used [0x0000000736800000,0x000000073b518568,0x0000000760300000)
 Metaspace       used 88653K, capacity 90604K, committed 90664K, reserved 1130496K
  class space    used 10092K, capacity 10522K, committed 10536K, reserved 1048576K
Event: 24.978 GC heap after
Heap after GC invocations=11 (full 3):
 PSYoungGen      total 681984K, used 30101K [0x0000000792300000, 0x00000007c0000000, 0x00000007c0000000)
  eden space 618496K, 0% used [0x0000000792300000,0x0000000792300000,0x00000007b7f00000)
  from space 63488K, 47% used [0x00000007bba00000,0x00000007bd765638,0x00000007bf800000)
  to   space 60416K, 0% used [0x00000007b7f00000,0x00000007b7f00000,0x00000007bba00000)
 ParOldGen       total 683008K, used 78953K [0x0000000736800000, 0x0000000760300000, 0x0000000792300000)
  object space 683008K, 11% used [0x0000000736800000,0x000000073b51a568,0x0000000760300000)
 Metaspace       used 88653K, capacity 90604K, committed 90664K, reserved 1130496K
  class space    used 10092K, capacity 10522K, committed 10536K, reserved 1048576K
}

